[ 2017-03-15T23:41:34+08:00 ] 114.242.249.82 /
INFO: [ app_init ] --START--
INFO: Run Behavior\BuildLiteBehavior [ RunTime:0.000000s ]
INFO: [ app_init ] --END-- [ RunTime:0.000000s ]
INFO: [ app_begin ] --START--
INFO: Run Behavior\ReadHtmlCacheBehavior [ RunTime:0.015625s ]
INFO: [ app_begin ] --END-- [ RunTime:0.015625s ]
SQL: SHOW COLUMNS FROM `dd_config` [ RunTime:0.0000s ]
SQL: SELECT * FROM `dd_config`  [ RunTime:0.0000s ]
SQL: SHOW COLUMNS FROM `dd_land` [ RunTime:0.0000s ]
SQL: SELECT dd_land.id land_id,dd_user_plant.* FROM `dd_land` INNER JOIN dd_user_plant on dd_land.plant_id = dd_user_plant.id  WHERE dd_land.plant_id > 0 AND dd_user_plant.life_time < 1489592494  [ RunTime:0.0000s ]
NOTIC: [8] Undefined index: mid C:\web\Application\Home\Controller\HomeController.class.php 第 24 行.

[ 2017-03-15T23:41:36+08:00 ] 114.242.249.82 /?code=031ZnfDO0zse482HxnEO03nuDO0ZnfDC&state=dragondean
INFO: [ app_init ] --START--
INFO: Run Behavior\BuildLiteBehavior [ RunTime:0.000000s ]
INFO: [ app_init ] --END-- [ RunTime:0.000000s ]
INFO: [ app_begin ] --START--
INFO: Run Behavior\ReadHtmlCacheBehavior [ RunTime:0.000000s ]
INFO: [ app_begin ] --END-- [ RunTime:0.000000s ]
SQL: SHOW COLUMNS FROM `dd_config` [ RunTime:0.0000s ]
SQL: SELECT * FROM `dd_config`  [ RunTime:0.0000s ]
SQL: SHOW COLUMNS FROM `dd_land` [ RunTime:0.0000s ]
SQL: SELECT dd_land.id land_id,dd_user_plant.* FROM `dd_land` INNER JOIN dd_user_plant on dd_land.plant_id = dd_user_plant.id  WHERE dd_land.plant_id > 0 AND dd_user_plant.life_time < 1489592496  [ RunTime:0.0000s ]
NOTIC: [8] Undefined index: mid C:\web\Application\Home\Controller\HomeController.class.php 第 24 行.
NOTIC: [2] file_get_contents(): Unable to find the wrapper &quot;https&quot; - did you forget to enable it when you configured PHP? C:\web\Application\Home\Controller\HomeController.class.php 第 82 行.
NOTIC: [2] file_get_contents(https://api.weixin.qq.com/sns/oauth2/access_token?appid=wx72ee3222840825ff&amp;secret=33890aac3f4b11c2d11e3a8e887e53b0&amp;code=031ZnfDO0zse482HxnEO03nuDO0ZnfDC&amp;grant_type=authorization_code): failed to open stream: Result too large C:\web\Application\Home\Controller\HomeController.class.php 第 82 行.
INFO: [ view_parse ] --START--
INFO: [ template_filter ] --START--
INFO: Run Behavior\ContentReplaceBehavior [ RunTime:0.000000s ]
INFO: [ template_filter ] --END-- [ RunTime:0.000000s ]
INFO: Run Behavior\ParseTemplateBehavior [ RunTime:0.015625s ]
INFO: [ view_parse ] --END-- [ RunTime:0.015625s ]
INFO: [ view_filter ] --START--
INFO: Run Behavior\WriteHtmlCacheBehavior [ RunTime:0.000000s ]
INFO: [ view_filter ] --END-- [ RunTime:0.000000s ]

[ 2017-03-15T23:44:40+08:00 ] 223.68.46.174 /
INFO: [ app_init ] --START--
INFO: Run Behavior\BuildLiteBehavior [ RunTime:0.000000s ]
INFO: [ app_init ] --END-- [ RunTime:0.000000s ]
INFO: [ app_begin ] --START--
INFO: Run Behavior\ReadHtmlCacheBehavior [ RunTime:0.000000s ]
INFO: [ app_begin ] --END-- [ RunTime:0.000000s ]
SQL: SHOW COLUMNS FROM `dd_config` [ RunTime:0.0000s ]
SQL: SELECT * FROM `dd_config`  [ RunTime:0.0000s ]
SQL: SHOW COLUMNS FROM `dd_land` [ RunTime:0.0000s ]
SQL: SELECT dd_land.id land_id,dd_user_plant.* FROM `dd_land` INNER JOIN dd_user_plant on dd_land.plant_id = dd_user_plant.id  WHERE dd_land.plant_id > 0 AND dd_user_plant.life_time < 1489592680  [ RunTime:0.0000s ]
NOTIC: [8] Undefined index: mid C:\web\Application\Home\Controller\HomeController.class.php 第 24 行.

[ 2017-03-15T23:44:43+08:00 ] 223.68.46.174 /?code=011ffc1C0cTHbe2RBl0C0s5p1C0ffc10&state=dragondean
INFO: [ app_init ] --START--
INFO: Run Behavior\BuildLiteBehavior [ RunTime:0.000000s ]
INFO: [ app_init ] --END-- [ RunTime:0.000000s ]
INFO: [ app_begin ] --START--
INFO: Run Behavior\ReadHtmlCacheBehavior [ RunTime:0.000000s ]
INFO: [ app_begin ] --END-- [ RunTime:0.000000s ]
SQL: SHOW COLUMNS FROM `dd_config` [ RunTime:0.0000s ]
SQL: SELECT * FROM `dd_config`  [ RunTime:0.0000s ]
SQL: SHOW COLUMNS FROM `dd_land` [ RunTime:0.0000s ]
SQL: SELECT dd_land.id land_id,dd_user_plant.* FROM `dd_land` INNER JOIN dd_user_plant on dd_land.plant_id = dd_user_plant.id  WHERE dd_land.plant_id > 0 AND dd_user_plant.life_time < 1489592683  [ RunTime:0.0000s ]
NOTIC: [8] Undefined index: mid C:\web\Application\Home\Controller\HomeController.class.php 第 24 行.
NOTIC: [2] file_get_contents(): Unable to find the wrapper &quot;https&quot; - did you forget to enable it when you configured PHP? C:\web\Application\Home\Controller\HomeController.class.php 第 82 行.
NOTIC: [2] file_get_contents(https://api.weixin.qq.com/sns/oauth2/access_token?appid=wx72ee3222840825ff&amp;secret=33890aac3f4b11c2d11e3a8e887e53b0&amp;code=011ffc1C0cTHbe2RBl0C0s5p1C0ffc10&amp;grant_type=authorization_code): failed to open stream: Result too large C:\web\Application\Home\Controller\HomeController.class.php 第 82 行.
INFO: [ view_parse ] --START--
INFO: [ template_filter ] --START--
INFO: Run Behavior\ContentReplaceBehavior [ RunTime:0.000000s ]
INFO: [ template_filter ] --END-- [ RunTime:0.000000s ]
INFO: Run Behavior\ParseTemplateBehavior [ RunTime:0.015625s ]
INFO: [ view_parse ] --END-- [ RunTime:0.015625s ]
INFO: [ view_filter ] --START--
INFO: Run Behavior\WriteHtmlCacheBehavior [ RunTime:0.000000s ]
INFO: [ view_filter ] --END-- [ RunTime:0.000000s ]

[ 2017-03-15T23:48:04+08:00 ] 114.242.249.82 /
INFO: [ app_init ] --START--
INFO: Run Behavior\BuildLiteBehavior [ RunTime:0.000000s ]
INFO: [ app_init ] --END-- [ RunTime:0.000000s ]
INFO: [ app_begin ] --START--
INFO: Run Behavior\ReadHtmlCacheBehavior [ RunTime:0.000000s ]
INFO: [ app_begin ] --END-- [ RunTime:0.000000s ]
SQL: SHOW COLUMNS FROM `dd_config` [ RunTime:0.0000s ]
SQL: SELECT * FROM `dd_config`  [ RunTime:0.0000s ]
SQL: SHOW COLUMNS FROM `dd_land` [ RunTime:0.0000s ]
SQL: SELECT dd_land.id land_id,dd_user_plant.* FROM `dd_land` INNER JOIN dd_user_plant on dd_land.plant_id = dd_user_plant.id  WHERE dd_land.plant_id > 0 AND dd_user_plant.life_time < 1489592883  [ RunTime:0.0000s ]
NOTIC: [8] Undefined index: mid C:\web\Application\Home\Controller\HomeController.class.php 第 24 行.

