[ 2017-05-20T13:55:10+08:00 ] 127.0.0.1 /index.php
INFO: [ app_init ] --START--
INFO: Run Behavior\BuildLiteBehavior [ RunTime:0.000045s ]
INFO: [ app_init ] --END-- [ RunTime:0.014875s ]
INFO: [ app_begin ] --START--
INFO: Run Behavior\ReadHtmlCacheBehavior [ RunTime:0.021101s ]
INFO: [ app_begin ] --END-- [ RunTime:0.021326s ]
SQL: SHOW COLUMNS FROM `dd_config` [ RunTime:0.0563s ]
SQL: SELECT * FROM `dd_config`  [ RunTime:0.0006s ]
SQL: SHOW COLUMNS FROM `dd_land` [ RunTime:0.0238s ]
SQL: SELECT dd_land.id land_id,dd_user_plant.* FROM `dd_land` INNER JOIN dd_user_plant on dd_land.plant_id = dd_user_plant.id  WHERE dd_land.plant_id > 0 AND dd_user_plant.life_time < 1495259709  [ RunTime:0.0241s ]
NOTIC: [8] Undefined index: mid D:\UPUPW_NP5.5\vhosts\touzi.com\Application\Home\Controller\HomeController.class.php 第 24 行.

[ 2017-05-20T13:55:12+08:00 ] 127.0.0.1 /index.php?m=&c=Public&a=login
INFO: [ app_init ] --START--
INFO: Run Behavior\BuildLiteBehavior [ RunTime:0.000029s ]
INFO: [ app_init ] --END-- [ RunTime:0.001175s ]
INFO: [ app_begin ] --START--
INFO: Run Behavior\ReadHtmlCacheBehavior [ RunTime:0.002689s ]
INFO: [ app_begin ] --END-- [ RunTime:0.002830s ]
SQL: SHOW COLUMNS FROM `dd_config` [ RunTime:0.0052s ]
SQL: SELECT * FROM `dd_config`  [ RunTime:0.0003s ]
SQL: SHOW COLUMNS FROM `dd_land` [ RunTime:0.0060s ]
SQL: SELECT dd_land.id land_id,dd_user_plant.* FROM `dd_land` INNER JOIN dd_user_plant on dd_land.plant_id = dd_user_plant.id  WHERE dd_land.plant_id > 0 AND dd_user_plant.life_time < 1495259710  [ RunTime:0.0004s ]
NOTIC: [8] Undefined index: mid D:\UPUPW_NP5.5\vhosts\touzi.com\Application\Home\Controller\HomeController.class.php 第 24 行.
NOTIC: [2] Missing argument 2 for Common\Util\ddwechat::setParam(), called in D:\UPUPW_NP5.5\vhosts\touzi.com\Application\Home\Controller\HomeController.class.php on line 185 and defined D:\UPUPW_NP5.5\vhosts\touzi.com\Application\Common\Util\ddwechat.class.php 第 115 行.
NOTIC: [2] curl_setopt(): CURLOPT_FOLLOWLOCATION cannot be activated when an open_basedir is set D:\UPUPW_NP5.5\vhosts\touzi.com\Application\Common\Util\ddhttp.class.php 第 63 行.
NOTIC: [2] curl_setopt(): CURLOPT_FOLLOWLOCATION cannot be activated when an open_basedir is set D:\UPUPW_NP5.5\vhosts\touzi.com\Application\Common\Util\ddhttp.class.php 第 63 行.
INFO: [ view_parse ] --START--
INFO: [ template_filter ] --START--
INFO: Run Behavior\ContentReplaceBehavior [ RunTime:0.000094s ]
INFO: [ template_filter ] --END-- [ RunTime:0.000252s ]
NOTIC: [8] Undefined variable: param D:\UPUPW_NP5.5\vhosts\touzi.com\Application\Runtime\Cache\Home\ddaf032eeb3f0e441c9409c65fc90ee1.php 第 230 行.
NOTIC: [8] Undefined variable: param D:\UPUPW_NP5.5\vhosts\touzi.com\Application\Runtime\Cache\Home\ddaf032eeb3f0e441c9409c65fc90ee1.php 第 233 行.
NOTIC: [8] Undefined variable: param D:\UPUPW_NP5.5\vhosts\touzi.com\Application\Runtime\Cache\Home\ddaf032eeb3f0e441c9409c65fc90ee1.php 第 236 行.
NOTIC: [8] Undefined variable: param D:\UPUPW_NP5.5\vhosts\touzi.com\Application\Runtime\Cache\Home\ddaf032eeb3f0e441c9409c65fc90ee1.php 第 239 行.
NOTIC: [8] Undefined variable: param D:\UPUPW_NP5.5\vhosts\touzi.com\Application\Runtime\Cache\Home\ddaf032eeb3f0e441c9409c65fc90ee1.php 第 245 行.
INFO: Run Behavior\ParseTemplateBehavior [ RunTime:0.215519s ]
INFO: [ view_parse ] --END-- [ RunTime:0.215708s ]
INFO: [ view_filter ] --START--
INFO: Run Behavior\WriteHtmlCacheBehavior [ RunTime:0.021016s ]
INFO: [ view_filter ] --END-- [ RunTime:0.021286s ]
INFO: [ app_end ] --START--
INFO: Run Behavior\ShowPageTraceBehavior [ RunTime:0.012001s ]
INFO: [ app_end ] --END-- [ RunTime:0.012211s ]

[ 2017-05-20T13:55:40+08:00 ] 127.0.0.1 /index.php?m=&c=Public&a=login
INFO: [ app_init ] --START--
INFO: Run Behavior\BuildLiteBehavior [ RunTime:0.000045s ]
INFO: [ app_init ] --END-- [ RunTime:0.001738s ]
INFO: [ app_begin ] --START--
INFO: Run Behavior\ReadHtmlCacheBehavior [ RunTime:0.003692s ]
INFO: [ app_begin ] --END-- [ RunTime:0.003882s ]
SQL: SHOW COLUMNS FROM `dd_config` [ RunTime:0.0111s ]
SQL: SELECT * FROM `dd_config`  [ RunTime:0.0003s ]
SQL: SHOW COLUMNS FROM `dd_land` [ RunTime:0.0096s ]
SQL: SELECT dd_land.id land_id,dd_user_plant.* FROM `dd_land` INNER JOIN dd_user_plant on dd_land.plant_id = dd_user_plant.id  WHERE dd_land.plant_id > 0 AND dd_user_plant.life_time < 1495259739  [ RunTime:0.0004s ]
NOTIC: [8] Undefined index: mid D:\UPUPW_NP5.5\vhosts\touzi.com\Application\Home\Controller\HomeController.class.php 第 24 行.
NOTIC: [2] Missing argument 2 for Common\Util\ddwechat::setParam(), called in D:\UPUPW_NP5.5\vhosts\touzi.com\Application\Home\Controller\HomeController.class.php on line 185 and defined D:\UPUPW_NP5.5\vhosts\touzi.com\Application\Common\Util\ddwechat.class.php 第 115 行.
NOTIC: [2] curl_setopt(): CURLOPT_FOLLOWLOCATION cannot be activated when an open_basedir is set D:\UPUPW_NP5.5\vhosts\touzi.com\Application\Common\Util\ddhttp.class.php 第 63 行.
NOTIC: [2] curl_setopt(): CURLOPT_FOLLOWLOCATION cannot be activated when an open_basedir is set D:\UPUPW_NP5.5\vhosts\touzi.com\Application\Common\Util\ddhttp.class.php 第 63 行.
SQL: SHOW COLUMNS FROM `dd_user` [ RunTime:0.0273s ]
SQL: SELECT * FROM `dd_user` WHERE `login_name` = '18359602838' AND `login_pass` = '40967e54ba282fa9d2e6d3dc28769abd' LIMIT 1   [ RunTime:0.0004s ]

[ 2017-05-20T13:56:23+08:00 ] 127.0.0.1 /index.php?m=&c=Public&a=login
INFO: [ app_init ] --START--
INFO: Run Behavior\BuildLiteBehavior [ RunTime:0.000050s ]
INFO: [ app_init ] --END-- [ RunTime:0.002232s ]
INFO: [ app_begin ] --START--
INFO: Run Behavior\ReadHtmlCacheBehavior [ RunTime:0.004190s ]
INFO: [ app_begin ] --END-- [ RunTime:0.004335s ]
SQL: SHOW COLUMNS FROM `dd_config` [ RunTime:0.0122s ]
SQL: SELECT * FROM `dd_config`  [ RunTime:0.0004s ]
SQL: SHOW COLUMNS FROM `dd_land` [ RunTime:0.0088s ]
SQL: SELECT dd_land.id land_id,dd_user_plant.* FROM `dd_land` INNER JOIN dd_user_plant on dd_land.plant_id = dd_user_plant.id  WHERE dd_land.plant_id > 0 AND dd_user_plant.life_time < 1495259782  [ RunTime:0.0005s ]
NOTIC: [8] Undefined index: mid D:\UPUPW_NP5.5\vhosts\touzi.com\Application\Home\Controller\HomeController.class.php 第 24 行.
NOTIC: [2] Missing argument 2 for Common\Util\ddwechat::setParam(), called in D:\UPUPW_NP5.5\vhosts\touzi.com\Application\Home\Controller\HomeController.class.php on line 185 and defined D:\UPUPW_NP5.5\vhosts\touzi.com\Application\Common\Util\ddwechat.class.php 第 115 行.
NOTIC: [2] curl_setopt(): CURLOPT_FOLLOWLOCATION cannot be activated when an open_basedir is set D:\UPUPW_NP5.5\vhosts\touzi.com\Application\Common\Util\ddhttp.class.php 第 63 行.
NOTIC: [2] curl_setopt(): CURLOPT_FOLLOWLOCATION cannot be activated when an open_basedir is set D:\UPUPW_NP5.5\vhosts\touzi.com\Application\Common\Util\ddhttp.class.php 第 63 行.
SQL: SHOW COLUMNS FROM `dd_user` [ RunTime:0.0118s ]
SQL: SELECT * FROM `dd_user` WHERE `login_name` = '18359602838' AND `login_pass` = '40967e54ba282fa9d2e6d3dc28769abd' LIMIT 1   [ RunTime:0.0004s ]

[ 2017-05-20T13:56:32+08:00 ] 127.0.0.1 /index.php?m=&c=Public&a=login
INFO: [ app_init ] --START--
INFO: Run Behavior\BuildLiteBehavior [ RunTime:0.000046s ]
INFO: [ app_init ] --END-- [ RunTime:0.001711s ]
INFO: [ app_begin ] --START--
INFO: Run Behavior\ReadHtmlCacheBehavior [ RunTime:0.004008s ]
INFO: [ app_begin ] --END-- [ RunTime:0.004397s ]
SQL: SHOW COLUMNS FROM `dd_config` [ RunTime:0.0137s ]
SQL: SELECT * FROM `dd_config`  [ RunTime:0.0004s ]
SQL: SHOW COLUMNS FROM `dd_land` [ RunTime:0.0098s ]
SQL: SELECT dd_land.id land_id,dd_user_plant.* FROM `dd_land` INNER JOIN dd_user_plant on dd_land.plant_id = dd_user_plant.id  WHERE dd_land.plant_id > 0 AND dd_user_plant.life_time < 1495259791  [ RunTime:0.0005s ]
NOTIC: [8] Undefined index: mid D:\UPUPW_NP5.5\vhosts\touzi.com\Application\Home\Controller\HomeController.class.php 第 24 行.
NOTIC: [2] Missing argument 2 for Common\Util\ddwechat::setParam(), called in D:\UPUPW_NP5.5\vhosts\touzi.com\Application\Home\Controller\HomeController.class.php on line 185 and defined D:\UPUPW_NP5.5\vhosts\touzi.com\Application\Common\Util\ddwechat.class.php 第 115 行.
NOTIC: [2] curl_setopt(): CURLOPT_FOLLOWLOCATION cannot be activated when an open_basedir is set D:\UPUPW_NP5.5\vhosts\touzi.com\Application\Common\Util\ddhttp.class.php 第 63 行.
NOTIC: [2] curl_setopt(): CURLOPT_FOLLOWLOCATION cannot be activated when an open_basedir is set D:\UPUPW_NP5.5\vhosts\touzi.com\Application\Common\Util\ddhttp.class.php 第 63 行.
SQL: SHOW COLUMNS FROM `dd_user` [ RunTime:0.0128s ]
SQL: SELECT * FROM `dd_user` WHERE `login_name` = '18359602838' AND `login_pass` = '15f5ea14430b43bc42f276150a640c57' LIMIT 1   [ RunTime:0.0005s ]

