[ 2017-11-27T21:51:59+08:00 ] 127.0.0.1 /
INFO: [ app_init ] --START--
INFO: Run Behavior\BuildLiteBehavior [ RunTime:0.000032s ]
INFO: [ app_init ] --END-- [ RunTime:0.001048s ]
INFO: [ app_begin ] --START--
INFO: Run Behavior\ReadHtmlCacheBehavior [ RunTime:0.001557s ]
INFO: [ app_begin ] --END-- [ RunTime:0.001678s ]
ERR: SQLSTATE[HY000] [1049] Unknown database 'shaizi'

[ 2017-11-27T21:53:26+08:00 ] 127.0.0.1 /
INFO: [ app_init ] --START--
INFO: Run Behavior\BuildLiteBehavior [ RunTime:0.000029s ]
INFO: [ app_init ] --END-- [ RunTime:0.000903s ]
INFO: [ app_begin ] --START--
INFO: Run Behavior\ReadHtmlCacheBehavior [ RunTime:0.001870s ]
INFO: [ app_begin ] --END-- [ RunTime:0.002013s ]
ERR: SQLSTATE[HY000] [1049] Unknown database 'shaizi'

[ 2017-11-27T21:55:11+08:00 ] 127.0.0.1 /
INFO: [ app_init ] --START--
INFO: Run Behavior\BuildLiteBehavior [ RunTime:0.000027s ]
INFO: [ app_init ] --END-- [ RunTime:0.000744s ]
INFO: [ app_begin ] --START--
INFO: Run Behavior\ReadHtmlCacheBehavior [ RunTime:0.001292s ]
INFO: [ app_begin ] --END-- [ RunTime:0.001430s ]
ERR: SQLSTATE[HY000] [1049] Unknown database 'shaizi'

[ 2017-11-27T21:55:12+08:00 ] 127.0.0.1 /
INFO: [ app_init ] --START--
INFO: Run Behavior\BuildLiteBehavior [ RunTime:0.000027s ]
INFO: [ app_init ] --END-- [ RunTime:0.000710s ]
INFO: [ app_begin ] --START--
INFO: Run Behavior\ReadHtmlCacheBehavior [ RunTime:0.001298s ]
INFO: [ app_begin ] --END-- [ RunTime:0.001424s ]
ERR: SQLSTATE[HY000] [1049] Unknown database 'shaizi'

[ 2017-11-27T21:55:13+08:00 ] 127.0.0.1 /
INFO: [ app_init ] --START--
INFO: Run Behavior\BuildLiteBehavior [ RunTime:0.000029s ]
INFO: [ app_init ] --END-- [ RunTime:0.000695s ]
INFO: [ app_begin ] --START--
INFO: Run Behavior\ReadHtmlCacheBehavior [ RunTime:0.001099s ]
INFO: [ app_begin ] --END-- [ RunTime:0.001219s ]
ERR: SQLSTATE[HY000] [1049] Unknown database 'shaizi'

[ 2017-11-27T21:55:13+08:00 ] 127.0.0.1 /
INFO: [ app_init ] --START--
INFO: Run Behavior\BuildLiteBehavior [ RunTime:0.000044s ]
INFO: [ app_init ] --END-- [ RunTime:0.001096s ]
INFO: [ app_begin ] --START--
INFO: Run Behavior\ReadHtmlCacheBehavior [ RunTime:0.001863s ]
INFO: [ app_begin ] --END-- [ RunTime:0.002054s ]
ERR: SQLSTATE[HY000] [1049] Unknown database 'shaizi'

[ 2017-11-27T22:27:26+08:00 ] 127.0.0.1 /
INFO: [ app_init ] --START--
INFO: Run Behavior\BuildLiteBehavior [ RunTime:0.000029s ]
INFO: [ app_init ] --END-- [ RunTime:0.000884s ]
INFO: [ app_begin ] --START--
INFO: Run Behavior\ReadHtmlCacheBehavior [ RunTime:0.001833s ]
INFO: [ app_begin ] --END-- [ RunTime:0.001962s ]
SQL: SHOW COLUMNS FROM `dd_config` [ RunTime:0.0237s ]
SQL: SELECT * FROM `dd_config`  [ RunTime:0.0008s ]
SQL: SHOW COLUMNS FROM `dd_land` [ RunTime:0.0254s ]
SQL: SELECT dd_land.id land_id,dd_user_plant.* FROM `dd_land` INNER JOIN dd_user_plant on dd_land.plant_id = dd_user_plant.id  WHERE dd_land.plant_id > 0 AND dd_user_plant.life_time < 1511792846  [ RunTime:0.0014s ]
NOTIC: [8] Undefined index: mid D:\xampp\htdocs\shaizi.htewl.com\Application\Home\Controller\HomeController.class.php 第 24 行.

[ 2017-11-27T22:27:26+08:00 ] 127.0.0.1 /index.php?m=&c=Public&a=login
INFO: [ app_init ] --START--
INFO: Run Behavior\BuildLiteBehavior [ RunTime:0.000032s ]
INFO: [ app_init ] --END-- [ RunTime:0.000901s ]
INFO: [ app_begin ] --START--
INFO: Run Behavior\ReadHtmlCacheBehavior [ RunTime:0.001809s ]
INFO: [ app_begin ] --END-- [ RunTime:0.001953s ]
SQL: SHOW COLUMNS FROM `dd_config` [ RunTime:0.0387s ]
SQL: SELECT * FROM `dd_config`  [ RunTime:0.0012s ]
SQL: SHOW COLUMNS FROM `dd_land` [ RunTime:0.0394s ]
SQL: SELECT dd_land.id land_id,dd_user_plant.* FROM `dd_land` INNER JOIN dd_user_plant on dd_land.plant_id = dd_user_plant.id  WHERE dd_land.plant_id > 0 AND dd_user_plant.life_time < 1511792846  [ RunTime:0.0018s ]
NOTIC: [8] Undefined index: mid D:\xampp\htdocs\shaizi.htewl.com\Application\Home\Controller\HomeController.class.php 第 24 行.
NOTIC: [2] Missing argument 2 for Common\Util\ddwechat::setParam(), called in D:\xampp\htdocs\shaizi.htewl.com\Application\Home\Controller\HomeController.class.php on line 185 and defined D:\xampp\htdocs\shaizi.htewl.com\Application\Common\Util\ddwechat.class.php 第 115 行.
INFO: [ view_parse ] --START--
INFO: [ template_filter ] --START--
INFO: Run Behavior\ContentReplaceBehavior [ RunTime:0.000185s ]
INFO: [ template_filter ] --END-- [ RunTime:0.000357s ]
NOTIC: [8] Undefined variable: param D:\xampp\htdocs\shaizi.htewl.com\Application\Runtime\Cache\Home\ddaf032eeb3f0e441c9409c65fc90ee1.php 第 230 行.
NOTIC: [8] Undefined variable: param D:\xampp\htdocs\shaizi.htewl.com\Application\Runtime\Cache\Home\ddaf032eeb3f0e441c9409c65fc90ee1.php 第 233 行.
NOTIC: [8] Undefined variable: param D:\xampp\htdocs\shaizi.htewl.com\Application\Runtime\Cache\Home\ddaf032eeb3f0e441c9409c65fc90ee1.php 第 236 行.
NOTIC: [8] Undefined variable: param D:\xampp\htdocs\shaizi.htewl.com\Application\Runtime\Cache\Home\ddaf032eeb3f0e441c9409c65fc90ee1.php 第 239 行.
NOTIC: [8] Undefined variable: param D:\xampp\htdocs\shaizi.htewl.com\Application\Runtime\Cache\Home\ddaf032eeb3f0e441c9409c65fc90ee1.php 第 245 行.
INFO: Run Behavior\ParseTemplateBehavior [ RunTime:0.083590s ]
INFO: [ view_parse ] --END-- [ RunTime:0.083759s ]
INFO: [ view_filter ] --START--
INFO: Run Behavior\WriteHtmlCacheBehavior [ RunTime:0.002481s ]
INFO: [ view_filter ] --END-- [ RunTime:0.002623s ]
INFO: [ app_end ] --START--
INFO: Run Behavior\ShowPageTraceBehavior [ RunTime:0.002879s ]
INFO: [ app_end ] --END-- [ RunTime:0.003043s ]

[ 2017-11-27T22:29:21+08:00 ] 127.0.0.1 /index.php?m=&c=Public&a=login
INFO: [ app_init ] --START--
INFO: Run Behavior\BuildLiteBehavior [ RunTime:0.000042s ]
INFO: [ app_init ] --END-- [ RunTime:0.001392s ]
INFO: [ app_begin ] --START--
INFO: Run Behavior\ReadHtmlCacheBehavior [ RunTime:0.001809s ]
INFO: [ app_begin ] --END-- [ RunTime:0.002021s ]
SQL: SHOW COLUMNS FROM `dd_config` [ RunTime:0.0239s ]
SQL: SELECT * FROM `dd_config`  [ RunTime:0.0006s ]
SQL: SHOW COLUMNS FROM `dd_land` [ RunTime:0.0254s ]
SQL: SELECT dd_land.id land_id,dd_user_plant.* FROM `dd_land` INNER JOIN dd_user_plant on dd_land.plant_id = dd_user_plant.id  WHERE dd_land.plant_id > 0 AND dd_user_plant.life_time < 1511792960  [ RunTime:0.0010s ]
NOTIC: [8] Undefined index: mid D:\xampp\htdocs\shaizi.htewl.com\Application\Home\Controller\HomeController.class.php 第 24 行.
NOTIC: [2] Missing argument 2 for Common\Util\ddwechat::setParam(), called in D:\xampp\htdocs\shaizi.htewl.com\Application\Home\Controller\HomeController.class.php on line 185 and defined D:\xampp\htdocs\shaizi.htewl.com\Application\Common\Util\ddwechat.class.php 第 115 行.
SQL: SHOW COLUMNS FROM `dd_user` [ RunTime:0.0363s ]
SQL: SELECT * FROM `dd_user` WHERE `login_name` = '18005151538' AND `login_pass` = '729e4e3073024d2db927f104828d4ac1' LIMIT 1   [ RunTime:0.0020s ]

[ 2017-11-27T22:29:22+08:00 ] 127.0.0.1 /index.php?m=&c=Index&a=index
INFO: [ app_init ] --START--
INFO: Run Behavior\BuildLiteBehavior [ RunTime:0.000040s ]
INFO: [ app_init ] --END-- [ RunTime:0.001259s ]
INFO: [ app_begin ] --START--
INFO: Run Behavior\ReadHtmlCacheBehavior [ RunTime:0.002945s ]
INFO: [ app_begin ] --END-- [ RunTime:0.003201s ]
SQL: SHOW COLUMNS FROM `dd_config` [ RunTime:0.0342s ]
SQL: SELECT * FROM `dd_config`  [ RunTime:0.0012s ]
SQL: SHOW COLUMNS FROM `dd_land` [ RunTime:0.0409s ]
SQL: SELECT dd_land.id land_id,dd_user_plant.* FROM `dd_land` INNER JOIN dd_user_plant on dd_land.plant_id = dd_user_plant.id  WHERE dd_land.plant_id > 0 AND dd_user_plant.life_time < 1511792962  [ RunTime:0.0016s ]
NOTIC: [8] Undefined index: mid D:\xampp\htdocs\shaizi.htewl.com\Application\Home\Controller\HomeController.class.php 第 24 行.
SQL: SHOW COLUMNS FROM `dd_user` [ RunTime:0.0401s ]
SQL: SELECT * FROM `dd_user` WHERE `id` = 61 LIMIT 1   [ RunTime:0.0015s ]
NOTIC: [2] Missing argument 2 for Common\Util\ddwechat::setParam(), called in D:\xampp\htdocs\shaizi.htewl.com\Application\Home\Controller\HomeController.class.php on line 185 and defined D:\xampp\htdocs\shaizi.htewl.com\Application\Common\Util\ddwechat.class.php 第 115 行.
SQL: SHOW COLUMNS FROM `dd_plant` [ RunTime:0.0349s ]
SQL: SELECT * FROM `dd_plant`  [ RunTime:0.0011s ]
SQL: SHOW COLUMNS FROM `dd_kailog` [ RunTime:0.0346s ]
SQL: SELECT * FROM `dd_kailog` WHERE `status` = 1 AND `endtime` < 1511792958  [ RunTime:0.0017s ]
NOTIC: [8] Undefined index: kid16 D:\xampp\htdocs\shaizi.htewl.com\Application\Home\Controller\IndexController.class.php 第 58 行.
SQL: UPDATE `dd_kailog` SET `status`='2',`isid`='1' WHERE `id` = 263 [ RunTime:0.0011s ]
SQL: SHOW COLUMNS FROM `dd_buylog` [ RunTime:0.0343s ]
SQL: SELECT * FROM `dd_buylog` WHERE `kid` = 263 AND `status` = 1  [ RunTime:0.0012s ]
SQL: SELECT * FROM `dd_kailog` WHERE `status` = 1 ORDER BY id desc LIMIT 1   [ RunTime:0.0011s ]
SQL: SELECT * FROM `dd_kailog` WHERE `status` = 2 ORDER BY id desc LIMIT 1   [ RunTime:0.0011s ]
SQL: INSERT INTO `dd_kailog` (`starttime`,`endtime`,`status`) VALUES ('1511792962','1511793022','1') [ RunTime:0.0010s ]
SQL: SELECT * FROM `dd_kailog` WHERE `status` = 1 ORDER BY id desc LIMIT 1   [ RunTime:0.0012s ]
SQL: SELECT * FROM `dd_buylog` WHERE `uid` = 61 AND `kid` = 264 LIMIT 1   [ RunTime:0.0010s ]
INFO: [ view_parse ] --START--
INFO: [ template_filter ] --START--
INFO: Run Behavior\ContentReplaceBehavior [ RunTime:0.000448s ]
INFO: [ template_filter ] --END-- [ RunTime:0.000613s ]
NOTIC: [8] Undefined variable: param D:\xampp\htdocs\shaizi.htewl.com\Application\Runtime\Cache\Home\2a94b8bda04ff446dcedd42276fc99ee.php 第 425 行.
NOTIC: [8] Undefined variable: param D:\xampp\htdocs\shaizi.htewl.com\Application\Runtime\Cache\Home\2a94b8bda04ff446dcedd42276fc99ee.php 第 428 行.
NOTIC: [8] Undefined variable: param D:\xampp\htdocs\shaizi.htewl.com\Application\Runtime\Cache\Home\2a94b8bda04ff446dcedd42276fc99ee.php 第 431 行.
NOTIC: [8] Undefined variable: param D:\xampp\htdocs\shaizi.htewl.com\Application\Runtime\Cache\Home\2a94b8bda04ff446dcedd42276fc99ee.php 第 434 行.
NOTIC: [8] Undefined variable: param D:\xampp\htdocs\shaizi.htewl.com\Application\Runtime\Cache\Home\2a94b8bda04ff446dcedd42276fc99ee.php 第 440 行.
INFO: Run Behavior\ParseTemplateBehavior [ RunTime:0.055768s ]
INFO: [ view_parse ] --END-- [ RunTime:0.056000s ]
INFO: [ view_filter ] --START--
INFO: Run Behavior\WriteHtmlCacheBehavior [ RunTime:0.002381s ]
INFO: [ view_filter ] --END-- [ RunTime:0.002530s ]
INFO: [ app_end ] --START--
INFO: Run Behavior\ShowPageTraceBehavior [ RunTime:0.003582s ]
INFO: [ app_end ] --END-- [ RunTime:0.003807s ]

[ 2017-11-27T22:29:23+08:00 ] 127.0.0.1 /index.php?m=&c=Index&a=index
INFO: [ app_init ] --START--
INFO: Run Behavior\BuildLiteBehavior [ RunTime:0.000040s ]
INFO: [ app_init ] --END-- [ RunTime:0.001157s ]
INFO: [ app_begin ] --START--
INFO: Run Behavior\ReadHtmlCacheBehavior [ RunTime:0.001503s ]
INFO: [ app_begin ] --END-- [ RunTime:0.001645s ]
SQL: SHOW COLUMNS FROM `dd_config` [ RunTime:0.0478s ]
SQL: SELECT * FROM `dd_config`  [ RunTime:0.0007s ]
SQL: SHOW COLUMNS FROM `dd_land` [ RunTime:0.0257s ]
SQL: SELECT dd_land.id land_id,dd_user_plant.* FROM `dd_land` INNER JOIN dd_user_plant on dd_land.plant_id = dd_user_plant.id  WHERE dd_land.plant_id > 0 AND dd_user_plant.life_time < 1511792963  [ RunTime:0.0010s ]
NOTIC: [8] Undefined index: mid D:\xampp\htdocs\shaizi.htewl.com\Application\Home\Controller\HomeController.class.php 第 24 行.
SQL: SHOW COLUMNS FROM `dd_user` [ RunTime:0.0234s ]
SQL: SELECT * FROM `dd_user` WHERE `id` = 61 LIMIT 1   [ RunTime:0.0008s ]
NOTIC: [2] Missing argument 2 for Common\Util\ddwechat::setParam(), called in D:\xampp\htdocs\shaizi.htewl.com\Application\Home\Controller\HomeController.class.php on line 185 and defined D:\xampp\htdocs\shaizi.htewl.com\Application\Common\Util\ddwechat.class.php 第 115 行.
SQL: SHOW COLUMNS FROM `dd_plant` [ RunTime:0.0336s ]
SQL: SELECT * FROM `dd_plant`  [ RunTime:0.0011s ]
SQL: SHOW COLUMNS FROM `dd_kailog` [ RunTime:0.0335s ]
SQL: SELECT * FROM `dd_kailog` WHERE `status` = 1 AND `endtime` < 1511792959  [ RunTime:0.0012s ]
SQL: SELECT * FROM `dd_kailog` WHERE `status` = 1 ORDER BY id desc LIMIT 1   [ RunTime:0.0011s ]
SQL: SELECT * FROM `dd_kailog` WHERE `status` = 2 ORDER BY id desc LIMIT 1   [ RunTime:0.0013s ]
SQL: SHOW COLUMNS FROM `dd_buylog` [ RunTime:0.0354s ]
SQL: SELECT * FROM `dd_buylog` WHERE `uid` = 61 AND `kid` = 264 LIMIT 1   [ RunTime:0.0011s ]
INFO: [ view_parse ] --START--
INFO: [ template_filter ] --START--
INFO: Run Behavior\ContentReplaceBehavior [ RunTime:0.000475s ]
INFO: [ template_filter ] --END-- [ RunTime:0.000667s ]
NOTIC: [8] Undefined variable: param D:\xampp\htdocs\shaizi.htewl.com\Application\Runtime\Cache\Home\2a94b8bda04ff446dcedd42276fc99ee.php 第 425 行.
NOTIC: [8] Undefined variable: param D:\xampp\htdocs\shaizi.htewl.com\Application\Runtime\Cache\Home\2a94b8bda04ff446dcedd42276fc99ee.php 第 428 行.
NOTIC: [8] Undefined variable: param D:\xampp\htdocs\shaizi.htewl.com\Application\Runtime\Cache\Home\2a94b8bda04ff446dcedd42276fc99ee.php 第 431 行.
NOTIC: [8] Undefined variable: param D:\xampp\htdocs\shaizi.htewl.com\Application\Runtime\Cache\Home\2a94b8bda04ff446dcedd42276fc99ee.php 第 434 行.
NOTIC: [8] Undefined variable: param D:\xampp\htdocs\shaizi.htewl.com\Application\Runtime\Cache\Home\2a94b8bda04ff446dcedd42276fc99ee.php 第 440 行.
INFO: Run Behavior\ParseTemplateBehavior [ RunTime:0.046362s ]
INFO: [ view_parse ] --END-- [ RunTime:0.046552s ]
INFO: [ view_filter ] --START--
INFO: Run Behavior\WriteHtmlCacheBehavior [ RunTime:0.001878s ]
INFO: [ view_filter ] --END-- [ RunTime:0.002023s ]
INFO: [ app_end ] --START--
INFO: Run Behavior\ShowPageTraceBehavior [ RunTime:0.003510s ]
INFO: [ app_end ] --END-- [ RunTime:0.003752s ]

[ 2017-11-27T22:29:32+08:00 ] 127.0.0.1 /index.php?m=&c=Index&a=index
INFO: [ app_init ] --START--
INFO: Run Behavior\BuildLiteBehavior [ RunTime:0.000030s ]
INFO: [ app_init ] --END-- [ RunTime:0.000916s ]
INFO: [ app_begin ] --START--
INFO: Run Behavior\ReadHtmlCacheBehavior [ RunTime:0.001617s ]
INFO: [ app_begin ] --END-- [ RunTime:0.001758s ]
SQL: SHOW COLUMNS FROM `dd_config` [ RunTime:0.0238s ]
SQL: SELECT * FROM `dd_config`  [ RunTime:0.0008s ]
SQL: SHOW COLUMNS FROM `dd_land` [ RunTime:0.0233s ]
SQL: SELECT dd_land.id land_id,dd_user_plant.* FROM `dd_land` INNER JOIN dd_user_plant on dd_land.plant_id = dd_user_plant.id  WHERE dd_land.plant_id > 0 AND dd_user_plant.life_time < 1511792972  [ RunTime:0.0011s ]
NOTIC: [8] Undefined index: mid D:\xampp\htdocs\shaizi.htewl.com\Application\Home\Controller\HomeController.class.php 第 24 行.
SQL: SHOW COLUMNS FROM `dd_user` [ RunTime:0.0258s ]
SQL: SELECT * FROM `dd_user` WHERE `id` = 61 LIMIT 1   [ RunTime:0.0009s ]
NOTIC: [2] Missing argument 2 for Common\Util\ddwechat::setParam(), called in D:\xampp\htdocs\shaizi.htewl.com\Application\Home\Controller\HomeController.class.php on line 185 and defined D:\xampp\htdocs\shaizi.htewl.com\Application\Common\Util\ddwechat.class.php 第 115 行.
SQL: SHOW COLUMNS FROM `dd_plant` [ RunTime:0.0242s ]
SQL: SELECT * FROM `dd_plant`  [ RunTime:0.0007s ]
SQL: SHOW COLUMNS FROM `dd_kailog` [ RunTime:0.0234s ]
SQL: SELECT * FROM `dd_kailog` WHERE `status` = 1 AND `endtime` < 1511792968  [ RunTime:0.0008s ]
SQL: SELECT * FROM `dd_kailog` WHERE `status` = 1 ORDER BY id desc LIMIT 1   [ RunTime:0.0008s ]
SQL: SELECT * FROM `dd_kailog` WHERE `status` = 2 ORDER BY id desc LIMIT 1   [ RunTime:0.0007s ]
SQL: SHOW COLUMNS FROM `dd_buylog` [ RunTime:0.0226s ]
SQL: SELECT * FROM `dd_buylog` WHERE `uid` = 61 AND `kid` = 264 LIMIT 1   [ RunTime:0.0008s ]
INFO: [ view_parse ] --START--
INFO: [ template_filter ] --START--
INFO: Run Behavior\ContentReplaceBehavior [ RunTime:0.000281s ]
INFO: [ template_filter ] --END-- [ RunTime:0.000392s ]
NOTIC: [8] Undefined variable: param D:\xampp\htdocs\shaizi.htewl.com\Application\Runtime\Cache\Home\2a94b8bda04ff446dcedd42276fc99ee.php 第 425 行.
NOTIC: [8] Undefined variable: param D:\xampp\htdocs\shaizi.htewl.com\Application\Runtime\Cache\Home\2a94b8bda04ff446dcedd42276fc99ee.php 第 428 行.
NOTIC: [8] Undefined variable: param D:\xampp\htdocs\shaizi.htewl.com\Application\Runtime\Cache\Home\2a94b8bda04ff446dcedd42276fc99ee.php 第 431 行.
NOTIC: [8] Undefined variable: param D:\xampp\htdocs\shaizi.htewl.com\Application\Runtime\Cache\Home\2a94b8bda04ff446dcedd42276fc99ee.php 第 434 行.
NOTIC: [8] Undefined variable: param D:\xampp\htdocs\shaizi.htewl.com\Application\Runtime\Cache\Home\2a94b8bda04ff446dcedd42276fc99ee.php 第 440 行.
INFO: Run Behavior\ParseTemplateBehavior [ RunTime:0.030758s ]
INFO: [ view_parse ] --END-- [ RunTime:0.030872s ]
INFO: [ view_filter ] --START--
INFO: Run Behavior\WriteHtmlCacheBehavior [ RunTime:0.001192s ]
INFO: [ view_filter ] --END-- [ RunTime:0.001292s ]
INFO: [ app_end ] --START--
INFO: Run Behavior\ShowPageTraceBehavior [ RunTime:0.002200s ]
INFO: [ app_end ] --END-- [ RunTime:0.002342s ]

[ 2017-11-27T22:29:33+08:00 ] 127.0.0.1 /index.php?m=&c=Index&a=index
INFO: [ app_init ] --START--
INFO: Run Behavior\BuildLiteBehavior [ RunTime:0.000043s ]
INFO: [ app_init ] --END-- [ RunTime:0.001219s ]
INFO: [ app_begin ] --START--
INFO: Run Behavior\ReadHtmlCacheBehavior [ RunTime:0.006810s ]
INFO: [ app_begin ] --END-- [ RunTime:0.007039s ]
SQL: SHOW COLUMNS FROM `dd_config` [ RunTime:0.0329s ]
SQL: SELECT * FROM `dd_config`  [ RunTime:0.0014s ]
SQL: SHOW COLUMNS FROM `dd_land` [ RunTime:0.0567s ]
SQL: SELECT dd_land.id land_id,dd_user_plant.* FROM `dd_land` INNER JOIN dd_user_plant on dd_land.plant_id = dd_user_plant.id  WHERE dd_land.plant_id > 0 AND dd_user_plant.life_time < 1511792973  [ RunTime:0.0013s ]
NOTIC: [8] Undefined index: mid D:\xampp\htdocs\shaizi.htewl.com\Application\Home\Controller\HomeController.class.php 第 24 行.
SQL: SHOW COLUMNS FROM `dd_user` [ RunTime:0.0544s ]
SQL: SELECT * FROM `dd_user` WHERE `id` = 61 LIMIT 1   [ RunTime:0.0016s ]
NOTIC: [2] Missing argument 2 for Common\Util\ddwechat::setParam(), called in D:\xampp\htdocs\shaizi.htewl.com\Application\Home\Controller\HomeController.class.php on line 185 and defined D:\xampp\htdocs\shaizi.htewl.com\Application\Common\Util\ddwechat.class.php 第 115 行.
SQL: SHOW COLUMNS FROM `dd_plant` [ RunTime:0.0531s ]
SQL: SELECT * FROM `dd_plant`  [ RunTime:0.0015s ]
SQL: SHOW COLUMNS FROM `dd_kailog` [ RunTime:0.0335s ]
SQL: SELECT * FROM `dd_kailog` WHERE `status` = 1 AND `endtime` < 1511792969  [ RunTime:0.0012s ]
SQL: SELECT * FROM `dd_kailog` WHERE `status` = 1 ORDER BY id desc LIMIT 1   [ RunTime:0.0009s ]
SQL: SELECT * FROM `dd_kailog` WHERE `status` = 2 ORDER BY id desc LIMIT 1   [ RunTime:0.0010s ]
SQL: SHOW COLUMNS FROM `dd_buylog` [ RunTime:0.0359s ]
SQL: SELECT * FROM `dd_buylog` WHERE `uid` = 61 AND `kid` = 264 LIMIT 1   [ RunTime:0.0007s ]
INFO: [ view_parse ] --START--
INFO: [ template_filter ] --START--
INFO: Run Behavior\ContentReplaceBehavior [ RunTime:0.000479s ]
INFO: [ template_filter ] --END-- [ RunTime:0.000668s ]
NOTIC: [8] Undefined variable: param D:\xampp\htdocs\shaizi.htewl.com\Application\Runtime\Cache\Home\2a94b8bda04ff446dcedd42276fc99ee.php 第 425 行.
NOTIC: [8] Undefined variable: param D:\xampp\htdocs\shaizi.htewl.com\Application\Runtime\Cache\Home\2a94b8bda04ff446dcedd42276fc99ee.php 第 428 行.
NOTIC: [8] Undefined variable: param D:\xampp\htdocs\shaizi.htewl.com\Application\Runtime\Cache\Home\2a94b8bda04ff446dcedd42276fc99ee.php 第 431 行.
NOTIC: [8] Undefined variable: param D:\xampp\htdocs\shaizi.htewl.com\Application\Runtime\Cache\Home\2a94b8bda04ff446dcedd42276fc99ee.php 第 434 行.
NOTIC: [8] Undefined variable: param D:\xampp\htdocs\shaizi.htewl.com\Application\Runtime\Cache\Home\2a94b8bda04ff446dcedd42276fc99ee.php 第 440 行.
INFO: Run Behavior\ParseTemplateBehavior [ RunTime:0.042849s ]
INFO: [ view_parse ] --END-- [ RunTime:0.043004s ]
INFO: [ view_filter ] --START--
INFO: Run Behavior\WriteHtmlCacheBehavior [ RunTime:0.001766s ]
INFO: [ view_filter ] --END-- [ RunTime:0.001932s ]
INFO: [ app_end ] --START--
INFO: Run Behavior\ShowPageTraceBehavior [ RunTime:0.002579s ]
INFO: [ app_end ] --END-- [ RunTime:0.002784s ]

[ 2017-11-27T22:29:41+08:00 ] 127.0.0.1 /index.php?m=&c=Index&a=cai
INFO: [ app_init ] --START--
INFO: Run Behavior\BuildLiteBehavior [ RunTime:0.000031s ]
INFO: [ app_init ] --END-- [ RunTime:0.000892s ]
INFO: [ app_begin ] --START--
INFO: Run Behavior\ReadHtmlCacheBehavior [ RunTime:0.002077s ]
INFO: [ app_begin ] --END-- [ RunTime:0.002237s ]
SQL: SHOW COLUMNS FROM `dd_config` [ RunTime:0.0248s ]
SQL: SELECT * FROM `dd_config`  [ RunTime:0.0009s ]
SQL: SHOW COLUMNS FROM `dd_land` [ RunTime:0.0267s ]
SQL: SELECT dd_land.id land_id,dd_user_plant.* FROM `dd_land` INNER JOIN dd_user_plant on dd_land.plant_id = dd_user_plant.id  WHERE dd_land.plant_id > 0 AND dd_user_plant.life_time < 1511792980  [ RunTime:0.0011s ]
NOTIC: [8] Undefined index: mid D:\xampp\htdocs\shaizi.htewl.com\Application\Home\Controller\HomeController.class.php 第 24 行.
SQL: SHOW COLUMNS FROM `dd_user` [ RunTime:0.0247s ]
SQL: SELECT * FROM `dd_user` WHERE `id` = 61 LIMIT 1   [ RunTime:0.0008s ]
NOTIC: [2] Missing argument 2 for Common\Util\ddwechat::setParam(), called in D:\xampp\htdocs\shaizi.htewl.com\Application\Home\Controller\HomeController.class.php on line 185 and defined D:\xampp\htdocs\shaizi.htewl.com\Application\Common\Util\ddwechat.class.php 第 115 行.
SQL: SHOW COLUMNS FROM `dd_kailog` [ RunTime:0.0360s ]
SQL: SELECT * FROM `dd_kailog` WHERE `status` = 1 ORDER BY id desc LIMIT 1   [ RunTime:0.0013s ]
SQL: SHOW COLUMNS FROM `dd_buylog` [ RunTime:0.0365s ]
SQL: INSERT INTO `dd_buylog` (`uid`,`money`,`buyid`,`type`,`kid`,`starttime`,`status`,`endtime`) VALUES ('61','20','8','1','264','1511792981','1','1511793022') [ RunTime:0.0011s ]
SQL: UPDATE `dd_kailog` SET `xiao`='20',`allmoney`='20' WHERE `id` = 264 [ RunTime:0.0011s ]
SQL: UPDATE `dd_user` SET `money`='333120' WHERE `id` = 61 [ RunTime:0.0013s ]
NOTIC: [8] Undefined variable: user_info D:\xampp\htdocs\shaizi.htewl.com\Application\Home\Controller\IndexController.class.php 第 451 行.
NOTIC: [8] Undefined variable: type D:\xampp\htdocs\shaizi.htewl.com\Application\Home\Controller\IndexController.class.php 第 451 行.

[ 2017-11-27T22:29:44+08:00 ] 127.0.0.1 /
INFO: [ app_init ] --START--
INFO: Run Behavior\BuildLiteBehavior [ RunTime:0.000034s ]
INFO: [ app_init ] --END-- [ RunTime:0.000998s ]
INFO: [ app_begin ] --START--
INFO: Run Behavior\ReadHtmlCacheBehavior [ RunTime:0.003611s ]
INFO: [ app_begin ] --END-- [ RunTime:0.003826s ]
SQL: SHOW COLUMNS FROM `dd_config` [ RunTime:0.0230s ]
SQL: SELECT * FROM `dd_config`  [ RunTime:0.0008s ]
SQL: SHOW COLUMNS FROM `dd_land` [ RunTime:0.0250s ]
SQL: SELECT dd_land.id land_id,dd_user_plant.* FROM `dd_land` INNER JOIN dd_user_plant on dd_land.plant_id = dd_user_plant.id  WHERE dd_land.plant_id > 0 AND dd_user_plant.life_time < 1511792983  [ RunTime:0.0009s ]
NOTIC: [8] Undefined index: mid D:\xampp\htdocs\shaizi.htewl.com\Application\Home\Controller\HomeController.class.php 第 24 行.
SQL: SHOW COLUMNS FROM `dd_user` [ RunTime:0.0284s ]
SQL: SELECT * FROM `dd_user` WHERE `id` = 61 LIMIT 1   [ RunTime:0.0009s ]
NOTIC: [2] Missing argument 2 for Common\Util\ddwechat::setParam(), called in D:\xampp\htdocs\shaizi.htewl.com\Application\Home\Controller\HomeController.class.php on line 185 and defined D:\xampp\htdocs\shaizi.htewl.com\Application\Common\Util\ddwechat.class.php 第 115 行.
SQL: SHOW COLUMNS FROM `dd_plant` [ RunTime:0.0286s ]
SQL: SELECT * FROM `dd_plant`  [ RunTime:0.0009s ]
SQL: SHOW COLUMNS FROM `dd_kailog` [ RunTime:0.0397s ]
SQL: SELECT * FROM `dd_kailog` WHERE `status` = 1 AND `endtime` < 1511792980  [ RunTime:0.0012s ]
SQL: SELECT * FROM `dd_kailog` WHERE `status` = 1 ORDER BY id desc LIMIT 1   [ RunTime:0.0011s ]
SQL: SELECT * FROM `dd_kailog` WHERE `status` = 2 ORDER BY id desc LIMIT 1   [ RunTime:0.0011s ]
SQL: SHOW COLUMNS FROM `dd_buylog` [ RunTime:0.0332s ]
SQL: SELECT * FROM `dd_buylog` WHERE `uid` = 61 AND `kid` = 264 LIMIT 1   [ RunTime:0.0012s ]
INFO: [ view_parse ] --START--
INFO: [ template_filter ] --START--
INFO: Run Behavior\ContentReplaceBehavior [ RunTime:0.000483s ]
INFO: [ template_filter ] --END-- [ RunTime:0.000672s ]
NOTIC: [8] Undefined variable: param D:\xampp\htdocs\shaizi.htewl.com\Application\Runtime\Cache\Home\2a94b8bda04ff446dcedd42276fc99ee.php 第 425 行.
NOTIC: [8] Undefined variable: param D:\xampp\htdocs\shaizi.htewl.com\Application\Runtime\Cache\Home\2a94b8bda04ff446dcedd42276fc99ee.php 第 428 行.
NOTIC: [8] Undefined variable: param D:\xampp\htdocs\shaizi.htewl.com\Application\Runtime\Cache\Home\2a94b8bda04ff446dcedd42276fc99ee.php 第 431 行.
NOTIC: [8] Undefined variable: param D:\xampp\htdocs\shaizi.htewl.com\Application\Runtime\Cache\Home\2a94b8bda04ff446dcedd42276fc99ee.php 第 434 行.
NOTIC: [8] Undefined variable: param D:\xampp\htdocs\shaizi.htewl.com\Application\Runtime\Cache\Home\2a94b8bda04ff446dcedd42276fc99ee.php 第 440 行.
INFO: Run Behavior\ParseTemplateBehavior [ RunTime:0.047168s ]
INFO: [ view_parse ] --END-- [ RunTime:0.047341s ]
INFO: [ view_filter ] --START--
INFO: Run Behavior\WriteHtmlCacheBehavior [ RunTime:0.002261s ]
INFO: [ view_filter ] --END-- [ RunTime:0.002405s ]
INFO: [ app_end ] --START--
INFO: Run Behavior\ShowPageTraceBehavior [ RunTime:0.005755s ]
INFO: [ app_end ] --END-- [ RunTime:0.006002s ]

[ 2017-11-27T22:29:45+08:00 ] 127.0.0.1 /
INFO: [ app_init ] --START--
INFO: Run Behavior\BuildLiteBehavior [ RunTime:0.000041s ]
INFO: [ app_init ] --END-- [ RunTime:0.001199s ]
INFO: [ app_begin ] --START--
INFO: Run Behavior\ReadHtmlCacheBehavior [ RunTime:0.006564s ]
INFO: [ app_begin ] --END-- [ RunTime:0.006776s ]
SQL: SHOW COLUMNS FROM `dd_config` [ RunTime:0.0332s ]
SQL: SELECT * FROM `dd_config`  [ RunTime:0.0008s ]
SQL: SHOW COLUMNS FROM `dd_land` [ RunTime:0.0273s ]
SQL: SELECT dd_land.id land_id,dd_user_plant.* FROM `dd_land` INNER JOIN dd_user_plant on dd_land.plant_id = dd_user_plant.id  WHERE dd_land.plant_id > 0 AND dd_user_plant.life_time < 1511792984  [ RunTime:0.0010s ]
NOTIC: [8] Undefined index: mid D:\xampp\htdocs\shaizi.htewl.com\Application\Home\Controller\HomeController.class.php 第 24 行.
SQL: SHOW COLUMNS FROM `dd_user` [ RunTime:0.0468s ]
SQL: SELECT * FROM `dd_user` WHERE `id` = 61 LIMIT 1   [ RunTime:0.0011s ]
NOTIC: [2] Missing argument 2 for Common\Util\ddwechat::setParam(), called in D:\xampp\htdocs\shaizi.htewl.com\Application\Home\Controller\HomeController.class.php on line 185 and defined D:\xampp\htdocs\shaizi.htewl.com\Application\Common\Util\ddwechat.class.php 第 115 行.
SQL: SHOW COLUMNS FROM `dd_plant` [ RunTime:0.0306s ]
SQL: SELECT * FROM `dd_plant`  [ RunTime:0.0007s ]
SQL: SHOW COLUMNS FROM `dd_kailog` [ RunTime:0.0301s ]
SQL: SELECT * FROM `dd_kailog` WHERE `status` = 1 AND `endtime` < 1511792981  [ RunTime:0.0007s ]
SQL: SELECT * FROM `dd_kailog` WHERE `status` = 1 ORDER BY id desc LIMIT 1   [ RunTime:0.0007s ]
SQL: SELECT * FROM `dd_kailog` WHERE `status` = 2 ORDER BY id desc LIMIT 1   [ RunTime:0.0009s ]
SQL: SHOW COLUMNS FROM `dd_buylog` [ RunTime:0.0233s ]
SQL: SELECT * FROM `dd_buylog` WHERE `uid` = 61 AND `kid` = 264 LIMIT 1   [ RunTime:0.0008s ]
INFO: [ view_parse ] --START--
INFO: [ template_filter ] --START--
INFO: Run Behavior\ContentReplaceBehavior [ RunTime:0.000298s ]
INFO: [ template_filter ] --END-- [ RunTime:0.000413s ]
NOTIC: [8] Undefined variable: param D:\xampp\htdocs\shaizi.htewl.com\Application\Runtime\Cache\Home\2a94b8bda04ff446dcedd42276fc99ee.php 第 425 行.
NOTIC: [8] Undefined variable: param D:\xampp\htdocs\shaizi.htewl.com\Application\Runtime\Cache\Home\2a94b8bda04ff446dcedd42276fc99ee.php 第 428 行.
NOTIC: [8] Undefined variable: param D:\xampp\htdocs\shaizi.htewl.com\Application\Runtime\Cache\Home\2a94b8bda04ff446dcedd42276fc99ee.php 第 431 行.
NOTIC: [8] Undefined variable: param D:\xampp\htdocs\shaizi.htewl.com\Application\Runtime\Cache\Home\2a94b8bda04ff446dcedd42276fc99ee.php 第 434 行.
NOTIC: [8] Undefined variable: param D:\xampp\htdocs\shaizi.htewl.com\Application\Runtime\Cache\Home\2a94b8bda04ff446dcedd42276fc99ee.php 第 440 行.
INFO: Run Behavior\ParseTemplateBehavior [ RunTime:0.033001s ]
INFO: [ view_parse ] --END-- [ RunTime:0.033138s ]
INFO: [ view_filter ] --START--
INFO: Run Behavior\WriteHtmlCacheBehavior [ RunTime:0.001621s ]
INFO: [ view_filter ] --END-- [ RunTime:0.001722s ]
INFO: [ app_end ] --START--
INFO: Run Behavior\ShowPageTraceBehavior [ RunTime:0.002052s ]
INFO: [ app_end ] --END-- [ RunTime:0.002226s ]

[ 2017-11-27T22:29:55+08:00 ] 127.0.0.1 /index.php?m=&c=Index&a=usercode
INFO: [ app_init ] --START--
INFO: Run Behavior\BuildLiteBehavior [ RunTime:0.000037s ]
INFO: [ app_init ] --END-- [ RunTime:0.000815s ]
INFO: [ app_begin ] --START--
INFO: Run Behavior\ReadHtmlCacheBehavior [ RunTime:0.001527s ]
INFO: [ app_begin ] --END-- [ RunTime:0.001668s ]
SQL: SHOW COLUMNS FROM `dd_config` [ RunTime:0.0227s ]
SQL: SELECT * FROM `dd_config`  [ RunTime:0.0008s ]
SQL: SHOW COLUMNS FROM `dd_land` [ RunTime:0.0232s ]
SQL: SELECT dd_land.id land_id,dd_user_plant.* FROM `dd_land` INNER JOIN dd_user_plant on dd_land.plant_id = dd_user_plant.id  WHERE dd_land.plant_id > 0 AND dd_user_plant.life_time < 1511792995  [ RunTime:0.0011s ]
NOTIC: [8] Undefined index: mid D:\xampp\htdocs\shaizi.htewl.com\Application\Home\Controller\HomeController.class.php 第 24 行.
SQL: SHOW COLUMNS FROM `dd_user` [ RunTime:0.0240s ]
SQL: SELECT * FROM `dd_user` WHERE `id` = 61 LIMIT 1   [ RunTime:0.0009s ]
NOTIC: [2] Missing argument 2 for Common\Util\ddwechat::setParam(), called in D:\xampp\htdocs\shaizi.htewl.com\Application\Home\Controller\HomeController.class.php on line 185 and defined D:\xampp\htdocs\shaizi.htewl.com\Application\Common\Util\ddwechat.class.php 第 115 行.
INFO: [ view_parse ] --START--
INFO: [ template_filter ] --START--
INFO: Run Behavior\ContentReplaceBehavior [ RunTime:0.000121s ]
INFO: [ template_filter ] --END-- [ RunTime:0.000302s ]
INFO: Run Behavior\ParseTemplateBehavior [ RunTime:0.038143s ]
INFO: [ view_parse ] --END-- [ RunTime:0.038357s ]
INFO: [ view_filter ] --START--
INFO: Run Behavior\WriteHtmlCacheBehavior [ RunTime:0.001760s ]
INFO: [ view_filter ] --END-- [ RunTime:0.001911s ]
INFO: [ app_end ] --START--
INFO: Run Behavior\ShowPageTraceBehavior [ RunTime:0.002902s ]
INFO: [ app_end ] --END-- [ RunTime:0.003059s ]

[ 2017-11-27T22:29:58+08:00 ] 127.0.0.1 /index.php?m=&c=Index&a=ucenter
INFO: [ app_init ] --START--
INFO: Run Behavior\BuildLiteBehavior [ RunTime:0.000039s ]
INFO: [ app_init ] --END-- [ RunTime:0.001111s ]
INFO: [ app_begin ] --START--
INFO: Run Behavior\ReadHtmlCacheBehavior [ RunTime:0.001840s ]
INFO: [ app_begin ] --END-- [ RunTime:0.002018s ]
SQL: SHOW COLUMNS FROM `dd_config` [ RunTime:0.0284s ]
SQL: SELECT * FROM `dd_config`  [ RunTime:0.0007s ]
SQL: SHOW COLUMNS FROM `dd_land` [ RunTime:0.0266s ]
SQL: SELECT dd_land.id land_id,dd_user_plant.* FROM `dd_land` INNER JOIN dd_user_plant on dd_land.plant_id = dd_user_plant.id  WHERE dd_land.plant_id > 0 AND dd_user_plant.life_time < 1511792998  [ RunTime:0.0010s ]
NOTIC: [8] Undefined index: mid D:\xampp\htdocs\shaizi.htewl.com\Application\Home\Controller\HomeController.class.php 第 24 行.
SQL: SHOW COLUMNS FROM `dd_user` [ RunTime:0.0243s ]
SQL: SELECT * FROM `dd_user` WHERE `id` = 61 LIMIT 1   [ RunTime:0.0010s ]
NOTIC: [2] Missing argument 2 for Common\Util\ddwechat::setParam(), called in D:\xampp\htdocs\shaizi.htewl.com\Application\Home\Controller\HomeController.class.php on line 185 and defined D:\xampp\htdocs\shaizi.htewl.com\Application\Common\Util\ddwechat.class.php 第 115 行.
SQL: SELECT * FROM `dd_user` WHERE `id` = 58 LIMIT 1   [ RunTime:0.0009s ]
INFO: [ view_parse ] --START--
INFO: [ template_filter ] --START--
INFO: Run Behavior\ContentReplaceBehavior [ RunTime:0.000266s ]
INFO: [ template_filter ] --END-- [ RunTime:0.000410s ]
NOTIC: [8] Undefined index: fanli D:\xampp\htdocs\shaizi.htewl.com\Application\Runtime\Cache\Home\9d3ba788dbc807d82a5aae9931cea485.php 第 323 行.
NOTIC: [8] Undefined index: pickup D:\xampp\htdocs\shaizi.htewl.com\Application\Runtime\Cache\Home\9d3ba788dbc807d82a5aae9931cea485.php 第 347 行.
NOTIC: [8] Undefined index: reward_lazy D:\xampp\htdocs\shaizi.htewl.com\Application\Runtime\Cache\Home\9d3ba788dbc807d82a5aae9931cea485.php 第 359 行.
NOTIC: [8] Undefined variable: param D:\xampp\htdocs\shaizi.htewl.com\Application\Runtime\Cache\Home\9d3ba788dbc807d82a5aae9931cea485.php 第 686 行.
NOTIC: [8] Undefined variable: param D:\xampp\htdocs\shaizi.htewl.com\Application\Runtime\Cache\Home\9d3ba788dbc807d82a5aae9931cea485.php 第 689 行.
NOTIC: [8] Undefined variable: param D:\xampp\htdocs\shaizi.htewl.com\Application\Runtime\Cache\Home\9d3ba788dbc807d82a5aae9931cea485.php 第 692 行.
NOTIC: [8] Undefined variable: param D:\xampp\htdocs\shaizi.htewl.com\Application\Runtime\Cache\Home\9d3ba788dbc807d82a5aae9931cea485.php 第 695 行.
NOTIC: [8] Undefined variable: param D:\xampp\htdocs\shaizi.htewl.com\Application\Runtime\Cache\Home\9d3ba788dbc807d82a5aae9931cea485.php 第 701 行.
INFO: Run Behavior\ParseTemplateBehavior [ RunTime:0.110977s ]
INFO: [ view_parse ] --END-- [ RunTime:0.111096s ]
INFO: [ view_filter ] --START--
INFO: Run Behavior\WriteHtmlCacheBehavior [ RunTime:0.001436s ]
INFO: [ view_filter ] --END-- [ RunTime:0.001540s ]
INFO: [ app_end ] --START--
INFO: Run Behavior\ShowPageTraceBehavior [ RunTime:0.002670s ]
INFO: [ app_end ] --END-- [ RunTime:0.002851s ]

[ 2017-11-27T22:30:01+08:00 ] 127.0.0.1 /
INFO: [ app_init ] --START--
INFO: Run Behavior\BuildLiteBehavior [ RunTime:0.000029s ]
INFO: [ app_init ] --END-- [ RunTime:0.000803s ]
INFO: [ app_begin ] --START--
INFO: Run Behavior\ReadHtmlCacheBehavior [ RunTime:0.001979s ]
INFO: [ app_begin ] --END-- [ RunTime:0.002124s ]
SQL: SHOW COLUMNS FROM `dd_config` [ RunTime:0.0242s ]
SQL: SELECT * FROM `dd_config`  [ RunTime:0.0008s ]
SQL: SHOW COLUMNS FROM `dd_land` [ RunTime:0.0234s ]
SQL: SELECT dd_land.id land_id,dd_user_plant.* FROM `dd_land` INNER JOIN dd_user_plant on dd_land.plant_id = dd_user_plant.id  WHERE dd_land.plant_id > 0 AND dd_user_plant.life_time < 1511793001  [ RunTime:0.0011s ]
NOTIC: [8] Undefined index: mid D:\xampp\htdocs\shaizi.htewl.com\Application\Home\Controller\HomeController.class.php 第 24 行.
SQL: SHOW COLUMNS FROM `dd_user` [ RunTime:0.0241s ]
SQL: SELECT * FROM `dd_user` WHERE `id` = 61 LIMIT 1   [ RunTime:0.0009s ]
NOTIC: [2] Missing argument 2 for Common\Util\ddwechat::setParam(), called in D:\xampp\htdocs\shaizi.htewl.com\Application\Home\Controller\HomeController.class.php on line 185 and defined D:\xampp\htdocs\shaizi.htewl.com\Application\Common\Util\ddwechat.class.php 第 115 行.
SQL: SHOW COLUMNS FROM `dd_plant` [ RunTime:0.0344s ]
SQL: SELECT * FROM `dd_plant`  [ RunTime:0.0010s ]
SQL: SHOW COLUMNS FROM `dd_kailog` [ RunTime:0.0382s ]
SQL: SELECT * FROM `dd_kailog` WHERE `status` = 1 AND `endtime` < 1511792997  [ RunTime:0.0012s ]
SQL: SELECT * FROM `dd_kailog` WHERE `status` = 1 ORDER BY id desc LIMIT 1   [ RunTime:0.0012s ]
SQL: SELECT * FROM `dd_kailog` WHERE `status` = 2 ORDER BY id desc LIMIT 1   [ RunTime:0.0011s ]
SQL: SHOW COLUMNS FROM `dd_buylog` [ RunTime:0.0345s ]
SQL: SELECT * FROM `dd_buylog` WHERE `uid` = 61 AND `kid` = 264 LIMIT 1   [ RunTime:0.0013s ]
INFO: [ view_parse ] --START--
INFO: [ template_filter ] --START--
INFO: Run Behavior\ContentReplaceBehavior [ RunTime:0.000429s ]
INFO: [ template_filter ] --END-- [ RunTime:0.000595s ]
NOTIC: [8] Undefined variable: param D:\xampp\htdocs\shaizi.htewl.com\Application\Runtime\Cache\Home\2a94b8bda04ff446dcedd42276fc99ee.php 第 425 行.
NOTIC: [8] Undefined variable: param D:\xampp\htdocs\shaizi.htewl.com\Application\Runtime\Cache\Home\2a94b8bda04ff446dcedd42276fc99ee.php 第 428 行.
NOTIC: [8] Undefined variable: param D:\xampp\htdocs\shaizi.htewl.com\Application\Runtime\Cache\Home\2a94b8bda04ff446dcedd42276fc99ee.php 第 431 行.
NOTIC: [8] Undefined variable: param D:\xampp\htdocs\shaizi.htewl.com\Application\Runtime\Cache\Home\2a94b8bda04ff446dcedd42276fc99ee.php 第 434 行.
NOTIC: [8] Undefined variable: param D:\xampp\htdocs\shaizi.htewl.com\Application\Runtime\Cache\Home\2a94b8bda04ff446dcedd42276fc99ee.php 第 440 行.
INFO: Run Behavior\ParseTemplateBehavior [ RunTime:0.044365s ]
INFO: [ view_parse ] --END-- [ RunTime:0.044574s ]
INFO: [ view_filter ] --START--
INFO: Run Behavior\WriteHtmlCacheBehavior [ RunTime:0.001329s ]
INFO: [ view_filter ] --END-- [ RunTime:0.001416s ]
INFO: [ app_end ] --START--
INFO: Run Behavior\ShowPageTraceBehavior [ RunTime:0.002807s ]
INFO: [ app_end ] --END-- [ RunTime:0.002965s ]

[ 2017-11-27T22:30:02+08:00 ] 127.0.0.1 /
INFO: [ app_init ] --START--
INFO: Run Behavior\BuildLiteBehavior [ RunTime:0.000042s ]
INFO: [ app_init ] --END-- [ RunTime:0.001141s ]
INFO: [ app_begin ] --START--
INFO: Run Behavior\ReadHtmlCacheBehavior [ RunTime:0.002660s ]
INFO: [ app_begin ] --END-- [ RunTime:0.002852s ]
SQL: SHOW COLUMNS FROM `dd_config` [ RunTime:0.0306s ]
SQL: SELECT * FROM `dd_config`  [ RunTime:0.0008s ]
SQL: SHOW COLUMNS FROM `dd_land` [ RunTime:0.0301s ]
SQL: SELECT dd_land.id land_id,dd_user_plant.* FROM `dd_land` INNER JOIN dd_user_plant on dd_land.plant_id = dd_user_plant.id  WHERE dd_land.plant_id > 0 AND dd_user_plant.life_time < 1511793002  [ RunTime:0.0011s ]
NOTIC: [8] Undefined index: mid D:\xampp\htdocs\shaizi.htewl.com\Application\Home\Controller\HomeController.class.php 第 24 行.
SQL: SHOW COLUMNS FROM `dd_user` [ RunTime:0.0408s ]
SQL: SELECT * FROM `dd_user` WHERE `id` = 61 LIMIT 1   [ RunTime:0.0020s ]
NOTIC: [2] Missing argument 2 for Common\Util\ddwechat::setParam(), called in D:\xampp\htdocs\shaizi.htewl.com\Application\Home\Controller\HomeController.class.php on line 185 and defined D:\xampp\htdocs\shaizi.htewl.com\Application\Common\Util\ddwechat.class.php 第 115 行.
SQL: SHOW COLUMNS FROM `dd_plant` [ RunTime:0.0255s ]
SQL: SELECT * FROM `dd_plant`  [ RunTime:0.0010s ]
SQL: SHOW COLUMNS FROM `dd_kailog` [ RunTime:0.0322s ]
SQL: SELECT * FROM `dd_kailog` WHERE `status` = 1 AND `endtime` < 1511792998  [ RunTime:0.0010s ]
SQL: SELECT * FROM `dd_kailog` WHERE `status` = 1 ORDER BY id desc LIMIT 1   [ RunTime:0.0009s ]
SQL: SELECT * FROM `dd_kailog` WHERE `status` = 2 ORDER BY id desc LIMIT 1   [ RunTime:0.0006s ]
SQL: SHOW COLUMNS FROM `dd_buylog` [ RunTime:0.0259s ]
SQL: SELECT * FROM `dd_buylog` WHERE `uid` = 61 AND `kid` = 264 LIMIT 1   [ RunTime:0.0007s ]
INFO: [ view_parse ] --START--
INFO: [ template_filter ] --START--
INFO: Run Behavior\ContentReplaceBehavior [ RunTime:0.000283s ]
INFO: [ template_filter ] --END-- [ RunTime:0.000396s ]
NOTIC: [8] Undefined variable: param D:\xampp\htdocs\shaizi.htewl.com\Application\Runtime\Cache\Home\2a94b8bda04ff446dcedd42276fc99ee.php 第 425 行.
NOTIC: [8] Undefined variable: param D:\xampp\htdocs\shaizi.htewl.com\Application\Runtime\Cache\Home\2a94b8bda04ff446dcedd42276fc99ee.php 第 428 行.
NOTIC: [8] Undefined variable: param D:\xampp\htdocs\shaizi.htewl.com\Application\Runtime\Cache\Home\2a94b8bda04ff446dcedd42276fc99ee.php 第 431 行.
NOTIC: [8] Undefined variable: param D:\xampp\htdocs\shaizi.htewl.com\Application\Runtime\Cache\Home\2a94b8bda04ff446dcedd42276fc99ee.php 第 434 行.
NOTIC: [8] Undefined variable: param D:\xampp\htdocs\shaizi.htewl.com\Application\Runtime\Cache\Home\2a94b8bda04ff446dcedd42276fc99ee.php 第 440 行.
INFO: Run Behavior\ParseTemplateBehavior [ RunTime:0.036106s ]
INFO: [ view_parse ] --END-- [ RunTime:0.036241s ]
INFO: [ view_filter ] --START--
INFO: Run Behavior\WriteHtmlCacheBehavior [ RunTime:0.001375s ]
INFO: [ view_filter ] --END-- [ RunTime:0.001468s ]
INFO: [ app_end ] --START--
INFO: Run Behavior\ShowPageTraceBehavior [ RunTime:0.002053s ]
INFO: [ app_end ] --END-- [ RunTime:0.002236s ]

[ 2017-11-27T22:30:25+08:00 ] 127.0.0.1 /index.php?m=&c=Index&a=kai&id=264
INFO: [ app_init ] --START--
INFO: Run Behavior\BuildLiteBehavior [ RunTime:0.000027s ]
INFO: [ app_init ] --END-- [ RunTime:0.000761s ]
INFO: [ app_begin ] --START--
INFO: Run Behavior\ReadHtmlCacheBehavior [ RunTime:0.001459s ]
INFO: [ app_begin ] --END-- [ RunTime:0.001586s ]
SQL: SHOW COLUMNS FROM `dd_config` [ RunTime:0.0270s ]
SQL: SELECT * FROM `dd_config`  [ RunTime:0.0009s ]
SQL: SHOW COLUMNS FROM `dd_land` [ RunTime:0.0268s ]
SQL: SELECT dd_land.id land_id,dd_user_plant.* FROM `dd_land` INNER JOIN dd_user_plant on dd_land.plant_id = dd_user_plant.id  WHERE dd_land.plant_id > 0 AND dd_user_plant.life_time < 1511793025  [ RunTime:0.0011s ]
NOTIC: [8] Undefined index: mid D:\xampp\htdocs\shaizi.htewl.com\Application\Home\Controller\HomeController.class.php 第 24 行.
SQL: SHOW COLUMNS FROM `dd_user` [ RunTime:0.0290s ]
SQL: SELECT * FROM `dd_user` WHERE `id` = 61 LIMIT 1   [ RunTime:0.0008s ]
NOTIC: [2] Missing argument 2 for Common\Util\ddwechat::setParam(), called in D:\xampp\htdocs\shaizi.htewl.com\Application\Home\Controller\HomeController.class.php on line 185 and defined D:\xampp\htdocs\shaizi.htewl.com\Application\Common\Util\ddwechat.class.php 第 115 行.
SQL: SHOW COLUMNS FROM `dd_kailog` [ RunTime:0.0265s ]
SQL: SELECT * FROM `dd_kailog` WHERE `status` = 1 AND `endtime` < 1511793029  [ RunTime:0.0008s ]
NOTIC: [8] Undefined index: kid16 D:\xampp\htdocs\shaizi.htewl.com\Application\Home\Controller\IndexController.class.php 第 300 行.
SQL: UPDATE `dd_kailog` SET `status`='2',`isid`='6' WHERE `id` = 264 [ RunTime:0.0006s ]
SQL: SHOW COLUMNS FROM `dd_buylog` [ RunTime:0.0224s ]
SQL: SELECT * FROM `dd_buylog` WHERE `kid` = 264 AND `status` = 1  [ RunTime:0.0008s ]
SQL: SELECT * FROM `dd_buylog` WHERE `id` = 77 LIMIT 1   [ RunTime:0.0006s ]
SQL: UPDATE `dd_buylog` SET `status`='2',`isid`='6' WHERE `id` = 77 [ RunTime:0.0006s ]
SQL: SELECT * FROM `dd_kailog` WHERE `status` = 2 AND `id` = 264 ORDER BY id desc LIMIT 1   [ RunTime:0.0007s ]
INFO: [ app_end ] --START--
INFO: Run Behavior\ShowPageTraceBehavior [ RunTime:0.001883s ]
INFO: [ app_end ] --END-- [ RunTime:0.002002s ]

[ 2017-11-27T22:30:32+08:00 ] 127.0.0.1 /
INFO: [ app_init ] --START--
INFO: Run Behavior\BuildLiteBehavior [ RunTime:0.000028s ]
INFO: [ app_init ] --END-- [ RunTime:0.000814s ]
INFO: [ app_begin ] --START--
INFO: Run Behavior\ReadHtmlCacheBehavior [ RunTime:0.001650s ]
INFO: [ app_begin ] --END-- [ RunTime:0.001766s ]
SQL: SHOW COLUMNS FROM `dd_config` [ RunTime:0.0230s ]
SQL: SELECT * FROM `dd_config`  [ RunTime:0.0009s ]
SQL: SHOW COLUMNS FROM `dd_land` [ RunTime:0.0247s ]
SQL: SELECT dd_land.id land_id,dd_user_plant.* FROM `dd_land` INNER JOIN dd_user_plant on dd_land.plant_id = dd_user_plant.id  WHERE dd_land.plant_id > 0 AND dd_user_plant.life_time < 1511793032  [ RunTime:0.0011s ]
NOTIC: [8] Undefined index: mid D:\xampp\htdocs\shaizi.htewl.com\Application\Home\Controller\HomeController.class.php 第 24 行.
SQL: SHOW COLUMNS FROM `dd_user` [ RunTime:0.0253s ]
SQL: SELECT * FROM `dd_user` WHERE `id` = 61 LIMIT 1   [ RunTime:0.0008s ]
NOTIC: [2] Missing argument 2 for Common\Util\ddwechat::setParam(), called in D:\xampp\htdocs\shaizi.htewl.com\Application\Home\Controller\HomeController.class.php on line 185 and defined D:\xampp\htdocs\shaizi.htewl.com\Application\Common\Util\ddwechat.class.php 第 115 行.
SQL: SHOW COLUMNS FROM `dd_plant` [ RunTime:0.0364s ]
SQL: SELECT * FROM `dd_plant`  [ RunTime:0.0010s ]
SQL: SHOW COLUMNS FROM `dd_kailog` [ RunTime:0.0339s ]
SQL: SELECT * FROM `dd_kailog` WHERE `status` = 1 AND `endtime` < 1511793028  [ RunTime:0.0012s ]
SQL: SELECT * FROM `dd_kailog` WHERE `status` = 1 ORDER BY id desc LIMIT 1   [ RunTime:0.0011s ]
SQL: SELECT * FROM `dd_kailog` WHERE `status` = 2 ORDER BY id desc LIMIT 1   [ RunTime:0.0010s ]
SQL: INSERT INTO `dd_kailog` (`starttime`,`endtime`,`status`) VALUES ('1511793032','1511793092','1') [ RunTime:0.0010s ]
SQL: SELECT * FROM `dd_kailog` WHERE `status` = 1 ORDER BY id desc LIMIT 1   [ RunTime:0.0014s ]
SQL: SHOW COLUMNS FROM `dd_buylog` [ RunTime:0.0340s ]
SQL: SELECT * FROM `dd_buylog` WHERE `uid` = 61 AND `kid` = 265 LIMIT 1   [ RunTime:0.0011s ]
INFO: [ view_parse ] --START--
INFO: [ template_filter ] --START--
INFO: Run Behavior\ContentReplaceBehavior [ RunTime:0.000418s ]
INFO: [ template_filter ] --END-- [ RunTime:0.000579s ]
NOTIC: [8] Undefined variable: param D:\xampp\htdocs\shaizi.htewl.com\Application\Runtime\Cache\Home\2a94b8bda04ff446dcedd42276fc99ee.php 第 425 行.
NOTIC: [8] Undefined variable: param D:\xampp\htdocs\shaizi.htewl.com\Application\Runtime\Cache\Home\2a94b8bda04ff446dcedd42276fc99ee.php 第 428 行.
NOTIC: [8] Undefined variable: param D:\xampp\htdocs\shaizi.htewl.com\Application\Runtime\Cache\Home\2a94b8bda04ff446dcedd42276fc99ee.php 第 431 行.
NOTIC: [8] Undefined variable: param D:\xampp\htdocs\shaizi.htewl.com\Application\Runtime\Cache\Home\2a94b8bda04ff446dcedd42276fc99ee.php 第 434 行.
NOTIC: [8] Undefined variable: param D:\xampp\htdocs\shaizi.htewl.com\Application\Runtime\Cache\Home\2a94b8bda04ff446dcedd42276fc99ee.php 第 440 行.
INFO: Run Behavior\ParseTemplateBehavior [ RunTime:0.046565s ]
INFO: [ view_parse ] --END-- [ RunTime:0.046722s ]
INFO: [ view_filter ] --START--
INFO: Run Behavior\WriteHtmlCacheBehavior [ RunTime:0.001842s ]
INFO: [ view_filter ] --END-- [ RunTime:0.001990s ]
INFO: [ app_end ] --START--
INFO: Run Behavior\ShowPageTraceBehavior [ RunTime:0.002707s ]
INFO: [ app_end ] --END-- [ RunTime:0.002905s ]

[ 2017-11-27T22:30:33+08:00 ] 127.0.0.1 /
INFO: [ app_init ] --START--
INFO: Run Behavior\BuildLiteBehavior [ RunTime:0.000041s ]
INFO: [ app_init ] --END-- [ RunTime:0.001167s ]
INFO: [ app_begin ] --START--
INFO: Run Behavior\ReadHtmlCacheBehavior [ RunTime:0.002206s ]
INFO: [ app_begin ] --END-- [ RunTime:0.002430s ]
SQL: SHOW COLUMNS FROM `dd_config` [ RunTime:0.0303s ]
SQL: SELECT * FROM `dd_config`  [ RunTime:0.0008s ]
SQL: SHOW COLUMNS FROM `dd_land` [ RunTime:0.0378s ]
SQL: SELECT dd_land.id land_id,dd_user_plant.* FROM `dd_land` INNER JOIN dd_user_plant on dd_land.plant_id = dd_user_plant.id  WHERE dd_land.plant_id > 0 AND dd_user_plant.life_time < 1511793032  [ RunTime:0.0015s ]
NOTIC: [8] Undefined index: mid D:\xampp\htdocs\shaizi.htewl.com\Application\Home\Controller\HomeController.class.php 第 24 行.
SQL: SHOW COLUMNS FROM `dd_user` [ RunTime:0.0462s ]
SQL: SELECT * FROM `dd_user` WHERE `id` = 61 LIMIT 1   [ RunTime:0.0012s ]
NOTIC: [2] Missing argument 2 for Common\Util\ddwechat::setParam(), called in D:\xampp\htdocs\shaizi.htewl.com\Application\Home\Controller\HomeController.class.php on line 185 and defined D:\xampp\htdocs\shaizi.htewl.com\Application\Common\Util\ddwechat.class.php 第 115 行.
SQL: SHOW COLUMNS FROM `dd_plant` [ RunTime:0.0316s ]
SQL: SELECT * FROM `dd_plant`  [ RunTime:0.0007s ]
SQL: SHOW COLUMNS FROM `dd_kailog` [ RunTime:0.0262s ]
SQL: SELECT * FROM `dd_kailog` WHERE `status` = 1 AND `endtime` < 1511793029  [ RunTime:0.0007s ]
SQL: SELECT * FROM `dd_kailog` WHERE `status` = 1 ORDER BY id desc LIMIT 1   [ RunTime:0.0006s ]
SQL: SELECT * FROM `dd_kailog` WHERE `status` = 2 ORDER BY id desc LIMIT 1   [ RunTime:0.0006s ]
SQL: SHOW COLUMNS FROM `dd_buylog` [ RunTime:0.0262s ]
SQL: SELECT * FROM `dd_buylog` WHERE `uid` = 61 AND `kid` = 265 LIMIT 1   [ RunTime:0.0008s ]
INFO: [ view_parse ] --START--
INFO: [ template_filter ] --START--
INFO: Run Behavior\ContentReplaceBehavior [ RunTime:0.000338s ]
INFO: [ template_filter ] --END-- [ RunTime:0.000475s ]
NOTIC: [8] Undefined variable: param D:\xampp\htdocs\shaizi.htewl.com\Application\Runtime\Cache\Home\2a94b8bda04ff446dcedd42276fc99ee.php 第 425 行.
NOTIC: [8] Undefined variable: param D:\xampp\htdocs\shaizi.htewl.com\Application\Runtime\Cache\Home\2a94b8bda04ff446dcedd42276fc99ee.php 第 428 行.
NOTIC: [8] Undefined variable: param D:\xampp\htdocs\shaizi.htewl.com\Application\Runtime\Cache\Home\2a94b8bda04ff446dcedd42276fc99ee.php 第 431 行.
NOTIC: [8] Undefined variable: param D:\xampp\htdocs\shaizi.htewl.com\Application\Runtime\Cache\Home\2a94b8bda04ff446dcedd42276fc99ee.php 第 434 行.
NOTIC: [8] Undefined variable: param D:\xampp\htdocs\shaizi.htewl.com\Application\Runtime\Cache\Home\2a94b8bda04ff446dcedd42276fc99ee.php 第 440 行.
INFO: Run Behavior\ParseTemplateBehavior [ RunTime:0.032036s ]
INFO: [ view_parse ] --END-- [ RunTime:0.032165s ]
INFO: [ view_filter ] --START--
INFO: Run Behavior\WriteHtmlCacheBehavior [ RunTime:0.001230s ]
INFO: [ view_filter ] --END-- [ RunTime:0.001329s ]
INFO: [ app_end ] --START--
INFO: Run Behavior\ShowPageTraceBehavior [ RunTime:0.002428s ]
INFO: [ app_end ] --END-- [ RunTime:0.002608s ]

[ 2017-11-27T22:31:35+08:00 ] 127.0.0.1 /index.php?m=&c=Index&a=kai&id=265
INFO: [ app_init ] --START--
INFO: Run Behavior\BuildLiteBehavior [ RunTime:0.000042s ]
INFO: [ app_init ] --END-- [ RunTime:0.001245s ]
INFO: [ app_begin ] --START--
INFO: Run Behavior\ReadHtmlCacheBehavior [ RunTime:0.001949s ]
INFO: [ app_begin ] --END-- [ RunTime:0.002105s ]
SQL: SHOW COLUMNS FROM `dd_config` [ RunTime:0.0355s ]
SQL: SELECT * FROM `dd_config`  [ RunTime:0.0010s ]
SQL: SHOW COLUMNS FROM `dd_land` [ RunTime:0.0274s ]
SQL: SELECT dd_land.id land_id,dd_user_plant.* FROM `dd_land` INNER JOIN dd_user_plant on dd_land.plant_id = dd_user_plant.id  WHERE dd_land.plant_id > 0 AND dd_user_plant.life_time < 1511793094  [ RunTime:0.0011s ]
NOTIC: [8] Undefined index: mid D:\xampp\htdocs\shaizi.htewl.com\Application\Home\Controller\HomeController.class.php 第 24 行.
SQL: SHOW COLUMNS FROM `dd_user` [ RunTime:0.0310s ]
SQL: SELECT * FROM `dd_user` WHERE `id` = 61 LIMIT 1   [ RunTime:0.0014s ]
NOTIC: [2] Missing argument 2 for Common\Util\ddwechat::setParam(), called in D:\xampp\htdocs\shaizi.htewl.com\Application\Home\Controller\HomeController.class.php on line 185 and defined D:\xampp\htdocs\shaizi.htewl.com\Application\Common\Util\ddwechat.class.php 第 115 行.
SQL: SHOW COLUMNS FROM `dd_kailog` [ RunTime:0.0266s ]
SQL: SELECT * FROM `dd_kailog` WHERE `status` = 1 AND `endtime` < 1511793099  [ RunTime:0.0009s ]
NOTIC: [8] Undefined index: kid16 D:\xampp\htdocs\shaizi.htewl.com\Application\Home\Controller\IndexController.class.php 第 277 行.
SQL: UPDATE `dd_kailog` SET `status`='2',`isid`='3' WHERE `id` = 265 [ RunTime:0.0007s ]
SQL: SHOW COLUMNS FROM `dd_buylog` [ RunTime:0.0268s ]
SQL: SELECT * FROM `dd_buylog` WHERE `kid` = 265 AND `status` = 1  [ RunTime:0.0008s ]
SQL: SELECT * FROM `dd_kailog` WHERE `status` = 2 AND `id` = 265 ORDER BY id desc LIMIT 1   [ RunTime:0.0007s ]
INFO: [ app_end ] --START--
INFO: Run Behavior\ShowPageTraceBehavior [ RunTime:0.002057s ]
INFO: [ app_end ] --END-- [ RunTime:0.002171s ]

[ 2017-11-27T22:40:45+08:00 ] 127.0.0.1 /
INFO: [ app_init ] --START--
INFO: Run Behavior\BuildLiteBehavior [ RunTime:0.000030s ]
INFO: [ app_init ] --END-- [ RunTime:0.000819s ]
INFO: [ app_begin ] --START--
INFO: Run Behavior\ReadHtmlCacheBehavior [ RunTime:0.001941s ]
INFO: [ app_begin ] --END-- [ RunTime:0.002088s ]
SQL: SHOW COLUMNS FROM `dd_config` [ RunTime:0.0230s ]
SQL: SELECT * FROM `dd_config`  [ RunTime:0.0008s ]
SQL: SHOW COLUMNS FROM `dd_land` [ RunTime:0.0230s ]
SQL: SELECT dd_land.id land_id,dd_user_plant.* FROM `dd_land` INNER JOIN dd_user_plant on dd_land.plant_id = dd_user_plant.id  WHERE dd_land.plant_id > 0 AND dd_user_plant.life_time < 1511793644  [ RunTime:0.0012s ]
NOTIC: [8] Undefined index: mid D:\xampp\htdocs\shaizi.htewl.com\Application\Home\Controller\HomeController.class.php 第 24 行.
SQL: SHOW COLUMNS FROM `dd_user` [ RunTime:0.0239s ]
SQL: SELECT * FROM `dd_user` WHERE `id` = 61 LIMIT 1   [ RunTime:0.0009s ]
NOTIC: [2] Missing argument 2 for Common\Util\ddwechat::setParam(), called in D:\xampp\htdocs\shaizi.htewl.com\Application\Home\Controller\HomeController.class.php on line 185 and defined D:\xampp\htdocs\shaizi.htewl.com\Application\Common\Util\ddwechat.class.php 第 115 行.
SQL: SHOW COLUMNS FROM `dd_plant` [ RunTime:0.0411s ]
SQL: SELECT * FROM `dd_plant`  [ RunTime:0.0011s ]
SQL: SHOW COLUMNS FROM `dd_kailog` [ RunTime:0.0394s ]
SQL: SELECT * FROM `dd_kailog` WHERE `status` = 1 AND `endtime` < 1511793641  [ RunTime:0.0011s ]
SQL: SELECT * FROM `dd_kailog` WHERE `status` = 1 ORDER BY id desc LIMIT 1   [ RunTime:0.0011s ]
SQL: SELECT * FROM `dd_kailog` WHERE `status` = 2 ORDER BY id desc LIMIT 1   [ RunTime:0.0011s ]
SQL: INSERT INTO `dd_kailog` (`starttime`,`endtime`,`status`) VALUES ('1511793645','1511793705','1') [ RunTime:0.0009s ]
SQL: SELECT * FROM `dd_kailog` WHERE `status` = 1 ORDER BY id desc LIMIT 1   [ RunTime:0.0011s ]
SQL: SHOW COLUMNS FROM `dd_buylog` [ RunTime:0.0356s ]
SQL: SELECT * FROM `dd_buylog` WHERE `uid` = 61 AND `kid` = 266 LIMIT 1   [ RunTime:0.0011s ]
INFO: [ view_parse ] --START--
INFO: [ template_filter ] --START--
INFO: Run Behavior\ContentReplaceBehavior [ RunTime:0.000422s ]
INFO: [ template_filter ] --END-- [ RunTime:0.000581s ]
NOTIC: [8] Undefined variable: param D:\xampp\htdocs\shaizi.htewl.com\Application\Runtime\Cache\Home\2a94b8bda04ff446dcedd42276fc99ee.php 第 425 行.
NOTIC: [8] Undefined variable: param D:\xampp\htdocs\shaizi.htewl.com\Application\Runtime\Cache\Home\2a94b8bda04ff446dcedd42276fc99ee.php 第 428 行.
NOTIC: [8] Undefined variable: param D:\xampp\htdocs\shaizi.htewl.com\Application\Runtime\Cache\Home\2a94b8bda04ff446dcedd42276fc99ee.php 第 431 行.
NOTIC: [8] Undefined variable: param D:\xampp\htdocs\shaizi.htewl.com\Application\Runtime\Cache\Home\2a94b8bda04ff446dcedd42276fc99ee.php 第 434 行.
NOTIC: [8] Undefined variable: param D:\xampp\htdocs\shaizi.htewl.com\Application\Runtime\Cache\Home\2a94b8bda04ff446dcedd42276fc99ee.php 第 440 行.
INFO: Run Behavior\ParseTemplateBehavior [ RunTime:0.046540s ]
INFO: [ view_parse ] --END-- [ RunTime:0.046696s ]
INFO: [ view_filter ] --START--
INFO: Run Behavior\WriteHtmlCacheBehavior [ RunTime:0.002309s ]
INFO: [ view_filter ] --END-- [ RunTime:0.002456s ]
INFO: [ app_end ] --START--
INFO: Run Behavior\ShowPageTraceBehavior [ RunTime:0.003785s ]
INFO: [ app_end ] --END-- [ RunTime:0.004102s ]

[ 2017-11-27T22:40:45+08:00 ] 127.0.0.1 /
INFO: [ app_init ] --START--
INFO: Run Behavior\BuildLiteBehavior [ RunTime:0.000047s ]
INFO: [ app_init ] --END-- [ RunTime:0.002383s ]
INFO: [ app_begin ] --START--
INFO: Run Behavior\ReadHtmlCacheBehavior [ RunTime:0.002828s ]
INFO: [ app_begin ] --END-- [ RunTime:0.003030s ]
SQL: SHOW COLUMNS FROM `dd_config` [ RunTime:0.0610s ]
SQL: SELECT * FROM `dd_config`  [ RunTime:0.0023s ]
SQL: SHOW COLUMNS FROM `dd_land` [ RunTime:0.0412s ]
SQL: SELECT dd_land.id land_id,dd_user_plant.* FROM `dd_land` INNER JOIN dd_user_plant on dd_land.plant_id = dd_user_plant.id  WHERE dd_land.plant_id > 0 AND dd_user_plant.life_time < 1511793645  [ RunTime:0.0012s ]
NOTIC: [8] Undefined index: mid D:\xampp\htdocs\shaizi.htewl.com\Application\Home\Controller\HomeController.class.php 第 24 行.
SQL: SHOW COLUMNS FROM `dd_user` [ RunTime:0.0412s ]
SQL: SELECT * FROM `dd_user` WHERE `id` = 61 LIMIT 1   [ RunTime:0.0038s ]
NOTIC: [2] Missing argument 2 for Common\Util\ddwechat::setParam(), called in D:\xampp\htdocs\shaizi.htewl.com\Application\Home\Controller\HomeController.class.php on line 185 and defined D:\xampp\htdocs\shaizi.htewl.com\Application\Common\Util\ddwechat.class.php 第 115 行.
SQL: SHOW COLUMNS FROM `dd_plant` [ RunTime:0.0331s ]
SQL: SELECT * FROM `dd_plant`  [ RunTime:0.0008s ]
SQL: SHOW COLUMNS FROM `dd_kailog` [ RunTime:0.0303s ]
SQL: SELECT * FROM `dd_kailog` WHERE `status` = 1 AND `endtime` < 1511793641  [ RunTime:0.0008s ]
SQL: SELECT * FROM `dd_kailog` WHERE `status` = 1 ORDER BY id desc LIMIT 1   [ RunTime:0.0010s ]
SQL: SELECT * FROM `dd_kailog` WHERE `status` = 2 ORDER BY id desc LIMIT 1   [ RunTime:0.0010s ]
SQL: SHOW COLUMNS FROM `dd_buylog` [ RunTime:0.0248s ]
SQL: SELECT * FROM `dd_buylog` WHERE `uid` = 61 AND `kid` = 266 LIMIT 1   [ RunTime:0.0007s ]
INFO: [ view_parse ] --START--
INFO: [ template_filter ] --START--
INFO: Run Behavior\ContentReplaceBehavior [ RunTime:0.000281s ]
INFO: [ template_filter ] --END-- [ RunTime:0.000389s ]
NOTIC: [8] Undefined variable: param D:\xampp\htdocs\shaizi.htewl.com\Application\Runtime\Cache\Home\2a94b8bda04ff446dcedd42276fc99ee.php 第 425 行.
NOTIC: [8] Undefined variable: param D:\xampp\htdocs\shaizi.htewl.com\Application\Runtime\Cache\Home\2a94b8bda04ff446dcedd42276fc99ee.php 第 428 行.
NOTIC: [8] Undefined variable: param D:\xampp\htdocs\shaizi.htewl.com\Application\Runtime\Cache\Home\2a94b8bda04ff446dcedd42276fc99ee.php 第 431 行.
NOTIC: [8] Undefined variable: param D:\xampp\htdocs\shaizi.htewl.com\Application\Runtime\Cache\Home\2a94b8bda04ff446dcedd42276fc99ee.php 第 434 行.
NOTIC: [8] Undefined variable: param D:\xampp\htdocs\shaizi.htewl.com\Application\Runtime\Cache\Home\2a94b8bda04ff446dcedd42276fc99ee.php 第 440 行.
INFO: Run Behavior\ParseTemplateBehavior [ RunTime:0.030451s ]
INFO: [ view_parse ] --END-- [ RunTime:0.030586s ]
INFO: [ view_filter ] --START--
INFO: Run Behavior\WriteHtmlCacheBehavior [ RunTime:0.001605s ]
INFO: [ view_filter ] --END-- [ RunTime:0.001730s ]
INFO: [ app_end ] --START--
INFO: Run Behavior\ShowPageTraceBehavior [ RunTime:0.002658s ]
INFO: [ app_end ] --END-- [ RunTime:0.002825s ]

[ 2017-11-27T22:42:03+08:00 ] 127.0.0.1 /
INFO: [ app_init ] --START--
INFO: Run Behavior\BuildLiteBehavior [ RunTime:0.000045s ]
INFO: [ app_init ] --END-- [ RunTime:0.001161s ]
INFO: [ app_begin ] --START--
INFO: Run Behavior\ReadHtmlCacheBehavior [ RunTime:0.005668s ]
INFO: [ app_begin ] --END-- [ RunTime:0.005911s ]
SQL: SHOW COLUMNS FROM `dd_config` [ RunTime:0.0243s ]
SQL: SELECT * FROM `dd_config`  [ RunTime:0.0007s ]
SQL: SHOW COLUMNS FROM `dd_land` [ RunTime:0.0301s ]
SQL: SELECT dd_land.id land_id,dd_user_plant.* FROM `dd_land` INNER JOIN dd_user_plant on dd_land.plant_id = dd_user_plant.id  WHERE dd_land.plant_id > 0 AND dd_user_plant.life_time < 1511793723  [ RunTime:0.0012s ]
NOTIC: [8] Undefined index: mid D:\xampp\htdocs\shaizi.htewl.com\Application\Home\Controller\HomeController.class.php 第 24 行.

[ 2017-11-27T22:42:03+08:00 ] 127.0.0.1 /index.php?m=&c=Public&a=login
INFO: [ app_init ] --START--
INFO: Run Behavior\BuildLiteBehavior [ RunTime:0.000029s ]
INFO: [ app_init ] --END-- [ RunTime:0.000783s ]
INFO: [ app_begin ] --START--
INFO: Run Behavior\ReadHtmlCacheBehavior [ RunTime:0.001655s ]
INFO: [ app_begin ] --END-- [ RunTime:0.001784s ]
SQL: SHOW COLUMNS FROM `dd_config` [ RunTime:0.0326s ]
SQL: SELECT * FROM `dd_config`  [ RunTime:0.0010s ]
SQL: SHOW COLUMNS FROM `dd_land` [ RunTime:0.0395s ]
SQL: SELECT dd_land.id land_id,dd_user_plant.* FROM `dd_land` INNER JOIN dd_user_plant on dd_land.plant_id = dd_user_plant.id  WHERE dd_land.plant_id > 0 AND dd_user_plant.life_time < 1511793723  [ RunTime:0.0014s ]
NOTIC: [8] Undefined index: mid D:\xampp\htdocs\shaizi.htewl.com\Application\Home\Controller\HomeController.class.php 第 24 行.
NOTIC: [2] Missing argument 2 for Common\Util\ddwechat::setParam(), called in D:\xampp\htdocs\shaizi.htewl.com\Application\Home\Controller\HomeController.class.php on line 185 and defined D:\xampp\htdocs\shaizi.htewl.com\Application\Common\Util\ddwechat.class.php 第 115 行.
INFO: [ view_parse ] --START--
INFO: [ template_filter ] --START--
INFO: Run Behavior\ContentReplaceBehavior [ RunTime:0.000237s ]
INFO: [ template_filter ] --END-- [ RunTime:0.000410s ]
NOTIC: [8] Undefined variable: param D:\xampp\htdocs\shaizi.htewl.com\Application\Runtime\Cache\Home\ddaf032eeb3f0e441c9409c65fc90ee1.php 第 230 行.
NOTIC: [8] Undefined variable: param D:\xampp\htdocs\shaizi.htewl.com\Application\Runtime\Cache\Home\ddaf032eeb3f0e441c9409c65fc90ee1.php 第 233 行.
NOTIC: [8] Undefined variable: param D:\xampp\htdocs\shaizi.htewl.com\Application\Runtime\Cache\Home\ddaf032eeb3f0e441c9409c65fc90ee1.php 第 236 行.
NOTIC: [8] Undefined variable: param D:\xampp\htdocs\shaizi.htewl.com\Application\Runtime\Cache\Home\ddaf032eeb3f0e441c9409c65fc90ee1.php 第 239 行.
NOTIC: [8] Undefined variable: param D:\xampp\htdocs\shaizi.htewl.com\Application\Runtime\Cache\Home\ddaf032eeb3f0e441c9409c65fc90ee1.php 第 245 行.
INFO: Run Behavior\ParseTemplateBehavior [ RunTime:0.031298s ]
INFO: [ view_parse ] --END-- [ RunTime:0.031471s ]
INFO: [ view_filter ] --START--
INFO: Run Behavior\WriteHtmlCacheBehavior [ RunTime:0.001733s ]
INFO: [ view_filter ] --END-- [ RunTime:0.001867s ]
INFO: [ app_end ] --START--
INFO: Run Behavior\ShowPageTraceBehavior [ RunTime:0.002719s ]
INFO: [ app_end ] --END-- [ RunTime:0.002880s ]

[ 2017-11-27T22:42:07+08:00 ] 127.0.0.1 /index.php?m=&c=Index&a=kai&id=266
INFO: [ app_init ] --START--
INFO: Run Behavior\BuildLiteBehavior [ RunTime:0.000027s ]
INFO: [ app_init ] --END-- [ RunTime:0.000768s ]
INFO: [ app_begin ] --START--
INFO: Run Behavior\ReadHtmlCacheBehavior [ RunTime:0.001714s ]
INFO: [ app_begin ] --END-- [ RunTime:0.001840s ]
SQL: SHOW COLUMNS FROM `dd_config` [ RunTime:0.0226s ]
SQL: SELECT * FROM `dd_config`  [ RunTime:0.0007s ]
SQL: SHOW COLUMNS FROM `dd_land` [ RunTime:0.0220s ]
SQL: SELECT dd_land.id land_id,dd_user_plant.* FROM `dd_land` INNER JOIN dd_user_plant on dd_land.plant_id = dd_user_plant.id  WHERE dd_land.plant_id > 0 AND dd_user_plant.life_time < 1511793726  [ RunTime:0.0010s ]
NOTIC: [8] Undefined index: mid D:\xampp\htdocs\shaizi.htewl.com\Application\Home\Controller\HomeController.class.php 第 24 行.
SQL: SHOW COLUMNS FROM `dd_user` [ RunTime:0.0247s ]
SQL: SELECT * FROM `dd_user` WHERE `id` = 61 LIMIT 1   [ RunTime:0.0009s ]
NOTIC: [2] Missing argument 2 for Common\Util\ddwechat::setParam(), called in D:\xampp\htdocs\shaizi.htewl.com\Application\Home\Controller\HomeController.class.php on line 185 and defined D:\xampp\htdocs\shaizi.htewl.com\Application\Common\Util\ddwechat.class.php 第 115 行.
SQL: SHOW COLUMNS FROM `dd_kailog` [ RunTime:0.0338s ]
SQL: SELECT * FROM `dd_kailog` WHERE `status` = 1 AND `endtime` < 1511793731  [ RunTime:0.0011s ]
NOTIC: [8] Undefined index: kid16 D:\xampp\htdocs\shaizi.htewl.com\Application\Home\Controller\IndexController.class.php 第 277 行.
SQL: UPDATE `dd_kailog` SET `status`='2',`isid`='4' WHERE `id` = 266 [ RunTime:0.0008s ]
SQL: SHOW COLUMNS FROM `dd_buylog` [ RunTime:0.0332s ]
SQL: SELECT * FROM `dd_buylog` WHERE `kid` = 266 AND `status` = 1  [ RunTime:0.0011s ]
SQL: SELECT * FROM `dd_kailog` WHERE `status` = 2 AND `id` = 266 ORDER BY id desc LIMIT 1   [ RunTime:0.0012s ]
INFO: [ app_end ] --START--
INFO: Run Behavior\ShowPageTraceBehavior [ RunTime:0.003055s ]
INFO: [ app_end ] --END-- [ RunTime:0.003209s ]

[ 2017-11-27T22:42:19+08:00 ] 127.0.0.1 /
INFO: [ app_init ] --START--
INFO: Run Behavior\BuildLiteBehavior [ RunTime:0.000039s ]
INFO: [ app_init ] --END-- [ RunTime:0.001098s ]
INFO: [ app_begin ] --START--
INFO: Run Behavior\ReadHtmlCacheBehavior [ RunTime:0.002265s ]
INFO: [ app_begin ] --END-- [ RunTime:0.002446s ]
SQL: SHOW COLUMNS FROM `dd_config` [ RunTime:0.0223s ]
SQL: SELECT * FROM `dd_config`  [ RunTime:0.0007s ]
SQL: SHOW COLUMNS FROM `dd_land` [ RunTime:0.0232s ]
SQL: SELECT dd_land.id land_id,dd_user_plant.* FROM `dd_land` INNER JOIN dd_user_plant on dd_land.plant_id = dd_user_plant.id  WHERE dd_land.plant_id > 0 AND dd_user_plant.life_time < 1511793739  [ RunTime:0.0011s ]
NOTIC: [8] Undefined index: mid D:\xampp\htdocs\shaizi.htewl.com\Application\Home\Controller\HomeController.class.php 第 24 行.
SQL: SHOW COLUMNS FROM `dd_user` [ RunTime:0.0239s ]
SQL: SELECT * FROM `dd_user` WHERE `id` = 61 LIMIT 1   [ RunTime:0.0009s ]
NOTIC: [2] Missing argument 2 for Common\Util\ddwechat::setParam(), called in D:\xampp\htdocs\shaizi.htewl.com\Application\Home\Controller\HomeController.class.php on line 185 and defined D:\xampp\htdocs\shaizi.htewl.com\Application\Common\Util\ddwechat.class.php 第 115 行.
SQL: SHOW COLUMNS FROM `dd_plant` [ RunTime:0.0341s ]
SQL: SELECT * FROM `dd_plant`  [ RunTime:0.0011s ]
SQL: SHOW COLUMNS FROM `dd_kailog` [ RunTime:0.0385s ]
SQL: SELECT * FROM `dd_kailog` WHERE `status` = 1 AND `endtime` < 1511793735  [ RunTime:0.0011s ]
SQL: SELECT * FROM `dd_kailog` WHERE `status` = 1 ORDER BY id desc LIMIT 1   [ RunTime:0.0010s ]
SQL: SELECT * FROM `dd_kailog` WHERE `status` = 2 ORDER BY id desc LIMIT 1   [ RunTime:0.0010s ]
SQL: INSERT INTO `dd_kailog` (`starttime`,`endtime`,`status`) VALUES ('1511793739','1511793799','1') [ RunTime:0.0008s ]
SQL: SELECT * FROM `dd_kailog` WHERE `status` = 1 ORDER BY id desc LIMIT 1   [ RunTime:0.0011s ]
SQL: SHOW COLUMNS FROM `dd_buylog` [ RunTime:0.0386s ]
SQL: SELECT * FROM `dd_buylog` WHERE `uid` = 61 AND `kid` = 267 LIMIT 1   [ RunTime:0.0014s ]
INFO: [ view_parse ] --START--
INFO: [ template_filter ] --START--
INFO: Run Behavior\ContentReplaceBehavior [ RunTime:0.000387s ]
INFO: [ template_filter ] --END-- [ RunTime:0.000555s ]
NOTIC: [8] Undefined variable: param D:\xampp\htdocs\shaizi.htewl.com\Application\Runtime\Cache\Home\2a94b8bda04ff446dcedd42276fc99ee.php 第 425 行.
NOTIC: [8] Undefined variable: param D:\xampp\htdocs\shaizi.htewl.com\Application\Runtime\Cache\Home\2a94b8bda04ff446dcedd42276fc99ee.php 第 428 行.
NOTIC: [8] Undefined variable: param D:\xampp\htdocs\shaizi.htewl.com\Application\Runtime\Cache\Home\2a94b8bda04ff446dcedd42276fc99ee.php 第 431 行.
NOTIC: [8] Undefined variable: param D:\xampp\htdocs\shaizi.htewl.com\Application\Runtime\Cache\Home\2a94b8bda04ff446dcedd42276fc99ee.php 第 434 行.
NOTIC: [8] Undefined variable: param D:\xampp\htdocs\shaizi.htewl.com\Application\Runtime\Cache\Home\2a94b8bda04ff446dcedd42276fc99ee.php 第 440 行.
INFO: Run Behavior\ParseTemplateBehavior [ RunTime:0.045303s ]
INFO: [ view_parse ] --END-- [ RunTime:0.045503s ]
INFO: [ view_filter ] --START--
INFO: Run Behavior\WriteHtmlCacheBehavior [ RunTime:0.001855s ]
INFO: [ view_filter ] --END-- [ RunTime:0.002001s ]
INFO: [ app_end ] --START--
INFO: Run Behavior\ShowPageTraceBehavior [ RunTime:0.002512s ]
INFO: [ app_end ] --END-- [ RunTime:0.002685s ]

[ 2017-11-27T22:42:20+08:00 ] 127.0.0.1 /
INFO: [ app_init ] --START--
INFO: Run Behavior\BuildLiteBehavior [ RunTime:0.000047s ]
INFO: [ app_init ] --END-- [ RunTime:0.001226s ]
INFO: [ app_begin ] --START--
INFO: Run Behavior\ReadHtmlCacheBehavior [ RunTime:0.002668s ]
INFO: [ app_begin ] --END-- [ RunTime:0.002871s ]
SQL: SHOW COLUMNS FROM `dd_config` [ RunTime:0.0274s ]
SQL: SELECT * FROM `dd_config`  [ RunTime:0.0007s ]
SQL: SHOW COLUMNS FROM `dd_land` [ RunTime:0.0311s ]
SQL: SELECT dd_land.id land_id,dd_user_plant.* FROM `dd_land` INNER JOIN dd_user_plant on dd_land.plant_id = dd_user_plant.id  WHERE dd_land.plant_id > 0 AND dd_user_plant.life_time < 1511793740  [ RunTime:0.0012s ]
NOTIC: [8] Undefined index: mid D:\xampp\htdocs\shaizi.htewl.com\Application\Home\Controller\HomeController.class.php 第 24 行.
SQL: SHOW COLUMNS FROM `dd_user` [ RunTime:0.0639s ]
SQL: SELECT * FROM `dd_user` WHERE `id` = 61 LIMIT 1   [ RunTime:0.0011s ]
NOTIC: [2] Missing argument 2 for Common\Util\ddwechat::setParam(), called in D:\xampp\htdocs\shaizi.htewl.com\Application\Home\Controller\HomeController.class.php on line 185 and defined D:\xampp\htdocs\shaizi.htewl.com\Application\Common\Util\ddwechat.class.php 第 115 行.
SQL: SHOW COLUMNS FROM `dd_plant` [ RunTime:0.0299s ]
SQL: SELECT * FROM `dd_plant`  [ RunTime:0.0008s ]
SQL: SHOW COLUMNS FROM `dd_kailog` [ RunTime:0.0288s ]
SQL: SELECT * FROM `dd_kailog` WHERE `status` = 1 AND `endtime` < 1511793736  [ RunTime:0.0008s ]
SQL: SELECT * FROM `dd_kailog` WHERE `status` = 1 ORDER BY id desc LIMIT 1   [ RunTime:0.0008s ]
SQL: SELECT * FROM `dd_kailog` WHERE `status` = 2 ORDER BY id desc LIMIT 1   [ RunTime:0.0009s ]
SQL: SHOW COLUMNS FROM `dd_buylog` [ RunTime:0.0320s ]
SQL: SELECT * FROM `dd_buylog` WHERE `uid` = 61 AND `kid` = 267 LIMIT 1   [ RunTime:0.0009s ]
INFO: [ view_parse ] --START--
INFO: [ template_filter ] --START--
INFO: Run Behavior\ContentReplaceBehavior [ RunTime:0.000291s ]
INFO: [ template_filter ] --END-- [ RunTime:0.000401s ]
NOTIC: [8] Undefined variable: param D:\xampp\htdocs\shaizi.htewl.com\Application\Runtime\Cache\Home\2a94b8bda04ff446dcedd42276fc99ee.php 第 425 行.
NOTIC: [8] Undefined variable: param D:\xampp\htdocs\shaizi.htewl.com\Application\Runtime\Cache\Home\2a94b8bda04ff446dcedd42276fc99ee.php 第 428 行.
NOTIC: [8] Undefined variable: param D:\xampp\htdocs\shaizi.htewl.com\Application\Runtime\Cache\Home\2a94b8bda04ff446dcedd42276fc99ee.php 第 431 行.
NOTIC: [8] Undefined variable: param D:\xampp\htdocs\shaizi.htewl.com\Application\Runtime\Cache\Home\2a94b8bda04ff446dcedd42276fc99ee.php 第 434 行.
NOTIC: [8] Undefined variable: param D:\xampp\htdocs\shaizi.htewl.com\Application\Runtime\Cache\Home\2a94b8bda04ff446dcedd42276fc99ee.php 第 440 行.
INFO: Run Behavior\ParseTemplateBehavior [ RunTime:0.031763s ]
INFO: [ view_parse ] --END-- [ RunTime:0.031902s ]
INFO: [ view_filter ] --START--
INFO: Run Behavior\WriteHtmlCacheBehavior [ RunTime:0.001494s ]
INFO: [ view_filter ] --END-- [ RunTime:0.001601s ]
INFO: [ app_end ] --START--
INFO: Run Behavior\ShowPageTraceBehavior [ RunTime:0.003167s ]
INFO: [ app_end ] --END-- [ RunTime:0.003803s ]

[ 2017-11-27T22:43:22+08:00 ] 127.0.0.1 /index.php?m=&c=Index&a=kai&id=267
INFO: [ app_init ] --START--
INFO: Run Behavior\BuildLiteBehavior [ RunTime:0.000048s ]
INFO: [ app_init ] --END-- [ RunTime:0.000979s ]
INFO: [ app_begin ] --START--
INFO: Run Behavior\ReadHtmlCacheBehavior [ RunTime:0.003767s ]
INFO: [ app_begin ] --END-- [ RunTime:0.004004s ]
SQL: SHOW COLUMNS FROM `dd_config` [ RunTime:0.0431s ]
SQL: SELECT * FROM `dd_config`  [ RunTime:0.0010s ]
SQL: SHOW COLUMNS FROM `dd_land` [ RunTime:0.0546s ]
SQL: SELECT dd_land.id land_id,dd_user_plant.* FROM `dd_land` INNER JOIN dd_user_plant on dd_land.plant_id = dd_user_plant.id  WHERE dd_land.plant_id > 0 AND dd_user_plant.life_time < 1511793802  [ RunTime:0.0013s ]
NOTIC: [8] Undefined index: mid D:\xampp\htdocs\shaizi.htewl.com\Application\Home\Controller\HomeController.class.php 第 24 行.
SQL: SHOW COLUMNS FROM `dd_user` [ RunTime:0.0547s ]
SQL: SELECT * FROM `dd_user` WHERE `id` = 61 LIMIT 1   [ RunTime:0.0014s ]
NOTIC: [2] Missing argument 2 for Common\Util\ddwechat::setParam(), called in D:\xampp\htdocs\shaizi.htewl.com\Application\Home\Controller\HomeController.class.php on line 185 and defined D:\xampp\htdocs\shaizi.htewl.com\Application\Common\Util\ddwechat.class.php 第 115 行.
SQL: SHOW COLUMNS FROM `dd_kailog` [ RunTime:0.0307s ]
SQL: SELECT * FROM `dd_kailog` WHERE `status` = 1 AND `endtime` < 1511793806  [ RunTime:0.0010s ]
NOTIC: [8] Undefined index: kid16 D:\xampp\htdocs\shaizi.htewl.com\Application\Home\Controller\IndexController.class.php 第 277 行.
SQL: UPDATE `dd_kailog` SET `status`='2',`isid`='3' WHERE `id` = 267 [ RunTime:0.0007s ]
SQL: SHOW COLUMNS FROM `dd_buylog` [ RunTime:0.0319s ]
SQL: SELECT * FROM `dd_buylog` WHERE `kid` = 267 AND `status` = 1  [ RunTime:0.0009s ]
SQL: SELECT * FROM `dd_kailog` WHERE `status` = 2 AND `id` = 267 ORDER BY id desc LIMIT 1   [ RunTime:0.0007s ]
INFO: [ app_end ] --START--
INFO: Run Behavior\ShowPageTraceBehavior [ RunTime:0.003225s ]
INFO: [ app_end ] --END-- [ RunTime:0.003385s ]

