[ 2017-04-20T14:29:55+08:00 ] 127.0.0.1 /yuan.php?m=Admin&c=Admin&a=welcome
INFO: [ app_init ] --START--
INFO: Run Behavior\BuildLiteBehavior [ RunTime:0.000029s ]
INFO: [ app_init ] --END-- [ RunTime:0.000966s ]
INFO: [ app_begin ] --START--
INFO: Run Behavior\ReadHtmlCacheBehavior [ RunTime:0.002268s ]
INFO: [ app_begin ] --END-- [ RunTime:0.002424s ]
INFO: [ view_parse ] --START--
INFO: [ template_filter ] --START--
INFO: Run Behavior\ContentReplaceBehavior [ RunTime:0.000065s ]
INFO: [ template_filter ] --END-- [ RunTime:0.000205s ]
INFO: Run Behavior\ParseTemplateBehavior [ RunTime:0.045871s ]
INFO: [ view_parse ] --END-- [ RunTime:0.046012s ]
INFO: [ view_filter ] --START--
INFO: Run Behavior\WriteHtmlCacheBehavior [ RunTime:0.002026s ]
INFO: [ view_filter ] --END-- [ RunTime:0.002140s ]

[ 2017-04-20T14:29:58+08:00 ] 127.0.0.1 /yuan.php?m=Admin&c=Index&a=login
INFO: [ app_init ] --START--
INFO: Run Behavior\BuildLiteBehavior [ RunTime:0.000026s ]
INFO: [ app_init ] --END-- [ RunTime:0.001014s ]
INFO: [ app_begin ] --START--
INFO: Run Behavior\ReadHtmlCacheBehavior [ RunTime:0.002124s ]
INFO: [ app_begin ] --END-- [ RunTime:0.002311s ]
SQL: SHOW COLUMNS FROM `dd_config` [ RunTime:0.0117s ]
SQL: SELECT * FROM `dd_config`  [ RunTime:0.0004s ]
INFO: [ view_parse ] --START--
INFO: [ template_filter ] --START--
INFO: Run Behavior\ContentReplaceBehavior [ RunTime:0.000070s ]
INFO: [ template_filter ] --END-- [ RunTime:0.000205s ]
INFO: Run Behavior\ParseTemplateBehavior [ RunTime:0.043604s ]
INFO: [ view_parse ] --END-- [ RunTime:0.043755s ]
INFO: [ view_filter ] --START--
INFO: Run Behavior\WriteHtmlCacheBehavior [ RunTime:0.001917s ]
INFO: [ view_filter ] --END-- [ RunTime:0.002029s ]
INFO: [ app_end ] --START--
INFO: Run Behavior\ShowPageTraceBehavior [ RunTime:0.002094s ]
INFO: [ app_end ] --END-- [ RunTime:0.002210s ]

[ 2017-04-20T14:30:03+08:00 ] 127.0.0.1 /yuan.php?m=Admin&c=Index&a=login
INFO: [ app_init ] --START--
INFO: Run Behavior\BuildLiteBehavior [ RunTime:0.000026s ]
INFO: [ app_init ] --END-- [ RunTime:0.000905s ]
INFO: [ app_begin ] --START--
INFO: Run Behavior\ReadHtmlCacheBehavior [ RunTime:0.003034s ]
INFO: [ app_begin ] --END-- [ RunTime:0.003231s ]
SQL: SHOW COLUMNS FROM `dd_config` [ RunTime:0.0117s ]
SQL: SELECT * FROM `dd_config`  [ RunTime:0.0004s ]

[ 2017-04-20T14:30:03+08:00 ] 127.0.0.1 /yuan.php?m=Admin&c=Admin&a=welcome
INFO: [ app_init ] --START--
INFO: Run Behavior\BuildLiteBehavior [ RunTime:0.000027s ]
INFO: [ app_init ] --END-- [ RunTime:0.000957s ]
INFO: [ app_begin ] --START--
INFO: Run Behavior\ReadHtmlCacheBehavior [ RunTime:0.002209s ]
INFO: [ app_begin ] --END-- [ RunTime:0.002340s ]
SQL: SHOW COLUMNS FROM `dd_config` [ RunTime:0.0053s ]
SQL: SELECT * FROM `dd_config`  [ RunTime:0.0004s ]
NOTIC: [8] Undefined variable: info D:\UPUPW_NP5.5\vhosts\touzi.com\Application\Admin\Controller\AdminController.class.php 第 54 行.
INFO: [ view_parse ] --START--
INFO: [ template_filter ] --START--
INFO: Run Behavior\ContentReplaceBehavior [ RunTime:0.000088s ]
INFO: [ template_filter ] --END-- [ RunTime:0.000234s ]
INFO: Run Behavior\ParseTemplateBehavior [ RunTime:0.081888s ]
INFO: [ view_parse ] --END-- [ RunTime:0.082020s ]
INFO: [ view_filter ] --START--
INFO: Run Behavior\WriteHtmlCacheBehavior [ RunTime:0.002235s ]
INFO: [ view_filter ] --END-- [ RunTime:0.002358s ]
INFO: [ app_end ] --START--
INFO: Run Behavior\ShowPageTraceBehavior [ RunTime:0.002302s ]
INFO: [ app_end ] --END-- [ RunTime:0.002471s ]

[ 2017-04-20T14:30:06+08:00 ] 127.0.0.1 /yuan.php?m=Admin&c=User&a=index
INFO: [ app_init ] --START--
INFO: Run Behavior\BuildLiteBehavior [ RunTime:0.000026s ]
INFO: [ app_init ] --END-- [ RunTime:0.001105s ]
INFO: [ app_begin ] --START--
INFO: Run Behavior\ReadHtmlCacheBehavior [ RunTime:0.002076s ]
INFO: [ app_begin ] --END-- [ RunTime:0.002212s ]
SQL: SHOW COLUMNS FROM `dd_config` [ RunTime:0.0104s ]
SQL: SELECT * FROM `dd_config`  [ RunTime:0.0004s ]
SQL: SHOW COLUMNS FROM `dd_user` [ RunTime:0.0101s ]
SQL: SELECT COUNT(*) AS tp_count FROM `dd_user` LIMIT 1   [ RunTime:0.0010s ]
SQL: SELECT * FROM `dd_user` ORDER BY id desc LIMIT 0,25   [ RunTime:0.0012s ]
INFO: [ view_parse ] --START--
INFO: [ template_filter ] --START--
INFO: Run Behavior\ContentReplaceBehavior [ RunTime:0.000089s ]
INFO: [ template_filter ] --END-- [ RunTime:0.000226s ]
NOTIC: [8] Undefined index: mobile D:\UPUPW_NP5.5\vhosts\touzi.com\Application\Runtime\Cache\Admin\65e605872ed5d34210f5b33beb13f5a3.php 第 6 行.
NOTIC: [8] Undefined index: name D:\UPUPW_NP5.5\vhosts\touzi.com\Application\Runtime\Cache\Admin\65e605872ed5d34210f5b33beb13f5a3.php 第 6 行.
NOTIC: [8] Undefined index: id D:\UPUPW_NP5.5\vhosts\touzi.com\Application\Runtime\Cache\Admin\65e605872ed5d34210f5b33beb13f5a3.php 第 6 行.
INFO: Run Behavior\ParseTemplateBehavior [ RunTime:0.133698s ]
INFO: [ view_parse ] --END-- [ RunTime:0.133844s ]
INFO: [ view_filter ] --START--
INFO: Run Behavior\WriteHtmlCacheBehavior [ RunTime:0.002141s ]
INFO: [ view_filter ] --END-- [ RunTime:0.002256s ]
INFO: [ app_end ] --START--
INFO: Run Behavior\ShowPageTraceBehavior [ RunTime:0.002569s ]
INFO: [ app_end ] --END-- [ RunTime:0.002753s ]

[ 2017-04-20T14:43:09+08:00 ] 127.0.0.1 /yuan.php?m=Admin&c=Finance&a=withdraw
INFO: [ app_init ] --START--
INFO: Run Behavior\BuildLiteBehavior [ RunTime:0.000037s ]
INFO: [ app_init ] --END-- [ RunTime:0.001325s ]
INFO: [ app_begin ] --START--
INFO: Run Behavior\ReadHtmlCacheBehavior [ RunTime:0.002128s ]
INFO: [ app_begin ] --END-- [ RunTime:0.002258s ]
SQL: SHOW COLUMNS FROM `dd_config` [ RunTime:0.0112s ]
SQL: SELECT * FROM `dd_config`  [ RunTime:0.0004s ]
SQL: SHOW COLUMNS FROM `dd_withdraw_log` [ RunTime:0.0083s ]
SQL: SELECT COUNT(*) AS tp_count FROM `dd_withdraw_log` LIMIT 1   [ RunTime:0.0002s ]
SQL: SELECT * FROM `dd_withdraw_log` ORDER BY id desc LIMIT 0,25   [ RunTime:0.0006s ]
INFO: [ view_parse ] --START--
INFO: [ template_filter ] --START--
INFO: Run Behavior\ContentReplaceBehavior [ RunTime:0.000086s ]
INFO: [ template_filter ] --END-- [ RunTime:0.000207s ]
NOTIC: [8] Undefined index: user_id D:\UPUPW_NP5.5\vhosts\touzi.com\Application\Runtime\Cache\Admin\53773979b6959bfb350f93d080281a92.php 第 17 行.
NOTIC: [8] Undefined index: status D:\UPUPW_NP5.5\vhosts\touzi.com\Application\Runtime\Cache\Admin\53773979b6959bfb350f93d080281a92.php 第 19 行.
INFO: Run Behavior\ParseTemplateBehavior [ RunTime:0.081512s ]
INFO: [ view_parse ] --END-- [ RunTime:0.081647s ]
INFO: [ view_filter ] --START--
INFO: Run Behavior\WriteHtmlCacheBehavior [ RunTime:0.002220s ]
INFO: [ view_filter ] --END-- [ RunTime:0.002351s ]
INFO: [ app_end ] --START--
INFO: Run Behavior\ShowPageTraceBehavior [ RunTime:0.002722s ]
INFO: [ app_end ] --END-- [ RunTime:0.002875s ]

[ 2017-04-20T14:43:14+08:00 ] 127.0.0.1 /yuan.php?m=Admin&c=Finance&a=expense
INFO: [ app_init ] --START--
INFO: Run Behavior\BuildLiteBehavior [ RunTime:0.000026s ]
INFO: [ app_init ] --END-- [ RunTime:0.000897s ]
INFO: [ app_begin ] --START--
INFO: Run Behavior\ReadHtmlCacheBehavior [ RunTime:0.002306s ]
INFO: [ app_begin ] --END-- [ RunTime:0.002435s ]
SQL: SHOW COLUMNS FROM `dd_config` [ RunTime:0.0130s ]
SQL: SELECT * FROM `dd_config`  [ RunTime:0.0004s ]
SQL: SHOW COLUMNS FROM `dd_expense` [ RunTime:0.0080s ]
SQL: SELECT COUNT(*) AS tp_count FROM `dd_expense` LIMIT 1   [ RunTime:0.0005s ]
SQL: SELECT * FROM `dd_expense` ORDER BY id desc LIMIT 0,25   [ RunTime:0.0004s ]
INFO: [ view_parse ] --START--
INFO: [ template_filter ] --START--
INFO: Run Behavior\ContentReplaceBehavior [ RunTime:0.000086s ]
INFO: [ template_filter ] --END-- [ RunTime:0.000212s ]
NOTIC: [8] Undefined index: user_id D:\UPUPW_NP5.5\vhosts\touzi.com\Application\Runtime\Cache\Admin\54244296d28806171df8c93a025777b7.php 第 17 行.
NOTIC: [8] Undefined index: level D:\UPUPW_NP5.5\vhosts\touzi.com\Application\Runtime\Cache\Admin\54244296d28806171df8c93a025777b7.php 第 20 行.
INFO: Run Behavior\ParseTemplateBehavior [ RunTime:0.079456s ]
INFO: [ view_parse ] --END-- [ RunTime:0.079597s ]
INFO: [ view_filter ] --START--
INFO: Run Behavior\WriteHtmlCacheBehavior [ RunTime:0.002277s ]
INFO: [ view_filter ] --END-- [ RunTime:0.002416s ]
INFO: [ app_end ] --START--
INFO: Run Behavior\ShowPageTraceBehavior [ RunTime:0.002651s ]
INFO: [ app_end ] --END-- [ RunTime:0.002857s ]

[ 2017-04-20T14:43:15+08:00 ] 127.0.0.1 /yuan.php?m=Admin&c=Product&a=buy
INFO: [ app_init ] --START--
INFO: Run Behavior\BuildLiteBehavior [ RunTime:0.000024s ]
INFO: [ app_init ] --END-- [ RunTime:0.000899s ]
INFO: [ app_begin ] --START--
INFO: Run Behavior\ReadHtmlCacheBehavior [ RunTime:0.002115s ]
INFO: [ app_begin ] --END-- [ RunTime:0.002247s ]
SQL: SHOW COLUMNS FROM `dd_config` [ RunTime:0.0106s ]
SQL: SELECT * FROM `dd_config`  [ RunTime:0.0004s ]
SQL: SHOW COLUMNS FROM `dd_buylog` [ RunTime:0.0077s ]
SQL: SELECT COUNT(*) AS tp_count FROM `dd_buylog` LIMIT 1   [ RunTime:0.0003s ]
SQL: SELECT * FROM `dd_buylog` ORDER BY id desc LIMIT 0,25   [ RunTime:0.0010s ]
INFO: [ view_parse ] --START--
INFO: [ template_filter ] --START--
INFO: Run Behavior\ContentReplaceBehavior [ RunTime:0.000084s ]
INFO: [ template_filter ] --END-- [ RunTime:0.000210s ]
INFO: Run Behavior\ParseTemplateBehavior [ RunTime:0.104151s ]
INFO: [ view_parse ] --END-- [ RunTime:0.104348s ]
INFO: [ view_filter ] --START--
INFO: Run Behavior\WriteHtmlCacheBehavior [ RunTime:0.002215s ]
INFO: [ view_filter ] --END-- [ RunTime:0.002338s ]
INFO: [ app_end ] --START--
INFO: Run Behavior\ShowPageTraceBehavior [ RunTime:0.002816s ]
INFO: [ app_end ] --END-- [ RunTime:0.003018s ]

[ 2017-04-20T14:43:17+08:00 ] 127.0.0.1 /yuan.php?m=Admin&c=Product&a=kai
INFO: [ app_init ] --START--
INFO: Run Behavior\BuildLiteBehavior [ RunTime:0.000028s ]
INFO: [ app_init ] --END-- [ RunTime:0.000901s ]
INFO: [ app_begin ] --START--
INFO: Run Behavior\ReadHtmlCacheBehavior [ RunTime:0.002195s ]
INFO: [ app_begin ] --END-- [ RunTime:0.002328s ]
SQL: SHOW COLUMNS FROM `dd_config` [ RunTime:0.0108s ]
SQL: SELECT * FROM `dd_config`  [ RunTime:0.0006s ]
SQL: SHOW COLUMNS FROM `dd_kailog` [ RunTime:0.0078s ]
SQL: SELECT COUNT(*) AS tp_count FROM `dd_kailog` LIMIT 1   [ RunTime:0.0003s ]
SQL: SELECT * FROM `dd_kailog` ORDER BY id desc LIMIT 0,25   [ RunTime:0.0011s ]
INFO: [ view_parse ] --START--
INFO: [ template_filter ] --START--
INFO: Run Behavior\ContentReplaceBehavior [ RunTime:0.000088s ]
INFO: [ template_filter ] --END-- [ RunTime:0.000246s ]
INFO: Run Behavior\ParseTemplateBehavior [ RunTime:0.097532s ]
INFO: [ view_parse ] --END-- [ RunTime:0.097728s ]
INFO: [ view_filter ] --START--
INFO: Run Behavior\WriteHtmlCacheBehavior [ RunTime:0.002143s ]
INFO: [ view_filter ] --END-- [ RunTime:0.002290s ]
INFO: [ app_end ] --START--
INFO: Run Behavior\ShowPageTraceBehavior [ RunTime:0.003375s ]
INFO: [ app_end ] --END-- [ RunTime:0.003592s ]

[ 2017-04-20T14:43:18+08:00 ] 127.0.0.1 /yuan.php?m=Admin&c=Product&a=plant
INFO: [ app_init ] --START--
INFO: Run Behavior\BuildLiteBehavior [ RunTime:0.000027s ]
INFO: [ app_init ] --END-- [ RunTime:0.000887s ]
INFO: [ app_begin ] --START--
INFO: Run Behavior\ReadHtmlCacheBehavior [ RunTime:0.002218s ]
INFO: [ app_begin ] --END-- [ RunTime:0.002348s ]
SQL: SHOW COLUMNS FROM `dd_config` [ RunTime:0.0051s ]
SQL: SELECT * FROM `dd_config`  [ RunTime:0.0004s ]
NOTIC: [8] Undefined variable: where D:\UPUPW_NP5.5\vhosts\touzi.com\Application\Admin\Controller\ProductController.class.php 第 19 行.
SQL: SHOW COLUMNS FROM `dd_plant` [ RunTime:0.0087s ]
SQL: SELECT COUNT(*) AS tp_count FROM `dd_plant` LIMIT 1   [ RunTime:0.0003s ]
SQL: SELECT * FROM `dd_plant` ORDER BY id desc LIMIT 0,25   [ RunTime:0.0004s ]
INFO: [ view_parse ] --START--
INFO: [ template_filter ] --START--
INFO: Run Behavior\ContentReplaceBehavior [ RunTime:0.000086s ]
INFO: [ template_filter ] --END-- [ RunTime:0.000210s ]
INFO: Run Behavior\ParseTemplateBehavior [ RunTime:0.076721s ]
INFO: [ view_parse ] --END-- [ RunTime:0.076857s ]
INFO: [ view_filter ] --START--
INFO: Run Behavior\WriteHtmlCacheBehavior [ RunTime:0.002678s ]
INFO: [ view_filter ] --END-- [ RunTime:0.002808s ]
INFO: [ app_end ] --START--
INFO: Run Behavior\ShowPageTraceBehavior [ RunTime:0.002711s ]
INFO: [ app_end ] --END-- [ RunTime:0.002887s ]

[ 2017-04-20T15:10:31+08:00 ] 127.0.0.1 /yuan.php?m=Admin&c=Config&a=site
INFO: [ app_init ] --START--
INFO: Run Behavior\BuildLiteBehavior [ RunTime:0.000027s ]
INFO: [ app_init ] --END-- [ RunTime:0.000933s ]
INFO: [ app_begin ] --START--
INFO: Run Behavior\ReadHtmlCacheBehavior [ RunTime:0.002938s ]
INFO: [ app_begin ] --END-- [ RunTime:0.003110s ]
SQL: SHOW COLUMNS FROM `dd_config` [ RunTime:0.0142s ]
SQL: SELECT * FROM `dd_config`  [ RunTime:0.0005s ]
INFO: [ view_parse ] --START--
INFO: [ template_filter ] --START--
INFO: Run Behavior\ContentReplaceBehavior [ RunTime:0.000110s ]
INFO: [ template_filter ] --END-- [ RunTime:0.000250s ]
NOTIC: [8] Undefined index: kaijaing D:\UPUPW_NP5.5\vhosts\touzi.com\Application\Runtime\Cache\Admin\e089353d3177b37e965d353d9ef4f07c.php 第 79 行.
INFO: Run Behavior\ParseTemplateBehavior [ RunTime:0.097752s ]
INFO: [ view_parse ] --END-- [ RunTime:0.097891s ]
INFO: [ view_filter ] --START--
INFO: Run Behavior\WriteHtmlCacheBehavior [ RunTime:0.002230s ]
INFO: [ view_filter ] --END-- [ RunTime:0.002357s ]
INFO: [ app_end ] --START--
INFO: Run Behavior\ShowPageTraceBehavior [ RunTime:0.002488s ]
INFO: [ app_end ] --END-- [ RunTime:0.002664s ]

[ 2017-04-20T15:10:38+08:00 ] 127.0.0.1 /yuan.php?m=Admin&c=Config&a=user
INFO: [ app_init ] --START--
INFO: Run Behavior\BuildLiteBehavior [ RunTime:0.000026s ]
INFO: [ app_init ] --END-- [ RunTime:0.000917s ]
INFO: [ app_begin ] --START--
INFO: Run Behavior\ReadHtmlCacheBehavior [ RunTime:0.002063s ]
INFO: [ app_begin ] --END-- [ RunTime:0.002193s ]
SQL: SHOW COLUMNS FROM `dd_config` [ RunTime:0.0112s ]
SQL: SELECT * FROM `dd_config`  [ RunTime:0.0004s ]
INFO: [ view_parse ] --START--
INFO: [ template_filter ] --START--
INFO: Run Behavior\ContentReplaceBehavior [ RunTime:0.000083s ]
INFO: [ template_filter ] --END-- [ RunTime:0.000221s ]
INFO: Run Behavior\ParseTemplateBehavior [ RunTime:0.054922s ]
INFO: [ view_parse ] --END-- [ RunTime:0.055074s ]
INFO: [ view_filter ] --START--
INFO: Run Behavior\WriteHtmlCacheBehavior [ RunTime:0.002055s ]
INFO: [ view_filter ] --END-- [ RunTime:0.002173s ]
INFO: [ app_end ] --START--
INFO: Run Behavior\ShowPageTraceBehavior [ RunTime:0.003235s ]
INFO: [ app_end ] --END-- [ RunTime:0.003458s ]

[ 2017-04-20T15:36:03+08:00 ] 127.0.0.1 /yuan.php?m=Admin&c=Admin&a=clear_cache
INFO: [ app_init ] --START--
INFO: Run Behavior\BuildLiteBehavior [ RunTime:0.000027s ]
INFO: [ app_init ] --END-- [ RunTime:0.000957s ]
INFO: [ app_begin ] --START--
INFO: Run Behavior\ReadHtmlCacheBehavior [ RunTime:0.002162s ]
INFO: [ app_begin ] --END-- [ RunTime:0.002306s ]
SQL: SHOW COLUMNS FROM `dd_config` [ RunTime:0.0121s ]
SQL: SELECT * FROM `dd_config`  [ RunTime:0.0005s ]
NOTIC: [2] unlink(./Application/Runtime/Temp/1c793bf2a64a8b97606dd6f352646fcb.php): No such file or directory D:\UPUPW_NP5.5\vhosts\touzi.com\#DFrame\Library\Think\Cache\Driver\File.class.php 第 313 行.
INFO: [ view_parse ] --START--
INFO: [ template_filter ] --START--
INFO: Run Behavior\ContentReplaceBehavior [ RunTime:0.000084s ]
INFO: [ template_filter ] --END-- [ RunTime:0.000213s ]
INFO: Run Behavior\ParseTemplateBehavior [ RunTime:0.024938s ]
INFO: [ view_parse ] --END-- [ RunTime:0.025108s ]
INFO: [ view_filter ] --START--
INFO: Run Behavior\WriteHtmlCacheBehavior [ RunTime:0.001997s ]
INFO: [ view_filter ] --END-- [ RunTime:0.002147s ]
INFO: [ app_end ] --START--
INFO: Run Behavior\ShowPageTraceBehavior [ RunTime:0.003246s ]
INFO: [ app_end ] --END-- [ RunTime:0.003404s ]

[ 2017-04-20T15:36:04+08:00 ] 127.0.0.1 /yuan.php?m=Admin&c=Config&a=user
INFO: [ app_init ] --START--
INFO: Run Behavior\BuildLiteBehavior [ RunTime:0.000066s ]
INFO: [ app_init ] --END-- [ RunTime:0.002371s ]
INFO: [ app_begin ] --START--
INFO: Run Behavior\ReadHtmlCacheBehavior [ RunTime:0.006551s ]
INFO: [ app_begin ] --END-- [ RunTime:0.006874s ]
SQL: SHOW COLUMNS FROM `dd_config` [ RunTime:0.0117s ]
SQL: SELECT * FROM `dd_config`  [ RunTime:0.0004s ]
INFO: [ view_parse ] --START--
INFO: [ template_filter ] --START--
INFO: Run Behavior\ContentReplaceBehavior [ RunTime:0.000082s ]
INFO: [ template_filter ] --END-- [ RunTime:0.000218s ]
INFO: Run Behavior\ParseTemplateBehavior [ RunTime:0.048193s ]
INFO: [ view_parse ] --END-- [ RunTime:0.048349s ]
INFO: [ view_filter ] --START--
INFO: Run Behavior\WriteHtmlCacheBehavior [ RunTime:0.001988s ]
INFO: [ view_filter ] --END-- [ RunTime:0.002121s ]
INFO: [ app_end ] --START--
INFO: Run Behavior\ShowPageTraceBehavior [ RunTime:0.003082s ]
INFO: [ app_end ] --END-- [ RunTime:0.003351s ]

[ 2017-04-20T15:36:09+08:00 ] 127.0.0.1 /yuan.php?m=Admin&c=Config&a=withdraw
INFO: [ app_init ] --START--
INFO: Run Behavior\BuildLiteBehavior [ RunTime:0.000026s ]
INFO: [ app_init ] --END-- [ RunTime:0.000928s ]
INFO: [ app_begin ] --START--
INFO: Run Behavior\ReadHtmlCacheBehavior [ RunTime:0.002113s ]
INFO: [ app_begin ] --END-- [ RunTime:0.002257s ]
SQL: SHOW COLUMNS FROM `dd_config` [ RunTime:0.0114s ]
SQL: SELECT * FROM `dd_config`  [ RunTime:0.0004s ]
INFO: [ view_parse ] --START--
INFO: [ template_filter ] --START--
INFO: Run Behavior\ContentReplaceBehavior [ RunTime:0.000090s ]
INFO: [ template_filter ] --END-- [ RunTime:0.000219s ]
INFO: Run Behavior\ParseTemplateBehavior [ RunTime:0.056127s ]
INFO: [ view_parse ] --END-- [ RunTime:0.056273s ]
INFO: [ view_filter ] --START--
INFO: Run Behavior\WriteHtmlCacheBehavior [ RunTime:0.001995s ]
INFO: [ view_filter ] --END-- [ RunTime:0.002115s ]
INFO: [ app_end ] --START--
INFO: Run Behavior\ShowPageTraceBehavior [ RunTime:0.002683s ]
INFO: [ app_end ] --END-- [ RunTime:0.002985s ]

[ 2017-04-20T15:36:21+08:00 ] 127.0.0.1 /yuan.php?m=Admin&c=Product&a=plant
INFO: [ app_init ] --START--
INFO: Run Behavior\BuildLiteBehavior [ RunTime:0.000029s ]
INFO: [ app_init ] --END-- [ RunTime:0.000983s ]
INFO: [ app_begin ] --START--
INFO: Run Behavior\ReadHtmlCacheBehavior [ RunTime:0.002522s ]
INFO: [ app_begin ] --END-- [ RunTime:0.002657s ]
SQL: SHOW COLUMNS FROM `dd_config` [ RunTime:0.0104s ]
SQL: SELECT * FROM `dd_config`  [ RunTime:0.0003s ]
NOTIC: [8] Undefined variable: where D:\UPUPW_NP5.5\vhosts\touzi.com\Application\Admin\Controller\ProductController.class.php 第 19 行.
SQL: SHOW COLUMNS FROM `dd_plant` [ RunTime:0.0075s ]
SQL: SELECT COUNT(*) AS tp_count FROM `dd_plant` LIMIT 1   [ RunTime:0.0002s ]
SQL: SELECT * FROM `dd_plant` ORDER BY id desc LIMIT 0,25   [ RunTime:0.0004s ]
INFO: [ view_parse ] --START--
INFO: [ template_filter ] --START--
INFO: Run Behavior\ContentReplaceBehavior [ RunTime:0.000094s ]
INFO: [ template_filter ] --END-- [ RunTime:0.000219s ]
INFO: Run Behavior\ParseTemplateBehavior [ RunTime:0.069075s ]
INFO: [ view_parse ] --END-- [ RunTime:0.069222s ]
INFO: [ view_filter ] --START--
INFO: Run Behavior\WriteHtmlCacheBehavior [ RunTime:0.001991s ]
INFO: [ view_filter ] --END-- [ RunTime:0.002120s ]
INFO: [ app_end ] --START--
INFO: Run Behavior\ShowPageTraceBehavior [ RunTime:0.002422s ]
INFO: [ app_end ] --END-- [ RunTime:0.002584s ]

[ 2017-04-20T15:36:22+08:00 ] 127.0.0.1 /yuan.php?m=Admin&c=User&a=index
INFO: [ app_init ] --START--
INFO: Run Behavior\BuildLiteBehavior [ RunTime:0.000027s ]
INFO: [ app_init ] --END-- [ RunTime:0.000970s ]
INFO: [ app_begin ] --START--
INFO: Run Behavior\ReadHtmlCacheBehavior [ RunTime:0.002079s ]
INFO: [ app_begin ] --END-- [ RunTime:0.002205s ]
SQL: SHOW COLUMNS FROM `dd_config` [ RunTime:0.0105s ]
SQL: SELECT * FROM `dd_config`  [ RunTime:0.0003s ]
SQL: SHOW COLUMNS FROM `dd_user` [ RunTime:0.0078s ]
SQL: SELECT COUNT(*) AS tp_count FROM `dd_user` LIMIT 1   [ RunTime:0.0002s ]
SQL: SELECT * FROM `dd_user` ORDER BY id desc LIMIT 0,25   [ RunTime:0.0005s ]
INFO: [ view_parse ] --START--
INFO: [ template_filter ] --START--
INFO: Run Behavior\ContentReplaceBehavior [ RunTime:0.000090s ]
INFO: [ template_filter ] --END-- [ RunTime:0.000221s ]
NOTIC: [8] Undefined index: mobile D:\UPUPW_NP5.5\vhosts\touzi.com\Application\Runtime\Cache\Admin\65e605872ed5d34210f5b33beb13f5a3.php 第 6 行.
NOTIC: [8] Undefined index: name D:\UPUPW_NP5.5\vhosts\touzi.com\Application\Runtime\Cache\Admin\65e605872ed5d34210f5b33beb13f5a3.php 第 6 行.
NOTIC: [8] Undefined index: id D:\UPUPW_NP5.5\vhosts\touzi.com\Application\Runtime\Cache\Admin\65e605872ed5d34210f5b33beb13f5a3.php 第 6 行.
INFO: Run Behavior\ParseTemplateBehavior [ RunTime:0.118047s ]
INFO: [ view_parse ] --END-- [ RunTime:0.118228s ]
INFO: [ view_filter ] --START--
INFO: Run Behavior\WriteHtmlCacheBehavior [ RunTime:0.004636s ]
INFO: [ view_filter ] --END-- [ RunTime:0.004847s ]
INFO: [ app_end ] --START--
INFO: Run Behavior\ShowPageTraceBehavior [ RunTime:0.004228s ]
INFO: [ app_end ] --END-- [ RunTime:0.004417s ]

[ 2017-04-20T15:36:40+08:00 ] 127.0.0.1 /yuan.php?m=Admin&c=User&a=index
INFO: [ app_init ] --START--
INFO: Run Behavior\BuildLiteBehavior [ RunTime:0.000030s ]
INFO: [ app_init ] --END-- [ RunTime:0.001048s ]
INFO: [ app_begin ] --START--
INFO: Run Behavior\ReadHtmlCacheBehavior [ RunTime:0.002502s ]
INFO: [ app_begin ] --END-- [ RunTime:0.002678s ]
SQL: SHOW COLUMNS FROM `dd_config` [ RunTime:0.0110s ]
SQL: SELECT * FROM `dd_config`  [ RunTime:0.0004s ]
SQL: SHOW COLUMNS FROM `dd_user` [ RunTime:0.0075s ]
SQL: SELECT COUNT(*) AS tp_count FROM `dd_user` LIMIT 1   [ RunTime:0.0003s ]
SQL: SELECT * FROM `dd_user` ORDER BY id desc LIMIT 0,25   [ RunTime:0.0005s ]
INFO: [ view_parse ] --START--
INFO: [ template_filter ] --START--
INFO: Run Behavior\ContentReplaceBehavior [ RunTime:0.000097s ]
INFO: [ template_filter ] --END-- [ RunTime:0.000227s ]
NOTIC: [8] Undefined index: mobile D:\UPUPW_NP5.5\vhosts\touzi.com\Application\Runtime\Cache\Admin\65e605872ed5d34210f5b33beb13f5a3.php 第 6 行.
NOTIC: [8] Undefined index: name D:\UPUPW_NP5.5\vhosts\touzi.com\Application\Runtime\Cache\Admin\65e605872ed5d34210f5b33beb13f5a3.php 第 6 行.
NOTIC: [8] Undefined index: id D:\UPUPW_NP5.5\vhosts\touzi.com\Application\Runtime\Cache\Admin\65e605872ed5d34210f5b33beb13f5a3.php 第 6 行.
INFO: Run Behavior\ParseTemplateBehavior [ RunTime:0.135016s ]
INFO: [ view_parse ] --END-- [ RunTime:0.135152s ]
INFO: [ view_filter ] --START--
INFO: Run Behavior\WriteHtmlCacheBehavior [ RunTime:0.002478s ]
INFO: [ view_filter ] --END-- [ RunTime:0.002646s ]
INFO: [ app_end ] --START--
INFO: Run Behavior\ShowPageTraceBehavior [ RunTime:0.003855s ]
INFO: [ app_end ] --END-- [ RunTime:0.004059s ]

[ 2017-04-20T15:36:43+08:00 ] 127.0.0.1 /yuan.php?m=Admin&c=User&a=charge&id=66
INFO: [ app_init ] --START--
INFO: Run Behavior\BuildLiteBehavior [ RunTime:0.000027s ]
INFO: [ app_init ] --END-- [ RunTime:0.000918s ]
INFO: [ app_begin ] --START--
INFO: Run Behavior\ReadHtmlCacheBehavior [ RunTime:0.003294s ]
INFO: [ app_begin ] --END-- [ RunTime:0.003476s ]
SQL: SHOW COLUMNS FROM `dd_config` [ RunTime:0.0112s ]
SQL: SELECT * FROM `dd_config`  [ RunTime:0.0004s ]
INFO: [ view_parse ] --START--
INFO: [ template_filter ] --START--
INFO: Run Behavior\ContentReplaceBehavior [ RunTime:0.000083s ]
INFO: [ template_filter ] --END-- [ RunTime:0.000220s ]
NOTIC: [8] Undefined index: money D:\UPUPW_NP5.5\vhosts\touzi.com\Application\Runtime\Cache\Admin\0edbdcd3de810f69bf86656951fd919b.php 第 26 行.
NOTIC: [8] Undefined index: remark D:\UPUPW_NP5.5\vhosts\touzi.com\Application\Runtime\Cache\Admin\0edbdcd3de810f69bf86656951fd919b.php 第 32 行.
INFO: Run Behavior\ParseTemplateBehavior [ RunTime:0.051232s ]
INFO: [ view_parse ] --END-- [ RunTime:0.051368s ]
INFO: [ view_filter ] --START--
INFO: Run Behavior\WriteHtmlCacheBehavior [ RunTime:0.002062s ]
INFO: [ view_filter ] --END-- [ RunTime:0.002184s ]
INFO: [ app_end ] --START--
INFO: Run Behavior\ShowPageTraceBehavior [ RunTime:0.003611s ]
INFO: [ app_end ] --END-- [ RunTime:0.003780s ]

[ 2017-04-20T15:37:44+08:00 ] 127.0.0.1 /yuan.php?m=Admin&c=User&a=index
INFO: [ app_init ] --START--
INFO: Run Behavior\BuildLiteBehavior [ RunTime:0.000026s ]
INFO: [ app_init ] --END-- [ RunTime:0.000879s ]
INFO: [ app_begin ] --START--
INFO: Run Behavior\ReadHtmlCacheBehavior [ RunTime:0.002215s ]
INFO: [ app_begin ] --END-- [ RunTime:0.002360s ]
SQL: SHOW COLUMNS FROM `dd_config` [ RunTime:0.0143s ]
SQL: SELECT * FROM `dd_config`  [ RunTime:0.0003s ]
SQL: SHOW COLUMNS FROM `dd_user` [ RunTime:0.0073s ]
SQL: SELECT COUNT(*) AS tp_count FROM `dd_user` LIMIT 1   [ RunTime:0.0003s ]
SQL: SELECT * FROM `dd_user` ORDER BY id desc LIMIT 0,25   [ RunTime:0.0005s ]
INFO: [ view_parse ] --START--
INFO: [ template_filter ] --START--
INFO: Run Behavior\ContentReplaceBehavior [ RunTime:0.000096s ]
INFO: [ template_filter ] --END-- [ RunTime:0.000234s ]
NOTIC: [8] Undefined index: mobile D:\UPUPW_NP5.5\vhosts\touzi.com\Application\Runtime\Cache\Admin\65e605872ed5d34210f5b33beb13f5a3.php 第 6 行.
NOTIC: [8] Undefined index: name D:\UPUPW_NP5.5\vhosts\touzi.com\Application\Runtime\Cache\Admin\65e605872ed5d34210f5b33beb13f5a3.php 第 6 行.
NOTIC: [8] Undefined index: id D:\UPUPW_NP5.5\vhosts\touzi.com\Application\Runtime\Cache\Admin\65e605872ed5d34210f5b33beb13f5a3.php 第 6 行.
INFO: Run Behavior\ParseTemplateBehavior [ RunTime:0.110718s ]
INFO: [ view_parse ] --END-- [ RunTime:0.110855s ]
INFO: [ view_filter ] --START--
INFO: Run Behavior\WriteHtmlCacheBehavior [ RunTime:0.002133s ]
INFO: [ view_filter ] --END-- [ RunTime:0.002251s ]
INFO: [ app_end ] --START--
INFO: Run Behavior\ShowPageTraceBehavior [ RunTime:0.002495s ]
INFO: [ app_end ] --END-- [ RunTime:0.002664s ]

[ 2017-04-20T15:37:54+08:00 ] 127.0.0.1 /yuan.php?m=Admin&c=User&a=index
INFO: [ app_init ] --START--
INFO: Run Behavior\BuildLiteBehavior [ RunTime:0.000025s ]
INFO: [ app_init ] --END-- [ RunTime:0.000882s ]
INFO: [ app_begin ] --START--
INFO: Run Behavior\ReadHtmlCacheBehavior [ RunTime:0.002603s ]
INFO: [ app_begin ] --END-- [ RunTime:0.002785s ]
SQL: SHOW COLUMNS FROM `dd_config` [ RunTime:0.0104s ]
SQL: SELECT * FROM `dd_config`  [ RunTime:0.0004s ]
SQL: SHOW COLUMNS FROM `dd_user` [ RunTime:0.0075s ]
SQL: SELECT COUNT(*) AS tp_count FROM `dd_user` LIMIT 1   [ RunTime:0.0002s ]
SQL: SELECT * FROM `dd_user` ORDER BY id desc LIMIT 0,25   [ RunTime:0.0005s ]
INFO: [ view_parse ] --START--
INFO: [ template_filter ] --START--
INFO: Run Behavior\ContentReplaceBehavior [ RunTime:0.000100s ]
INFO: [ template_filter ] --END-- [ RunTime:0.000242s ]
NOTIC: [8] Undefined index: mobile D:\UPUPW_NP5.5\vhosts\touzi.com\Application\Runtime\Cache\Admin\65e605872ed5d34210f5b33beb13f5a3.php 第 6 行.
NOTIC: [8] Undefined index: name D:\UPUPW_NP5.5\vhosts\touzi.com\Application\Runtime\Cache\Admin\65e605872ed5d34210f5b33beb13f5a3.php 第 6 行.
NOTIC: [8] Undefined index: id D:\UPUPW_NP5.5\vhosts\touzi.com\Application\Runtime\Cache\Admin\65e605872ed5d34210f5b33beb13f5a3.php 第 6 行.
INFO: Run Behavior\ParseTemplateBehavior [ RunTime:0.107856s ]
INFO: [ view_parse ] --END-- [ RunTime:0.107984s ]
INFO: [ view_filter ] --START--
INFO: Run Behavior\WriteHtmlCacheBehavior [ RunTime:0.002872s ]
INFO: [ view_filter ] --END-- [ RunTime:0.002997s ]
INFO: [ app_end ] --START--
INFO: Run Behavior\ShowPageTraceBehavior [ RunTime:0.002665s ]
INFO: [ app_end ] --END-- [ RunTime:0.002851s ]

[ 2017-04-20T15:37:56+08:00 ] 127.0.0.1 /yuan.php?m=Admin&c=Product&a=plant
INFO: [ app_init ] --START--
INFO: Run Behavior\BuildLiteBehavior [ RunTime:0.000027s ]
INFO: [ app_init ] --END-- [ RunTime:0.000920s ]
INFO: [ app_begin ] --START--
INFO: Run Behavior\ReadHtmlCacheBehavior [ RunTime:0.002123s ]
INFO: [ app_begin ] --END-- [ RunTime:0.002254s ]
SQL: SHOW COLUMNS FROM `dd_config` [ RunTime:0.0108s ]
SQL: SELECT * FROM `dd_config`  [ RunTime:0.0004s ]
NOTIC: [8] Undefined variable: where D:\UPUPW_NP5.5\vhosts\touzi.com\Application\Admin\Controller\ProductController.class.php 第 19 行.
SQL: SHOW COLUMNS FROM `dd_plant` [ RunTime:0.0079s ]
SQL: SELECT COUNT(*) AS tp_count FROM `dd_plant` LIMIT 1   [ RunTime:0.0003s ]
SQL: SELECT * FROM `dd_plant` ORDER BY id desc LIMIT 0,25   [ RunTime:0.0004s ]
INFO: [ view_parse ] --START--
INFO: [ template_filter ] --START--
INFO: Run Behavior\ContentReplaceBehavior [ RunTime:0.000144s ]
INFO: [ template_filter ] --END-- [ RunTime:0.000318s ]
INFO: Run Behavior\ParseTemplateBehavior [ RunTime:0.070734s ]
INFO: [ view_parse ] --END-- [ RunTime:0.070874s ]
INFO: [ view_filter ] --START--
INFO: Run Behavior\WriteHtmlCacheBehavior [ RunTime:0.002023s ]
INFO: [ view_filter ] --END-- [ RunTime:0.002142s ]
INFO: [ app_end ] --START--
INFO: Run Behavior\ShowPageTraceBehavior [ RunTime:0.002493s ]
INFO: [ app_end ] --END-- [ RunTime:0.002653s ]

[ 2017-04-20T15:38:19+08:00 ] 127.0.0.1 /yuan.php?m=Admin&c=User&a=index
INFO: [ app_init ] --START--
INFO: Run Behavior\BuildLiteBehavior [ RunTime:0.000026s ]
INFO: [ app_init ] --END-- [ RunTime:0.000913s ]
INFO: [ app_begin ] --START--
INFO: Run Behavior\ReadHtmlCacheBehavior [ RunTime:0.002043s ]
INFO: [ app_begin ] --END-- [ RunTime:0.002171s ]
SQL: SHOW COLUMNS FROM `dd_config` [ RunTime:0.0127s ]
SQL: SELECT * FROM `dd_config`  [ RunTime:0.0004s ]
SQL: SHOW COLUMNS FROM `dd_user` [ RunTime:0.0090s ]
SQL: SELECT COUNT(*) AS tp_count FROM `dd_user` LIMIT 1   [ RunTime:0.0004s ]
SQL: SELECT * FROM `dd_user` ORDER BY id desc LIMIT 0,25   [ RunTime:0.0012s ]
INFO: [ view_parse ] --START--
INFO: [ template_filter ] --START--
INFO: Run Behavior\ContentReplaceBehavior [ RunTime:0.000157s ]
INFO: [ template_filter ] --END-- [ RunTime:0.000323s ]
NOTIC: [8] Undefined index: mobile D:\UPUPW_NP5.5\vhosts\touzi.com\Application\Runtime\Cache\Admin\65e605872ed5d34210f5b33beb13f5a3.php 第 6 行.
NOTIC: [8] Undefined index: name D:\UPUPW_NP5.5\vhosts\touzi.com\Application\Runtime\Cache\Admin\65e605872ed5d34210f5b33beb13f5a3.php 第 6 行.
NOTIC: [8] Undefined index: id D:\UPUPW_NP5.5\vhosts\touzi.com\Application\Runtime\Cache\Admin\65e605872ed5d34210f5b33beb13f5a3.php 第 6 行.
INFO: Run Behavior\ParseTemplateBehavior [ RunTime:0.124800s ]
INFO: [ view_parse ] --END-- [ RunTime:0.124949s ]
INFO: [ view_filter ] --START--
INFO: Run Behavior\WriteHtmlCacheBehavior [ RunTime:0.002151s ]
INFO: [ view_filter ] --END-- [ RunTime:0.002278s ]
INFO: [ app_end ] --START--
INFO: Run Behavior\ShowPageTraceBehavior [ RunTime:0.002537s ]
INFO: [ app_end ] --END-- [ RunTime:0.002680s ]

[ 2017-04-20T15:38:20+08:00 ] 127.0.0.1 /yuan.php?m=Admin&c=User&a=index
INFO: [ app_init ] --START--
INFO: Run Behavior\BuildLiteBehavior [ RunTime:0.000027s ]
INFO: [ app_init ] --END-- [ RunTime:0.000938s ]
INFO: [ app_begin ] --START--
INFO: Run Behavior\ReadHtmlCacheBehavior [ RunTime:0.003032s ]
INFO: [ app_begin ] --END-- [ RunTime:0.003188s ]
SQL: SHOW COLUMNS FROM `dd_config` [ RunTime:0.0117s ]
SQL: SELECT * FROM `dd_config`  [ RunTime:0.0004s ]
SQL: SHOW COLUMNS FROM `dd_user` [ RunTime:0.0076s ]
SQL: SELECT COUNT(*) AS tp_count FROM `dd_user` LIMIT 1   [ RunTime:0.0003s ]
SQL: SELECT * FROM `dd_user` ORDER BY id desc LIMIT 0,25   [ RunTime:0.0005s ]
INFO: [ view_parse ] --START--
INFO: [ template_filter ] --START--
INFO: Run Behavior\ContentReplaceBehavior [ RunTime:0.000099s ]
INFO: [ template_filter ] --END-- [ RunTime:0.000240s ]
NOTIC: [8] Undefined index: mobile D:\UPUPW_NP5.5\vhosts\touzi.com\Application\Runtime\Cache\Admin\65e605872ed5d34210f5b33beb13f5a3.php 第 6 行.
NOTIC: [8] Undefined index: name D:\UPUPW_NP5.5\vhosts\touzi.com\Application\Runtime\Cache\Admin\65e605872ed5d34210f5b33beb13f5a3.php 第 6 行.
NOTIC: [8] Undefined index: id D:\UPUPW_NP5.5\vhosts\touzi.com\Application\Runtime\Cache\Admin\65e605872ed5d34210f5b33beb13f5a3.php 第 6 行.
INFO: Run Behavior\ParseTemplateBehavior [ RunTime:0.108417s ]
INFO: [ view_parse ] --END-- [ RunTime:0.108549s ]
INFO: [ view_filter ] --START--
INFO: Run Behavior\WriteHtmlCacheBehavior [ RunTime:0.002126s ]
INFO: [ view_filter ] --END-- [ RunTime:0.002245s ]
INFO: [ app_end ] --START--
INFO: Run Behavior\ShowPageTraceBehavior [ RunTime:0.002989s ]
INFO: [ app_end ] --END-- [ RunTime:0.003174s ]

[ 2017-04-20T15:42:23+08:00 ] 127.0.0.1 /yuan.php?m=Admin&c=User&a=index
INFO: [ app_init ] --START--
INFO: Run Behavior\BuildLiteBehavior [ RunTime:0.000028s ]
INFO: [ app_init ] --END-- [ RunTime:0.001036s ]
INFO: [ app_begin ] --START--
INFO: Run Behavior\ReadHtmlCacheBehavior [ RunTime:0.003867s ]
INFO: [ app_begin ] --END-- [ RunTime:0.004186s ]
SQL: SHOW COLUMNS FROM `dd_config` [ RunTime:0.0143s ]
SQL: SELECT * FROM `dd_config`  [ RunTime:0.0004s ]
SQL: SHOW COLUMNS FROM `dd_user` [ RunTime:0.0093s ]
SQL: SELECT COUNT(*) AS tp_count FROM `dd_user` LIMIT 1   [ RunTime:0.0004s ]
SQL: SELECT * FROM `dd_user` ORDER BY id desc LIMIT 0,25   [ RunTime:0.0006s ]
INFO: [ view_parse ] --START--
INFO: [ template_filter ] --START--
INFO: Run Behavior\ContentReplaceBehavior [ RunTime:0.000094s ]
INFO: [ template_filter ] --END-- [ RunTime:0.000226s ]
NOTIC: [8] Undefined index: mobile D:\UPUPW_NP5.5\vhosts\touzi.com\Application\Runtime\Cache\Admin\65e605872ed5d34210f5b33beb13f5a3.php 第 6 行.
NOTIC: [8] Undefined index: name D:\UPUPW_NP5.5\vhosts\touzi.com\Application\Runtime\Cache\Admin\65e605872ed5d34210f5b33beb13f5a3.php 第 6 行.
NOTIC: [8] Undefined index: id D:\UPUPW_NP5.5\vhosts\touzi.com\Application\Runtime\Cache\Admin\65e605872ed5d34210f5b33beb13f5a3.php 第 6 行.
INFO: Run Behavior\ParseTemplateBehavior [ RunTime:0.123522s ]
INFO: [ view_parse ] --END-- [ RunTime:0.123698s ]
INFO: [ view_filter ] --START--
INFO: Run Behavior\WriteHtmlCacheBehavior [ RunTime:0.003151s ]
INFO: [ view_filter ] --END-- [ RunTime:0.003338s ]
INFO: [ app_end ] --START--
INFO: Run Behavior\ShowPageTraceBehavior [ RunTime:0.002982s ]
INFO: [ app_end ] --END-- [ RunTime:0.003237s ]

[ 2017-04-20T15:42:32+08:00 ] 127.0.0.1 /yuan.php?m=Admin&c=User&a=index
INFO: [ app_init ] --START--
INFO: Run Behavior\BuildLiteBehavior [ RunTime:0.000029s ]
INFO: [ app_init ] --END-- [ RunTime:0.001070s ]
INFO: [ app_begin ] --START--
INFO: Run Behavior\ReadHtmlCacheBehavior [ RunTime:0.002500s ]
INFO: [ app_begin ] --END-- [ RunTime:0.002675s ]
SQL: SHOW COLUMNS FROM `dd_config` [ RunTime:0.0119s ]
SQL: SELECT * FROM `dd_config`  [ RunTime:0.0004s ]
SQL: SHOW COLUMNS FROM `dd_user` [ RunTime:0.0073s ]
SQL: SELECT COUNT(*) AS tp_count FROM `dd_user` LIMIT 1   [ RunTime:0.0003s ]
SQL: SELECT * FROM `dd_user` ORDER BY id desc LIMIT 0,25   [ RunTime:0.0005s ]
INFO: [ view_parse ] --START--
INFO: [ template_filter ] --START--
INFO: Run Behavior\ContentReplaceBehavior [ RunTime:0.000100s ]
INFO: [ template_filter ] --END-- [ RunTime:0.000229s ]
NOTIC: [8] Undefined index: mobile D:\UPUPW_NP5.5\vhosts\touzi.com\Application\Runtime\Cache\Admin\65e605872ed5d34210f5b33beb13f5a3.php 第 6 行.
NOTIC: [8] Undefined index: name D:\UPUPW_NP5.5\vhosts\touzi.com\Application\Runtime\Cache\Admin\65e605872ed5d34210f5b33beb13f5a3.php 第 6 行.
NOTIC: [8] Undefined index: id D:\UPUPW_NP5.5\vhosts\touzi.com\Application\Runtime\Cache\Admin\65e605872ed5d34210f5b33beb13f5a3.php 第 6 行.
INFO: Run Behavior\ParseTemplateBehavior [ RunTime:0.110231s ]
INFO: [ view_parse ] --END-- [ RunTime:0.110370s ]
INFO: [ view_filter ] --START--
INFO: Run Behavior\WriteHtmlCacheBehavior [ RunTime:0.002067s ]
INFO: [ view_filter ] --END-- [ RunTime:0.002181s ]
INFO: [ app_end ] --START--
INFO: Run Behavior\ShowPageTraceBehavior [ RunTime:0.003018s ]
INFO: [ app_end ] --END-- [ RunTime:0.003184s ]

[ 2017-04-20T15:42:40+08:00 ] 127.0.0.1 /yuan.php?m=Admin&c=User&a=index
INFO: [ app_init ] --START--
INFO: Run Behavior\BuildLiteBehavior [ RunTime:0.000030s ]
INFO: [ app_init ] --END-- [ RunTime:0.001065s ]
INFO: [ app_begin ] --START--
INFO: Run Behavior\ReadHtmlCacheBehavior [ RunTime:0.002137s ]
INFO: [ app_begin ] --END-- [ RunTime:0.002279s ]
SQL: SHOW COLUMNS FROM `dd_config` [ RunTime:0.0112s ]
SQL: SELECT * FROM `dd_config`  [ RunTime:0.0003s ]
SQL: SHOW COLUMNS FROM `dd_user` [ RunTime:0.0080s ]
SQL: SELECT COUNT(*) AS tp_count FROM `dd_user` LIMIT 1   [ RunTime:0.0002s ]
SQL: SELECT * FROM `dd_user` ORDER BY id desc LIMIT 0,25   [ RunTime:0.0005s ]
INFO: [ view_parse ] --START--
INFO: [ template_filter ] --START--
INFO: Run Behavior\ContentReplaceBehavior [ RunTime:0.000096s ]
INFO: [ template_filter ] --END-- [ RunTime:0.000222s ]
NOTIC: [8] Undefined index: mobile D:\UPUPW_NP5.5\vhosts\touzi.com\Application\Runtime\Cache\Admin\65e605872ed5d34210f5b33beb13f5a3.php 第 6 行.
NOTIC: [8] Undefined index: name D:\UPUPW_NP5.5\vhosts\touzi.com\Application\Runtime\Cache\Admin\65e605872ed5d34210f5b33beb13f5a3.php 第 6 行.
NOTIC: [8] Undefined index: id D:\UPUPW_NP5.5\vhosts\touzi.com\Application\Runtime\Cache\Admin\65e605872ed5d34210f5b33beb13f5a3.php 第 6 行.
INFO: Run Behavior\ParseTemplateBehavior [ RunTime:0.128696s ]
INFO: [ view_parse ] --END-- [ RunTime:0.128979s ]
INFO: [ view_filter ] --START--
INFO: Run Behavior\WriteHtmlCacheBehavior [ RunTime:0.002710s ]
INFO: [ view_filter ] --END-- [ RunTime:0.003075s ]
INFO: [ app_end ] --START--
INFO: Run Behavior\ShowPageTraceBehavior [ RunTime:0.002536s ]
INFO: [ app_end ] --END-- [ RunTime:0.002687s ]

[ 2017-04-20T15:42:58+08:00 ] 127.0.0.1 /yuan.php?m=Admin&c=User&a=index
INFO: [ app_init ] --START--
INFO: Run Behavior\BuildLiteBehavior [ RunTime:0.000029s ]
INFO: [ app_init ] --END-- [ RunTime:0.000912s ]
INFO: [ app_begin ] --START--
INFO: Run Behavior\ReadHtmlCacheBehavior [ RunTime:0.002242s ]
INFO: [ app_begin ] --END-- [ RunTime:0.002389s ]
SQL: SHOW COLUMNS FROM `dd_config` [ RunTime:0.0105s ]
SQL: SELECT * FROM `dd_config`  [ RunTime:0.0003s ]
SQL: SHOW COLUMNS FROM `dd_user` [ RunTime:0.0078s ]
SQL: SELECT COUNT(*) AS tp_count FROM `dd_user` LIMIT 1   [ RunTime:0.0003s ]
SQL: SELECT * FROM `dd_user` ORDER BY id desc LIMIT 0,25   [ RunTime:0.0005s ]
INFO: [ view_parse ] --START--
INFO: [ template_filter ] --START--
INFO: Run Behavior\ContentReplaceBehavior [ RunTime:0.000092s ]
INFO: [ template_filter ] --END-- [ RunTime:0.000223s ]
NOTIC: [8] Undefined index: mobile D:\UPUPW_NP5.5\vhosts\touzi.com\Application\Runtime\Cache\Admin\65e605872ed5d34210f5b33beb13f5a3.php 第 6 行.
NOTIC: [8] Undefined index: name D:\UPUPW_NP5.5\vhosts\touzi.com\Application\Runtime\Cache\Admin\65e605872ed5d34210f5b33beb13f5a3.php 第 6 行.
NOTIC: [8] Undefined index: id D:\UPUPW_NP5.5\vhosts\touzi.com\Application\Runtime\Cache\Admin\65e605872ed5d34210f5b33beb13f5a3.php 第 6 行.
INFO: Run Behavior\ParseTemplateBehavior [ RunTime:0.118268s ]
INFO: [ view_parse ] --END-- [ RunTime:0.118418s ]
INFO: [ view_filter ] --START--
INFO: Run Behavior\WriteHtmlCacheBehavior [ RunTime:0.002104s ]
INFO: [ view_filter ] --END-- [ RunTime:0.002226s ]
INFO: [ app_end ] --START--
INFO: Run Behavior\ShowPageTraceBehavior [ RunTime:0.002539s ]
INFO: [ app_end ] --END-- [ RunTime:0.002727s ]

[ 2017-04-20T15:43:01+08:00 ] 127.0.0.1 /yuan.php?m=Admin&c=User&a=edit&id=65
INFO: [ app_init ] --START--
INFO: Run Behavior\BuildLiteBehavior [ RunTime:0.000034s ]
INFO: [ app_init ] --END-- [ RunTime:0.000894s ]
INFO: [ app_begin ] --START--
INFO: Run Behavior\ReadHtmlCacheBehavior [ RunTime:0.002101s ]
INFO: [ app_begin ] --END-- [ RunTime:0.002237s ]
SQL: SHOW COLUMNS FROM `dd_config` [ RunTime:0.0110s ]
SQL: SELECT * FROM `dd_config`  [ RunTime:0.0004s ]
SQL: SHOW COLUMNS FROM `dd_user` [ RunTime:0.0083s ]
SQL: SELECT * FROM `dd_user` WHERE `id` = 65 LIMIT 1   [ RunTime:0.0004s ]
SQL: SELECT * FROM `dd_user` WHERE `id` = 65 LIMIT 1   [ RunTime:0.0003s ]
INFO: [ view_parse ] --START--
INFO: [ template_filter ] --START--
INFO: Run Behavior\ContentReplaceBehavior [ RunTime:0.000089s ]
INFO: [ template_filter ] --END-- [ RunTime:0.000220s ]
NOTIC: [8] Undefined index: name D:\UPUPW_NP5.5\vhosts\touzi.com\Application\Runtime\Cache\Admin\c5c8f88f4330c605468367c8bb60454a.php 第 31 行.
NOTIC: [8] Undefined index: addr D:\UPUPW_NP5.5\vhosts\touzi.com\Application\Runtime\Cache\Admin\c5c8f88f4330c605468367c8bb60454a.php 第 44 行.
NOTIC: [8] Undefined index: create_time D:\UPUPW_NP5.5\vhosts\touzi.com\Application\Runtime\Cache\Admin\c5c8f88f4330c605468367c8bb60454a.php 第 58 行.
INFO: Run Behavior\ParseTemplateBehavior [ RunTime:0.054400s ]
INFO: [ view_parse ] --END-- [ RunTime:0.054538s ]
INFO: [ view_filter ] --START--
INFO: Run Behavior\WriteHtmlCacheBehavior [ RunTime:0.002156s ]
INFO: [ view_filter ] --END-- [ RunTime:0.002273s ]
INFO: [ app_end ] --START--
INFO: Run Behavior\ShowPageTraceBehavior [ RunTime:0.002500s ]
INFO: [ app_end ] --END-- [ RunTime:0.002668s ]

[ 2017-04-20T15:43:02+08:00 ] 127.0.0.1 /yuan.php?m=Admin&c=Product&a=plant
INFO: [ app_init ] --START--
INFO: Run Behavior\BuildLiteBehavior [ RunTime:0.000029s ]
INFO: [ app_init ] --END-- [ RunTime:0.000897s ]
INFO: [ app_begin ] --START--
INFO: Run Behavior\ReadHtmlCacheBehavior [ RunTime:0.002065s ]
INFO: [ app_begin ] --END-- [ RunTime:0.002199s ]
SQL: SHOW COLUMNS FROM `dd_config` [ RunTime:0.0114s ]
SQL: SELECT * FROM `dd_config`  [ RunTime:0.0004s ]
NOTIC: [8] Undefined variable: where D:\UPUPW_NP5.5\vhosts\touzi.com\Application\Admin\Controller\ProductController.class.php 第 19 行.
SQL: SHOW COLUMNS FROM `dd_plant` [ RunTime:0.0081s ]
SQL: SELECT COUNT(*) AS tp_count FROM `dd_plant` LIMIT 1   [ RunTime:0.0002s ]
SQL: SELECT * FROM `dd_plant` ORDER BY id desc LIMIT 0,25   [ RunTime:0.0003s ]
INFO: [ view_parse ] --START--
INFO: [ template_filter ] --START--
INFO: Run Behavior\ContentReplaceBehavior [ RunTime:0.000139s ]
INFO: [ template_filter ] --END-- [ RunTime:0.000357s ]
INFO: Run Behavior\ParseTemplateBehavior [ RunTime:0.070772s ]
INFO: [ view_parse ] --END-- [ RunTime:0.070923s ]
INFO: [ view_filter ] --START--
INFO: Run Behavior\WriteHtmlCacheBehavior [ RunTime:0.002104s ]
INFO: [ view_filter ] --END-- [ RunTime:0.002225s ]
INFO: [ app_end ] --START--
INFO: Run Behavior\ShowPageTraceBehavior [ RunTime:0.002419s ]
INFO: [ app_end ] --END-- [ RunTime:0.002596s ]

[ 2017-04-20T15:43:04+08:00 ] 127.0.0.1 /yuan.php?m=Admin&c=Product&a=plant_edit
INFO: [ app_init ] --START--
INFO: Run Behavior\BuildLiteBehavior [ RunTime:0.000032s ]
INFO: [ app_init ] --END-- [ RunTime:0.001300s ]
INFO: [ app_begin ] --START--
INFO: Run Behavior\ReadHtmlCacheBehavior [ RunTime:0.002440s ]
INFO: [ app_begin ] --END-- [ RunTime:0.002599s ]
SQL: SHOW COLUMNS FROM `dd_config` [ RunTime:0.0112s ]
SQL: SELECT * FROM `dd_config`  [ RunTime:0.0003s ]
SQL: SHOW COLUMNS FROM `dd_plant` [ RunTime:0.0071s ]
NOTIC: [8] Undefined index: id D:\UPUPW_NP5.5\vhosts\touzi.com\Application\Admin\Controller\AdminController.class.php 第 101 行.
INFO: [ view_parse ] --START--
INFO: [ template_filter ] --START--
INFO: Run Behavior\ContentReplaceBehavior [ RunTime:0.000095s ]
INFO: [ template_filter ] --END-- [ RunTime:0.000230s ]
NOTIC: [8] Undefined variable: info D:\UPUPW_NP5.5\vhosts\touzi.com\Application\Runtime\Cache\Admin\fcdabbd78e751e5647beef4e5567ef6a.php 第 20 行.
NOTIC: [8] Undefined variable: info D:\UPUPW_NP5.5\vhosts\touzi.com\Application\Runtime\Cache\Admin\fcdabbd78e751e5647beef4e5567ef6a.php 第 26 行.
NOTIC: [8] Undefined variable: info D:\UPUPW_NP5.5\vhosts\touzi.com\Application\Runtime\Cache\Admin\fcdabbd78e751e5647beef4e5567ef6a.php 第 27 行.
NOTIC: [8] Undefined variable: info D:\UPUPW_NP5.5\vhosts\touzi.com\Application\Runtime\Cache\Admin\fcdabbd78e751e5647beef4e5567ef6a.php 第 38 行.
NOTIC: [8] Undefined variable: info D:\UPUPW_NP5.5\vhosts\touzi.com\Application\Runtime\Cache\Admin\fcdabbd78e751e5647beef4e5567ef6a.php 第 44 行.
NOTIC: [8] Undefined variable: info D:\UPUPW_NP5.5\vhosts\touzi.com\Application\Runtime\Cache\Admin\fcdabbd78e751e5647beef4e5567ef6a.php 第 50 行.
NOTIC: [8] Undefined variable: info D:\UPUPW_NP5.5\vhosts\touzi.com\Application\Runtime\Cache\Admin\fcdabbd78e751e5647beef4e5567ef6a.php 第 56 行.
NOTIC: [8] Undefined variable: info D:\UPUPW_NP5.5\vhosts\touzi.com\Application\Runtime\Cache\Admin\fcdabbd78e751e5647beef4e5567ef6a.php 第 62 行.
NOTIC: [8] Undefined variable: info D:\UPUPW_NP5.5\vhosts\touzi.com\Application\Runtime\Cache\Admin\fcdabbd78e751e5647beef4e5567ef6a.php 第 68 行.
NOTIC: [8] Undefined variable: info D:\UPUPW_NP5.5\vhosts\touzi.com\Application\Runtime\Cache\Admin\fcdabbd78e751e5647beef4e5567ef6a.php 第 75 行.
INFO: Run Behavior\ParseTemplateBehavior [ RunTime:0.065590s ]
INFO: [ view_parse ] --END-- [ RunTime:0.065716s ]
INFO: [ view_filter ] --START--
INFO: Run Behavior\WriteHtmlCacheBehavior [ RunTime:0.002073s ]
INFO: [ view_filter ] --END-- [ RunTime:0.002188s ]
INFO: [ app_end ] --START--
INFO: Run Behavior\ShowPageTraceBehavior [ RunTime:0.002493s ]
INFO: [ app_end ] --END-- [ RunTime:0.002664s ]

[ 2017-04-20T15:43:04+08:00 ] 127.0.0.1 /yuan.php?m=Admin&c=Product&a=upload&event=setPic&url=
INFO: [ app_init ] --START--
INFO: Run Behavior\BuildLiteBehavior [ RunTime:0.000079s ]
INFO: [ app_init ] --END-- [ RunTime:0.004280s ]
INFO: [ app_begin ] --START--
INFO: Run Behavior\ReadHtmlCacheBehavior [ RunTime:0.004064s ]
INFO: [ app_begin ] --END-- [ RunTime:0.004242s ]
SQL: SHOW COLUMNS FROM `dd_config` [ RunTime:0.0080s ]
SQL: SELECT * FROM `dd_config`  [ RunTime:0.0004s ]
INFO: [ view_parse ] --START--
INFO: [ template_filter ] --START--
INFO: Run Behavior\ContentReplaceBehavior [ RunTime:0.000098s ]
INFO: [ template_filter ] --END-- [ RunTime:0.000329s ]
INFO: Run Behavior\ParseTemplateBehavior [ RunTime:0.074979s ]
INFO: [ view_parse ] --END-- [ RunTime:0.075243s ]
INFO: [ view_filter ] --START--
INFO: Run Behavior\WriteHtmlCacheBehavior [ RunTime:0.003969s ]
INFO: [ view_filter ] --END-- [ RunTime:0.004168s ]
INFO: [ app_end ] --START--
INFO: Run Behavior\ShowPageTraceBehavior [ RunTime:0.006050s ]
INFO: [ app_end ] --END-- [ RunTime:0.006303s ]

[ 2017-04-20T15:43:06+08:00 ] 127.0.0.1 /yuan.php?m=Admin&c=Product&a=kai
INFO: [ app_init ] --START--
INFO: Run Behavior\BuildLiteBehavior [ RunTime:0.000027s ]
INFO: [ app_init ] --END-- [ RunTime:0.000966s ]
INFO: [ app_begin ] --START--
INFO: Run Behavior\ReadHtmlCacheBehavior [ RunTime:0.002183s ]
INFO: [ app_begin ] --END-- [ RunTime:0.002313s ]
SQL: SHOW COLUMNS FROM `dd_config` [ RunTime:0.0106s ]
SQL: SELECT * FROM `dd_config`  [ RunTime:0.0004s ]
SQL: SHOW COLUMNS FROM `dd_kailog` [ RunTime:0.0080s ]
SQL: SELECT COUNT(*) AS tp_count FROM `dd_kailog` LIMIT 1   [ RunTime:0.0003s ]
SQL: SELECT * FROM `dd_kailog` ORDER BY id desc LIMIT 0,25   [ RunTime:0.0005s ]
INFO: [ view_parse ] --START--
INFO: [ template_filter ] --START--
INFO: Run Behavior\ContentReplaceBehavior [ RunTime:0.000089s ]
INFO: [ template_filter ] --END-- [ RunTime:0.000216s ]
INFO: Run Behavior\ParseTemplateBehavior [ RunTime:0.084292s ]
INFO: [ view_parse ] --END-- [ RunTime:0.084435s ]
INFO: [ view_filter ] --START--
INFO: Run Behavior\WriteHtmlCacheBehavior [ RunTime:0.002302s ]
INFO: [ view_filter ] --END-- [ RunTime:0.002434s ]
INFO: [ app_end ] --START--
INFO: Run Behavior\ShowPageTraceBehavior [ RunTime:0.002619s ]
INFO: [ app_end ] --END-- [ RunTime:0.002865s ]

[ 2017-04-20T15:43:06+08:00 ] 127.0.0.1 /yuan.php?m=Admin&c=Product&a=buy
INFO: [ app_init ] --START--
INFO: Run Behavior\BuildLiteBehavior [ RunTime:0.000033s ]
INFO: [ app_init ] --END-- [ RunTime:0.001256s ]
INFO: [ app_begin ] --START--
INFO: Run Behavior\ReadHtmlCacheBehavior [ RunTime:0.002112s ]
INFO: [ app_begin ] --END-- [ RunTime:0.002283s ]
SQL: SHOW COLUMNS FROM `dd_config` [ RunTime:0.0102s ]
SQL: SELECT * FROM `dd_config`  [ RunTime:0.0003s ]
SQL: SHOW COLUMNS FROM `dd_buylog` [ RunTime:0.0078s ]
SQL: SELECT COUNT(*) AS tp_count FROM `dd_buylog` LIMIT 1   [ RunTime:0.0003s ]
SQL: SELECT * FROM `dd_buylog` ORDER BY id desc LIMIT 0,25   [ RunTime:0.0004s ]
INFO: [ view_parse ] --START--
INFO: [ template_filter ] --START--
INFO: Run Behavior\ContentReplaceBehavior [ RunTime:0.000187s ]
INFO: [ template_filter ] --END-- [ RunTime:0.000383s ]
INFO: Run Behavior\ParseTemplateBehavior [ RunTime:0.092839s ]
INFO: [ view_parse ] --END-- [ RunTime:0.093007s ]
INFO: [ view_filter ] --START--
INFO: Run Behavior\WriteHtmlCacheBehavior [ RunTime:0.002021s ]
INFO: [ view_filter ] --END-- [ RunTime:0.002143s ]
INFO: [ app_end ] --START--
INFO: Run Behavior\ShowPageTraceBehavior [ RunTime:0.002447s ]
INFO: [ app_end ] --END-- [ RunTime:0.002595s ]

[ 2017-04-20T15:43:07+08:00 ] 127.0.0.1 /yuan.php?m=Admin&c=Finance&a=withdraw
INFO: [ app_init ] --START--
INFO: Run Behavior\BuildLiteBehavior [ RunTime:0.000027s ]
INFO: [ app_init ] --END-- [ RunTime:0.000923s ]
INFO: [ app_begin ] --START--
INFO: Run Behavior\ReadHtmlCacheBehavior [ RunTime:0.002293s ]
INFO: [ app_begin ] --END-- [ RunTime:0.002428s ]
SQL: SHOW COLUMNS FROM `dd_config` [ RunTime:0.0112s ]
SQL: SELECT * FROM `dd_config`  [ RunTime:0.0004s ]
SQL: SHOW COLUMNS FROM `dd_withdraw_log` [ RunTime:0.0084s ]
SQL: SELECT COUNT(*) AS tp_count FROM `dd_withdraw_log` LIMIT 1   [ RunTime:0.0002s ]
SQL: SELECT * FROM `dd_withdraw_log` ORDER BY id desc LIMIT 0,25   [ RunTime:0.0004s ]
INFO: [ view_parse ] --START--
INFO: [ template_filter ] --START--
INFO: Run Behavior\ContentReplaceBehavior [ RunTime:0.000086s ]
INFO: [ template_filter ] --END-- [ RunTime:0.000207s ]
NOTIC: [8] Undefined index: user_id D:\UPUPW_NP5.5\vhosts\touzi.com\Application\Runtime\Cache\Admin\53773979b6959bfb350f93d080281a92.php 第 17 行.
NOTIC: [8] Undefined index: status D:\UPUPW_NP5.5\vhosts\touzi.com\Application\Runtime\Cache\Admin\53773979b6959bfb350f93d080281a92.php 第 19 行.
INFO: Run Behavior\ParseTemplateBehavior [ RunTime:0.069594s ]
INFO: [ view_parse ] --END-- [ RunTime:0.069725s ]
INFO: [ view_filter ] --START--
INFO: Run Behavior\WriteHtmlCacheBehavior [ RunTime:0.001986s ]
INFO: [ view_filter ] --END-- [ RunTime:0.002099s ]
INFO: [ app_end ] --START--
INFO: Run Behavior\ShowPageTraceBehavior [ RunTime:0.002411s ]
INFO: [ app_end ] --END-- [ RunTime:0.002576s ]

[ 2017-04-20T15:43:08+08:00 ] 127.0.0.1 /yuan.php?m=Admin&c=Finance&a=expense
INFO: [ app_init ] --START--
INFO: Run Behavior\BuildLiteBehavior [ RunTime:0.000027s ]
INFO: [ app_init ] --END-- [ RunTime:0.000918s ]
INFO: [ app_begin ] --START--
INFO: Run Behavior\ReadHtmlCacheBehavior [ RunTime:0.002065s ]
INFO: [ app_begin ] --END-- [ RunTime:0.002193s ]
SQL: SHOW COLUMNS FROM `dd_config` [ RunTime:0.0108s ]
SQL: SELECT * FROM `dd_config`  [ RunTime:0.0003s ]
SQL: SHOW COLUMNS FROM `dd_expense` [ RunTime:0.0089s ]
SQL: SELECT COUNT(*) AS tp_count FROM `dd_expense` LIMIT 1   [ RunTime:0.0002s ]
SQL: SELECT * FROM `dd_expense` ORDER BY id desc LIMIT 0,25   [ RunTime:0.0003s ]
INFO: [ view_parse ] --START--
INFO: [ template_filter ] --START--
INFO: Run Behavior\ContentReplaceBehavior [ RunTime:0.000087s ]
INFO: [ template_filter ] --END-- [ RunTime:0.000221s ]
NOTIC: [8] Undefined index: user_id D:\UPUPW_NP5.5\vhosts\touzi.com\Application\Runtime\Cache\Admin\54244296d28806171df8c93a025777b7.php 第 17 行.
NOTIC: [8] Undefined index: level D:\UPUPW_NP5.5\vhosts\touzi.com\Application\Runtime\Cache\Admin\54244296d28806171df8c93a025777b7.php 第 20 行.
INFO: Run Behavior\ParseTemplateBehavior [ RunTime:0.068795s ]
INFO: [ view_parse ] --END-- [ RunTime:0.068935s ]
INFO: [ view_filter ] --START--
INFO: Run Behavior\WriteHtmlCacheBehavior [ RunTime:0.001977s ]
INFO: [ view_filter ] --END-- [ RunTime:0.002091s ]
INFO: [ app_end ] --START--
INFO: Run Behavior\ShowPageTraceBehavior [ RunTime:0.002414s ]
INFO: [ app_end ] --END-- [ RunTime:0.002562s ]

[ 2017-04-20T15:43:08+08:00 ] 127.0.0.1 /yuan.php?m=Admin&c=Autoreply&a=index
INFO: [ app_init ] --START--
INFO: Run Behavior\BuildLiteBehavior [ RunTime:0.000044s ]
INFO: [ app_init ] --END-- [ RunTime:0.001354s ]
INFO: [ app_begin ] --START--
INFO: Run Behavior\ReadHtmlCacheBehavior [ RunTime:0.002437s ]
INFO: [ app_begin ] --END-- [ RunTime:0.002594s ]
SQL: SHOW COLUMNS FROM `dd_config` [ RunTime:0.0049s ]
SQL: SELECT * FROM `dd_config`  [ RunTime:0.0003s ]
SQL: SHOW COLUMNS FROM `dd_autoreply` [ RunTime:0.0072s ]
SQL: SELECT COUNT(*) AS tp_count FROM `dd_autoreply` LIMIT 1   [ RunTime:0.0003s ]
SQL: SELECT * FROM `dd_autoreply` ORDER BY id desc LIMIT 0,25   [ RunTime:0.0003s ]
INFO: [ view_parse ] --START--
INFO: [ template_filter ] --START--
INFO: Run Behavior\ContentReplaceBehavior [ RunTime:0.000084s ]
INFO: [ template_filter ] --END-- [ RunTime:0.000210s ]
INFO: Run Behavior\ParseTemplateBehavior [ RunTime:0.080770s ]
INFO: [ view_parse ] --END-- [ RunTime:0.080915s ]
INFO: [ view_filter ] --START--
INFO: Run Behavior\WriteHtmlCacheBehavior [ RunTime:0.002320s ]
INFO: [ view_filter ] --END-- [ RunTime:0.002443s ]
INFO: [ app_end ] --START--
INFO: Run Behavior\ShowPageTraceBehavior [ RunTime:0.002375s ]
INFO: [ app_end ] --END-- [ RunTime:0.002530s ]

[ 2017-04-20T15:43:09+08:00 ] 127.0.0.1 /yuan.php?m=Admin&c=Selfmenu&a=index
INFO: [ app_init ] --START--
INFO: Run Behavior\BuildLiteBehavior [ RunTime:0.000032s ]
INFO: [ app_init ] --END-- [ RunTime:0.001079s ]
INFO: [ app_begin ] --START--
INFO: Run Behavior\ReadHtmlCacheBehavior [ RunTime:0.002985s ]
INFO: [ app_begin ] --END-- [ RunTime:0.003134s ]
SQL: SHOW COLUMNS FROM `dd_config` [ RunTime:0.0104s ]
SQL: SELECT * FROM `dd_config`  [ RunTime:0.0004s ]
SQL: SHOW COLUMNS FROM `dd_selfmenu` [ RunTime:0.0071s ]
SQL: SELECT COUNT(*) AS tp_count FROM `dd_selfmenu` LIMIT 1   [ RunTime:0.0002s ]
SQL: SELECT * FROM `dd_selfmenu` ORDER BY sort desc LIMIT 0,25   [ RunTime:0.0004s ]
INFO: [ view_parse ] --START--
INFO: [ template_filter ] --START--
INFO: Run Behavior\ContentReplaceBehavior [ RunTime:0.000096s ]
INFO: [ template_filter ] --END-- [ RunTime:0.000223s ]
INFO: Run Behavior\ParseTemplateBehavior [ RunTime:0.075686s ]
INFO: [ view_parse ] --END-- [ RunTime:0.075843s ]
INFO: [ view_filter ] --START--
INFO: Run Behavior\WriteHtmlCacheBehavior [ RunTime:0.002032s ]
INFO: [ view_filter ] --END-- [ RunTime:0.002151s ]
INFO: [ app_end ] --START--
INFO: Run Behavior\ShowPageTraceBehavior [ RunTime:0.002436s ]
INFO: [ app_end ] --END-- [ RunTime:0.002621s ]

[ 2017-04-20T15:43:11+08:00 ] 127.0.0.1 /yuan.php?m=Admin&c=Sms&a=send
INFO: [ app_init ] --START--
INFO: Run Behavior\BuildLiteBehavior [ RunTime:0.000031s ]
INFO: [ app_init ] --END-- [ RunTime:0.001072s ]
INFO: [ app_begin ] --START--
INFO: Run Behavior\ReadHtmlCacheBehavior [ RunTime:0.002148s ]
INFO: [ app_begin ] --END-- [ RunTime:0.002347s ]
SQL: SHOW COLUMNS FROM `dd_config` [ RunTime:0.0099s ]
SQL: SELECT * FROM `dd_config`  [ RunTime:0.0003s ]
INFO: [ view_parse ] --START--
INFO: [ template_filter ] --START--
INFO: Run Behavior\ContentReplaceBehavior [ RunTime:0.000093s ]
INFO: [ template_filter ] --END-- [ RunTime:0.000234s ]
NOTIC: [8] Undefined index: mobile D:\UPUPW_NP5.5\vhosts\touzi.com\Application\Runtime\Cache\Admin\b726adcf6381f95f33055fc7120188e2.php 第 17 行.
NOTIC: [8] Undefined index: msg D:\UPUPW_NP5.5\vhosts\touzi.com\Application\Runtime\Cache\Admin\b726adcf6381f95f33055fc7120188e2.php 第 23 行.
INFO: Run Behavior\ParseTemplateBehavior [ RunTime:0.054014s ]
INFO: [ view_parse ] --END-- [ RunTime:0.054149s ]
INFO: [ view_filter ] --START--
INFO: Run Behavior\WriteHtmlCacheBehavior [ RunTime:0.001995s ]
INFO: [ view_filter ] --END-- [ RunTime:0.002112s ]
INFO: [ app_end ] --START--
INFO: Run Behavior\ShowPageTraceBehavior [ RunTime:0.002962s ]
INFO: [ app_end ] --END-- [ RunTime:0.003169s ]

[ 2017-04-20T15:43:22+08:00 ] 127.0.0.1 /yuan.php?m=Admin&c=Config&a=withdraw
INFO: [ app_init ] --START--
INFO: Run Behavior\BuildLiteBehavior [ RunTime:0.000027s ]
INFO: [ app_init ] --END-- [ RunTime:0.000955s ]
INFO: [ app_begin ] --START--
INFO: Run Behavior\ReadHtmlCacheBehavior [ RunTime:0.002226s ]
INFO: [ app_begin ] --END-- [ RunTime:0.002384s ]
SQL: SHOW COLUMNS FROM `dd_config` [ RunTime:0.0106s ]
SQL: SELECT * FROM `dd_config`  [ RunTime:0.0005s ]
INFO: [ view_parse ] --START--
INFO: [ template_filter ] --START--
INFO: Run Behavior\ContentReplaceBehavior [ RunTime:0.000082s ]
INFO: [ template_filter ] --END-- [ RunTime:0.000208s ]
INFO: Run Behavior\ParseTemplateBehavior [ RunTime:0.051029s ]
INFO: [ view_parse ] --END-- [ RunTime:0.051172s ]
INFO: [ view_filter ] --START--
INFO: Run Behavior\WriteHtmlCacheBehavior [ RunTime:0.001963s ]
INFO: [ view_filter ] --END-- [ RunTime:0.002081s ]
INFO: [ app_end ] --START--
INFO: Run Behavior\ShowPageTraceBehavior [ RunTime:0.002431s ]
INFO: [ app_end ] --END-- [ RunTime:0.002620s ]

[ 2017-04-20T15:43:23+08:00 ] 127.0.0.1 /yuan.php?m=Admin&c=User&a=index
INFO: [ app_init ] --START--
INFO: Run Behavior\BuildLiteBehavior [ RunTime:0.000036s ]
INFO: [ app_init ] --END-- [ RunTime:0.001393s ]
INFO: [ app_begin ] --START--
INFO: Run Behavior\ReadHtmlCacheBehavior [ RunTime:0.002085s ]
INFO: [ app_begin ] --END-- [ RunTime:0.002215s ]
SQL: SHOW COLUMNS FROM `dd_config` [ RunTime:0.0053s ]
SQL: SELECT * FROM `dd_config`  [ RunTime:0.0004s ]
SQL: SHOW COLUMNS FROM `dd_user` [ RunTime:0.0084s ]
SQL: SELECT COUNT(*) AS tp_count FROM `dd_user` LIMIT 1   [ RunTime:0.0002s ]
SQL: SELECT * FROM `dd_user` ORDER BY id desc LIMIT 0,25   [ RunTime:0.0005s ]
INFO: [ view_parse ] --START--
INFO: [ template_filter ] --START--
INFO: Run Behavior\ContentReplaceBehavior [ RunTime:0.000094s ]
INFO: [ template_filter ] --END-- [ RunTime:0.000216s ]
NOTIC: [8] Undefined index: mobile D:\UPUPW_NP5.5\vhosts\touzi.com\Application\Runtime\Cache\Admin\65e605872ed5d34210f5b33beb13f5a3.php 第 6 行.
NOTIC: [8] Undefined index: name D:\UPUPW_NP5.5\vhosts\touzi.com\Application\Runtime\Cache\Admin\65e605872ed5d34210f5b33beb13f5a3.php 第 6 行.
NOTIC: [8] Undefined index: id D:\UPUPW_NP5.5\vhosts\touzi.com\Application\Runtime\Cache\Admin\65e605872ed5d34210f5b33beb13f5a3.php 第 6 行.
INFO: Run Behavior\ParseTemplateBehavior [ RunTime:0.107696s ]
INFO: [ view_parse ] --END-- [ RunTime:0.107826s ]
INFO: [ view_filter ] --START--
INFO: Run Behavior\WriteHtmlCacheBehavior [ RunTime:0.002189s ]
INFO: [ view_filter ] --END-- [ RunTime:0.002310s ]
INFO: [ app_end ] --START--
INFO: Run Behavior\ShowPageTraceBehavior [ RunTime:0.002698s ]
INFO: [ app_end ] --END-- [ RunTime:0.002889s ]

[ 2017-04-20T15:43:24+08:00 ] 127.0.0.1 /yuan.php?m=Admin&c=Config&a=site
INFO: [ app_init ] --START--
INFO: Run Behavior\BuildLiteBehavior [ RunTime:0.000034s ]
INFO: [ app_init ] --END-- [ RunTime:0.000901s ]
INFO: [ app_begin ] --START--
INFO: Run Behavior\ReadHtmlCacheBehavior [ RunTime:0.001997s ]
INFO: [ app_begin ] --END-- [ RunTime:0.002146s ]
SQL: SHOW COLUMNS FROM `dd_config` [ RunTime:0.0102s ]
SQL: SELECT * FROM `dd_config`  [ RunTime:0.0004s ]
INFO: [ view_parse ] --START--
INFO: [ template_filter ] --START--
INFO: Run Behavior\ContentReplaceBehavior [ RunTime:0.000096s ]
INFO: [ template_filter ] --END-- [ RunTime:0.000219s ]
NOTIC: [8] Undefined index: kaijaing D:\UPUPW_NP5.5\vhosts\touzi.com\Application\Runtime\Cache\Admin\e089353d3177b37e965d353d9ef4f07c.php 第 79 行.
INFO: Run Behavior\ParseTemplateBehavior [ RunTime:0.075706s ]
INFO: [ view_parse ] --END-- [ RunTime:0.075839s ]
INFO: [ view_filter ] --START--
INFO: Run Behavior\WriteHtmlCacheBehavior [ RunTime:0.002013s ]
INFO: [ view_filter ] --END-- [ RunTime:0.002131s ]
INFO: [ app_end ] --START--
INFO: Run Behavior\ShowPageTraceBehavior [ RunTime:0.002413s ]
INFO: [ app_end ] --END-- [ RunTime:0.002592s ]

[ 2017-04-20T15:45:22+08:00 ] 127.0.0.1 /yuan.php?m=Admin&c=Config&a=site
INFO: [ app_init ] --START--
INFO: Run Behavior\BuildLiteBehavior [ RunTime:0.000026s ]
INFO: [ app_init ] --END-- [ RunTime:0.000926s ]
INFO: [ app_begin ] --START--
INFO: Run Behavior\ReadHtmlCacheBehavior [ RunTime:0.002522s ]
INFO: [ app_begin ] --END-- [ RunTime:0.002701s ]
SQL: SHOW COLUMNS FROM `dd_config` [ RunTime:0.0125s ]
SQL: SELECT * FROM `dd_config`  [ RunTime:0.0004s ]
INFO: [ view_parse ] --START--
INFO: [ template_filter ] --START--
INFO: Run Behavior\ContentReplaceBehavior [ RunTime:0.000114s ]
INFO: [ template_filter ] --END-- [ RunTime:0.000261s ]
NOTIC: [8] Undefined index: kaijaing D:\UPUPW_NP5.5\vhosts\touzi.com\Application\Runtime\Cache\Admin\e089353d3177b37e965d353d9ef4f07c.php 第 79 行.
NOTIC: [8] Undefined index: f2fpid D:\UPUPW_NP5.5\vhosts\touzi.com\Application\Runtime\Cache\Admin\e089353d3177b37e965d353d9ef4f07c.php 第 140 行.
NOTIC: [8] Undefined index: f2fkey D:\UPUPW_NP5.5\vhosts\touzi.com\Application\Runtime\Cache\Admin\e089353d3177b37e965d353d9ef4f07c.php 第 145 行.
INFO: Run Behavior\ParseTemplateBehavior [ RunTime:0.089203s ]
INFO: [ view_parse ] --END-- [ RunTime:0.089347s ]
INFO: [ view_filter ] --START--
INFO: Run Behavior\WriteHtmlCacheBehavior [ RunTime:0.002025s ]
INFO: [ view_filter ] --END-- [ RunTime:0.002141s ]
INFO: [ app_end ] --START--
INFO: Run Behavior\ShowPageTraceBehavior [ RunTime:0.002462s ]
INFO: [ app_end ] --END-- [ RunTime:0.002680s ]

[ 2017-04-20T15:45:24+08:00 ] 127.0.0.1 /yuan.php?m=Admin&c=Config&a=site
INFO: [ app_init ] --START--
INFO: Run Behavior\BuildLiteBehavior [ RunTime:0.000029s ]
INFO: [ app_init ] --END-- [ RunTime:0.001152s ]
INFO: [ app_begin ] --START--
INFO: Run Behavior\ReadHtmlCacheBehavior [ RunTime:0.002799s ]
INFO: [ app_begin ] --END-- [ RunTime:0.002975s ]
SQL: SHOW COLUMNS FROM `dd_config` [ RunTime:0.0114s ]
SQL: SELECT * FROM `dd_config`  [ RunTime:0.0004s ]
SQL: UPDATE `dd_config` SET `value`='a:16:{s:4:\"name\";s:9:\"猜猜乐\";s:7:\"code_is\";s:1:\"1\";s:8:\"kaijiang\";s:1:\"2\";s:6:\"tixian\";s:1:\"1\";s:7:\"is_site\";s:1:\"1\";s:3:\"url\";s:19:\"http://hb.gntmg.com\";s:6:\"f2fpid\";s:0:\"\";s:6:\"f2fkey\";s:0:\"\";s:9:\"subscribe\";s:24:\"欢迎您关注猜猜乐\";s:10:\"land_price\";s:2:\"20\";s:7:\"expense\";s:6:\"8;3;2;\";s:3:\"tou\";s:1:\"2\";s:4:\"chou\";s:1:\"2\";s:11:\"chou_reward\";s:2:\"65\";s:12:\"chou_expense\";s:2:\"20\";s:9:\"chou_body\";s:184:\"<p>两元抽抽乐，支付2元、或2积分、余额、进行抽奖！每天晚上8点开奖一次！中奖者拿奖池65％奖金！20％推荐人，10％公司网站维护费！</p>\";}' WHERE `name` = 'site' [ RunTime:0.0007s ]
INFO: [ view_parse ] --START--
INFO: [ template_filter ] --START--
INFO: Run Behavior\ContentReplaceBehavior [ RunTime:0.000081s ]
INFO: [ template_filter ] --END-- [ RunTime:0.000226s ]
INFO: Run Behavior\ParseTemplateBehavior [ RunTime:0.016925s ]
INFO: [ view_parse ] --END-- [ RunTime:0.017124s ]
INFO: [ view_filter ] --START--
INFO: Run Behavior\WriteHtmlCacheBehavior [ RunTime:0.002189s ]
INFO: [ view_filter ] --END-- [ RunTime:0.002330s ]

[ 2017-04-20T15:45:26+08:00 ] 127.0.0.1 /yuan.php?m=Admin&c=Config&a=site
INFO: [ app_init ] --START--
INFO: Run Behavior\BuildLiteBehavior [ RunTime:0.000053s ]
INFO: [ app_init ] --END-- [ RunTime:0.002085s ]
INFO: [ app_begin ] --START--
INFO: Run Behavior\ReadHtmlCacheBehavior [ RunTime:0.004827s ]
INFO: [ app_begin ] --END-- [ RunTime:0.005130s ]
SQL: SHOW COLUMNS FROM `dd_config` [ RunTime:0.0185s ]
SQL: SELECT * FROM `dd_config`  [ RunTime:0.0005s ]
INFO: [ view_parse ] --START--
INFO: [ template_filter ] --START--
INFO: Run Behavior\ContentReplaceBehavior [ RunTime:0.000118s ]
INFO: [ template_filter ] --END-- [ RunTime:0.000261s ]
NOTIC: [8] Undefined index: kaijaing D:\UPUPW_NP5.5\vhosts\touzi.com\Application\Runtime\Cache\Admin\e089353d3177b37e965d353d9ef4f07c.php 第 79 行.
INFO: Run Behavior\ParseTemplateBehavior [ RunTime:0.093218s ]
INFO: [ view_parse ] --END-- [ RunTime:0.093418s ]
INFO: [ view_filter ] --START--
INFO: Run Behavior\WriteHtmlCacheBehavior [ RunTime:0.002022s ]
INFO: [ view_filter ] --END-- [ RunTime:0.002145s ]
INFO: [ app_end ] --START--
INFO: Run Behavior\ShowPageTraceBehavior [ RunTime:0.002394s ]
INFO: [ app_end ] --END-- [ RunTime:0.002553s ]

[ 2017-04-20T15:57:04+08:00 ] 127.0.0.1 /yuan.php?m=Admin&c=Config&a=site
INFO: [ app_init ] --START--
INFO: Run Behavior\BuildLiteBehavior [ RunTime:0.000026s ]
INFO: [ app_init ] --END-- [ RunTime:0.000929s ]
INFO: [ app_begin ] --START--
INFO: Run Behavior\ReadHtmlCacheBehavior [ RunTime:0.003128s ]
INFO: [ app_begin ] --END-- [ RunTime:0.003288s ]
SQL: SHOW COLUMNS FROM `dd_config` [ RunTime:0.0125s ]
SQL: SELECT * FROM `dd_config`  [ RunTime:0.0004s ]
SQL: UPDATE `dd_config` SET `value`='a:16:{s:4:\"name\";s:9:\"猜猜乐\";s:7:\"code_is\";s:1:\"1\";s:8:\"kaijiang\";s:1:\"2\";s:6:\"tixian\";s:1:\"1\";s:7:\"is_site\";s:1:\"1\";s:3:\"url\";s:19:\"http://hb.gntmg.com\";s:6:\"f2fpid\";s:10:\"2981240218\";s:6:\"f2fkey\";s:32:\"0662244ab60a19801ac692ec8f0ce229\";s:9:\"subscribe\";s:24:\"欢迎您关注猜猜乐\";s:10:\"land_price\";s:2:\"20\";s:7:\"expense\";s:6:\"8;3;2;\";s:3:\"tou\";s:1:\"2\";s:4:\"chou\";s:1:\"2\";s:11:\"chou_reward\";s:2:\"65\";s:12:\"chou_expense\";s:2:\"20\";s:9:\"chou_body\";s:184:\"<p>两元抽抽乐，支付2元、或2积分、余额、进行抽奖！每天晚上8点开奖一次！中奖者拿奖池65％奖金！20％推荐人，10％公司网站维护费！</p>\";}' WHERE `name` = 'site' [ RunTime:0.0004s ]
INFO: [ view_parse ] --START--
INFO: [ template_filter ] --START--
INFO: Run Behavior\ContentReplaceBehavior [ RunTime:0.000089s ]
INFO: [ template_filter ] --END-- [ RunTime:0.000217s ]
INFO: Run Behavior\ParseTemplateBehavior [ RunTime:0.013863s ]
INFO: [ view_parse ] --END-- [ RunTime:0.014001s ]
INFO: [ view_filter ] --START--
INFO: Run Behavior\WriteHtmlCacheBehavior [ RunTime:0.001971s ]
INFO: [ view_filter ] --END-- [ RunTime:0.002086s ]

[ 2017-04-20T15:57:05+08:00 ] 127.0.0.1 /yuan.php?m=Admin&c=Config&a=site
INFO: [ app_init ] --START--
INFO: Run Behavior\BuildLiteBehavior [ RunTime:0.000034s ]
INFO: [ app_init ] --END-- [ RunTime:0.001172s ]
INFO: [ app_begin ] --START--
INFO: Run Behavior\ReadHtmlCacheBehavior [ RunTime:0.002674s ]
INFO: [ app_begin ] --END-- [ RunTime:0.002845s ]
SQL: SHOW COLUMNS FROM `dd_config` [ RunTime:0.0122s ]
SQL: SELECT * FROM `dd_config`  [ RunTime:0.0004s ]
INFO: [ view_parse ] --START--
INFO: [ template_filter ] --START--
INFO: Run Behavior\ContentReplaceBehavior [ RunTime:0.000107s ]
INFO: [ template_filter ] --END-- [ RunTime:0.000248s ]
NOTIC: [8] Undefined index: kaijaing D:\UPUPW_NP5.5\vhosts\touzi.com\Application\Runtime\Cache\Admin\e089353d3177b37e965d353d9ef4f07c.php 第 79 行.
INFO: Run Behavior\ParseTemplateBehavior [ RunTime:0.104777s ]
INFO: [ view_parse ] --END-- [ RunTime:0.104954s ]
INFO: [ view_filter ] --START--
INFO: Run Behavior\WriteHtmlCacheBehavior [ RunTime:0.004715s ]
INFO: [ view_filter ] --END-- [ RunTime:0.004884s ]
INFO: [ app_end ] --START--
INFO: Run Behavior\ShowPageTraceBehavior [ RunTime:0.002454s ]
INFO: [ app_end ] --END-- [ RunTime:0.002596s ]

[ 2017-04-20T23:20:28+08:00 ] 127.0.0.1 /yuan.php?m=Admin&c=Admin&a=welcome
INFO: [ app_init ] --START--
INFO: Run Behavior\BuildLiteBehavior [ RunTime:0.000025s ]
INFO: [ app_init ] --END-- [ RunTime:0.000906s ]
INFO: [ app_begin ] --START--
INFO: Run Behavior\ReadHtmlCacheBehavior [ RunTime:0.002137s ]
INFO: [ app_begin ] --END-- [ RunTime:0.002270s ]
SQL: SHOW COLUMNS FROM `dd_config` [ RunTime:0.0109s ]
SQL: SELECT * FROM `dd_config`  [ RunTime:0.0004s ]
NOTIC: [8] Undefined variable: info D:\UPUPW_NP5.5\vhosts\touzi.com\Application\Admin\Controller\AdminController.class.php 第 53 行.
INFO: [ view_parse ] --START--
INFO: [ template_filter ] --START--
INFO: Run Behavior\ContentReplaceBehavior [ RunTime:0.000084s ]
INFO: [ template_filter ] --END-- [ RunTime:0.000211s ]
INFO: Run Behavior\ParseTemplateBehavior [ RunTime:0.045203s ]
INFO: [ view_parse ] --END-- [ RunTime:0.045341s ]
INFO: [ view_filter ] --START--
INFO: Run Behavior\WriteHtmlCacheBehavior [ RunTime:0.002182s ]
INFO: [ view_filter ] --END-- [ RunTime:0.002304s ]
INFO: [ app_end ] --START--
INFO: Run Behavior\ShowPageTraceBehavior [ RunTime:0.002190s ]
INFO: [ app_end ] --END-- [ RunTime:0.002360s ]

[ 2017-04-20T23:20:34+08:00 ] 127.0.0.1 /yuan.php?m=Admin&c=User&a=index
INFO: [ app_init ] --START--
INFO: Run Behavior\BuildLiteBehavior [ RunTime:0.000032s ]
INFO: [ app_init ] --END-- [ RunTime:0.001162s ]
INFO: [ app_begin ] --START--
INFO: Run Behavior\ReadHtmlCacheBehavior [ RunTime:0.003061s ]
INFO: [ app_begin ] --END-- [ RunTime:0.003241s ]
SQL: SHOW COLUMNS FROM `dd_config` [ RunTime:0.0114s ]
SQL: SELECT * FROM `dd_config`  [ RunTime:0.0004s ]
SQL: SHOW COLUMNS FROM `dd_user` [ RunTime:0.0078s ]
SQL: SELECT COUNT(*) AS tp_count FROM `dd_user` LIMIT 1   [ RunTime:0.0003s ]
SQL: SELECT * FROM `dd_user` ORDER BY id desc LIMIT 0,25   [ RunTime:0.0006s ]
INFO: [ view_parse ] --START--
INFO: [ template_filter ] --START--
INFO: Run Behavior\ContentReplaceBehavior [ RunTime:0.000093s ]
INFO: [ template_filter ] --END-- [ RunTime:0.000225s ]
NOTIC: [8] Undefined index: mobile D:\UPUPW_NP5.5\vhosts\touzi.com\Application\Runtime\Cache\Admin\65e605872ed5d34210f5b33beb13f5a3.php 第 6 行.
NOTIC: [8] Undefined index: name D:\UPUPW_NP5.5\vhosts\touzi.com\Application\Runtime\Cache\Admin\65e605872ed5d34210f5b33beb13f5a3.php 第 6 行.
NOTIC: [8] Undefined index: id D:\UPUPW_NP5.5\vhosts\touzi.com\Application\Runtime\Cache\Admin\65e605872ed5d34210f5b33beb13f5a3.php 第 6 行.
INFO: Run Behavior\ParseTemplateBehavior [ RunTime:0.113278s ]
INFO: [ view_parse ] --END-- [ RunTime:0.113414s ]
INFO: [ view_filter ] --START--
INFO: Run Behavior\WriteHtmlCacheBehavior [ RunTime:0.002099s ]
INFO: [ view_filter ] --END-- [ RunTime:0.002212s ]
INFO: [ app_end ] --START--
INFO: Run Behavior\ShowPageTraceBehavior [ RunTime:0.002568s ]
INFO: [ app_end ] --END-- [ RunTime:0.002748s ]

[ 2017-04-20T23:20:37+08:00 ] 127.0.0.1 /yuan.php?m=Admin&c=Product&a=plant
INFO: [ app_init ] --START--
INFO: Run Behavior\BuildLiteBehavior [ RunTime:0.000037s ]
INFO: [ app_init ] --END-- [ RunTime:0.001731s ]
INFO: [ app_begin ] --START--
INFO: Run Behavior\ReadHtmlCacheBehavior [ RunTime:0.002240s ]
INFO: [ app_begin ] --END-- [ RunTime:0.002414s ]
SQL: SHOW COLUMNS FROM `dd_config` [ RunTime:0.0117s ]
SQL: SELECT * FROM `dd_config`  [ RunTime:0.0004s ]
NOTIC: [8] Undefined variable: where D:\UPUPW_NP5.5\vhosts\touzi.com\Application\Admin\Controller\ProductController.class.php 第 19 行.
SQL: SHOW COLUMNS FROM `dd_plant` [ RunTime:0.0071s ]
SQL: SELECT COUNT(*) AS tp_count FROM `dd_plant` LIMIT 1   [ RunTime:0.0002s ]
SQL: SELECT * FROM `dd_plant` ORDER BY id desc LIMIT 0,25   [ RunTime:0.0004s ]
INFO: [ view_parse ] --START--
INFO: [ template_filter ] --START--
INFO: Run Behavior\ContentReplaceBehavior [ RunTime:0.000097s ]
INFO: [ template_filter ] --END-- [ RunTime:0.000242s ]
INFO: Run Behavior\ParseTemplateBehavior [ RunTime:0.075307s ]
INFO: [ view_parse ] --END-- [ RunTime:0.075459s ]
INFO: [ view_filter ] --START--
INFO: Run Behavior\WriteHtmlCacheBehavior [ RunTime:0.002444s ]
INFO: [ view_filter ] --END-- [ RunTime:0.002582s ]
INFO: [ app_end ] --START--
INFO: Run Behavior\ShowPageTraceBehavior [ RunTime:0.002774s ]
INFO: [ app_end ] --END-- [ RunTime:0.002941s ]

[ 2017-04-20T23:20:37+08:00 ] 127.0.0.1 /yuan.php?m=Admin&c=Product&a=kai
INFO: [ app_init ] --START--
INFO: Run Behavior\BuildLiteBehavior [ RunTime:0.000028s ]
INFO: [ app_init ] --END-- [ RunTime:0.001247s ]
INFO: [ app_begin ] --START--
INFO: Run Behavior\ReadHtmlCacheBehavior [ RunTime:0.002091s ]
INFO: [ app_begin ] --END-- [ RunTime:0.002218s ]
SQL: SHOW COLUMNS FROM `dd_config` [ RunTime:0.0050s ]
SQL: SELECT * FROM `dd_config`  [ RunTime:0.0004s ]
SQL: SHOW COLUMNS FROM `dd_kailog` [ RunTime:0.0081s ]
SQL: SELECT COUNT(*) AS tp_count FROM `dd_kailog` LIMIT 1   [ RunTime:0.0002s ]
SQL: SELECT * FROM `dd_kailog` ORDER BY id desc LIMIT 0,25   [ RunTime:0.0008s ]
INFO: [ view_parse ] --START--
INFO: [ template_filter ] --START--
INFO: Run Behavior\ContentReplaceBehavior [ RunTime:0.000090s ]
INFO: [ template_filter ] --END-- [ RunTime:0.000224s ]
INFO: Run Behavior\ParseTemplateBehavior [ RunTime:0.083333s ]
INFO: [ view_parse ] --END-- [ RunTime:0.083475s ]
INFO: [ view_filter ] --START--
INFO: Run Behavior\WriteHtmlCacheBehavior [ RunTime:0.001990s ]
INFO: [ view_filter ] --END-- [ RunTime:0.002104s ]
INFO: [ app_end ] --START--
INFO: Run Behavior\ShowPageTraceBehavior [ RunTime:0.002517s ]
INFO: [ app_end ] --END-- [ RunTime:0.002668s ]

[ 2017-04-20T23:20:38+08:00 ] 127.0.0.1 /yuan.php?m=Admin&c=Product&a=buy
INFO: [ app_init ] --START--
INFO: Run Behavior\BuildLiteBehavior [ RunTime:0.000030s ]
INFO: [ app_init ] --END-- [ RunTime:0.001028s ]
INFO: [ app_begin ] --START--
INFO: Run Behavior\ReadHtmlCacheBehavior [ RunTime:0.002082s ]
INFO: [ app_begin ] --END-- [ RunTime:0.002219s ]
SQL: SHOW COLUMNS FROM `dd_config` [ RunTime:0.0105s ]
SQL: SELECT * FROM `dd_config`  [ RunTime:0.0004s ]
SQL: SHOW COLUMNS FROM `dd_buylog` [ RunTime:0.0073s ]
SQL: SELECT COUNT(*) AS tp_count FROM `dd_buylog` LIMIT 1   [ RunTime:0.0003s ]
SQL: SELECT * FROM `dd_buylog` ORDER BY id desc LIMIT 0,25   [ RunTime:0.0005s ]
INFO: [ view_parse ] --START--
INFO: [ template_filter ] --START--
INFO: Run Behavior\ContentReplaceBehavior [ RunTime:0.000090s ]
INFO: [ template_filter ] --END-- [ RunTime:0.000222s ]
INFO: Run Behavior\ParseTemplateBehavior [ RunTime:0.092783s ]
INFO: [ view_parse ] --END-- [ RunTime:0.092922s ]
INFO: [ view_filter ] --START--
INFO: Run Behavior\WriteHtmlCacheBehavior [ RunTime:0.002135s ]
INFO: [ view_filter ] --END-- [ RunTime:0.002256s ]
INFO: [ app_end ] --START--
INFO: Run Behavior\ShowPageTraceBehavior [ RunTime:0.002462s ]
INFO: [ app_end ] --END-- [ RunTime:0.002615s ]

[ 2017-04-20T23:20:41+08:00 ] 127.0.0.1 /yuan.php?m=Admin&c=Finance&a=withdraw
INFO: [ app_init ] --START--
INFO: Run Behavior\BuildLiteBehavior [ RunTime:0.000032s ]
INFO: [ app_init ] --END-- [ RunTime:0.001179s ]
INFO: [ app_begin ] --START--
INFO: Run Behavior\ReadHtmlCacheBehavior [ RunTime:0.002599s ]
INFO: [ app_begin ] --END-- [ RunTime:0.002756s ]
SQL: SHOW COLUMNS FROM `dd_config` [ RunTime:0.0108s ]
SQL: SELECT * FROM `dd_config`  [ RunTime:0.0004s ]
SQL: SHOW COLUMNS FROM `dd_withdraw_log` [ RunTime:0.0076s ]
SQL: SELECT COUNT(*) AS tp_count FROM `dd_withdraw_log` LIMIT 1   [ RunTime:0.0002s ]
SQL: SELECT * FROM `dd_withdraw_log` ORDER BY id desc LIMIT 0,25   [ RunTime:0.0004s ]
INFO: [ view_parse ] --START--
INFO: [ template_filter ] --START--
INFO: Run Behavior\ContentReplaceBehavior [ RunTime:0.000097s ]
INFO: [ template_filter ] --END-- [ RunTime:0.000242s ]
NOTIC: [8] Undefined index: user_id D:\UPUPW_NP5.5\vhosts\touzi.com\Application\Runtime\Cache\Admin\53773979b6959bfb350f93d080281a92.php 第 17 行.
NOTIC: [8] Undefined index: status D:\UPUPW_NP5.5\vhosts\touzi.com\Application\Runtime\Cache\Admin\53773979b6959bfb350f93d080281a92.php 第 19 行.
INFO: Run Behavior\ParseTemplateBehavior [ RunTime:0.077750s ]
INFO: [ view_parse ] --END-- [ RunTime:0.077883s ]
INFO: [ view_filter ] --START--
INFO: Run Behavior\WriteHtmlCacheBehavior [ RunTime:0.002224s ]
INFO: [ view_filter ] --END-- [ RunTime:0.002344s ]
INFO: [ app_end ] --START--
INFO: Run Behavior\ShowPageTraceBehavior [ RunTime:0.002536s ]
INFO: [ app_end ] --END-- [ RunTime:0.002702s ]

[ 2017-04-20T23:20:47+08:00 ] 127.0.0.1 /yuan.php?m=Admin&c=Finance&a=expense
INFO: [ app_init ] --START--
INFO: Run Behavior\BuildLiteBehavior [ RunTime:0.000028s ]
INFO: [ app_init ] --END-- [ RunTime:0.001013s ]
INFO: [ app_begin ] --START--
INFO: Run Behavior\ReadHtmlCacheBehavior [ RunTime:0.002330s ]
INFO: [ app_begin ] --END-- [ RunTime:0.002505s ]
SQL: SHOW COLUMNS FROM `dd_config` [ RunTime:0.0105s ]
SQL: SELECT * FROM `dd_config`  [ RunTime:0.0005s ]
SQL: SHOW COLUMNS FROM `dd_expense` [ RunTime:0.0073s ]
SQL: SELECT COUNT(*) AS tp_count FROM `dd_expense` LIMIT 1   [ RunTime:0.0003s ]
SQL: SELECT * FROM `dd_expense` ORDER BY id desc LIMIT 0,25   [ RunTime:0.0003s ]
INFO: [ view_parse ] --START--
INFO: [ template_filter ] --START--
INFO: Run Behavior\ContentReplaceBehavior [ RunTime:0.000087s ]
INFO: [ template_filter ] --END-- [ RunTime:0.000210s ]
NOTIC: [8] Undefined index: user_id D:\UPUPW_NP5.5\vhosts\touzi.com\Application\Runtime\Cache\Admin\54244296d28806171df8c93a025777b7.php 第 17 行.
NOTIC: [8] Undefined index: level D:\UPUPW_NP5.5\vhosts\touzi.com\Application\Runtime\Cache\Admin\54244296d28806171df8c93a025777b7.php 第 20 行.
INFO: Run Behavior\ParseTemplateBehavior [ RunTime:0.072208s ]
INFO: [ view_parse ] --END-- [ RunTime:0.072336s ]
INFO: [ view_filter ] --START--
INFO: Run Behavior\WriteHtmlCacheBehavior [ RunTime:0.001986s ]
INFO: [ view_filter ] --END-- [ RunTime:0.002100s ]
INFO: [ app_end ] --START--
INFO: Run Behavior\ShowPageTraceBehavior [ RunTime:0.002965s ]
INFO: [ app_end ] --END-- [ RunTime:0.003162s ]

[ 2017-04-20T23:20:48+08:00 ] 127.0.0.1 /yuan.php?m=Admin&c=Autoreply&a=index
INFO: [ app_init ] --START--
INFO: Run Behavior\BuildLiteBehavior [ RunTime:0.000044s ]
INFO: [ app_init ] --END-- [ RunTime:0.001375s ]
INFO: [ app_begin ] --START--
INFO: Run Behavior\ReadHtmlCacheBehavior [ RunTime:0.002340s ]
INFO: [ app_begin ] --END-- [ RunTime:0.002537s ]
SQL: SHOW COLUMNS FROM `dd_config` [ RunTime:0.0110s ]
SQL: SELECT * FROM `dd_config`  [ RunTime:0.0004s ]
SQL: SHOW COLUMNS FROM `dd_autoreply` [ RunTime:0.0078s ]
SQL: SELECT COUNT(*) AS tp_count FROM `dd_autoreply` LIMIT 1   [ RunTime:0.0002s ]
SQL: SELECT * FROM `dd_autoreply` ORDER BY id desc LIMIT 0,25   [ RunTime:0.0003s ]
INFO: [ view_parse ] --START--
INFO: [ template_filter ] --START--
INFO: Run Behavior\ContentReplaceBehavior [ RunTime:0.000095s ]
INFO: [ template_filter ] --END-- [ RunTime:0.000229s ]
INFO: Run Behavior\ParseTemplateBehavior [ RunTime:0.074537s ]
INFO: [ view_parse ] --END-- [ RunTime:0.074674s ]
INFO: [ view_filter ] --START--
INFO: Run Behavior\WriteHtmlCacheBehavior [ RunTime:0.002163s ]
INFO: [ view_filter ] --END-- [ RunTime:0.002287s ]
INFO: [ app_end ] --START--
INFO: Run Behavior\ShowPageTraceBehavior [ RunTime:0.002610s ]
INFO: [ app_end ] --END-- [ RunTime:0.002797s ]

[ 2017-04-20T23:20:49+08:00 ] 127.0.0.1 /yuan.php?m=Admin&c=Selfmenu&a=index
INFO: [ app_init ] --START--
INFO: Run Behavior\BuildLiteBehavior [ RunTime:0.000025s ]
INFO: [ app_init ] --END-- [ RunTime:0.000897s ]
INFO: [ app_begin ] --START--
INFO: Run Behavior\ReadHtmlCacheBehavior [ RunTime:0.002132s ]
INFO: [ app_begin ] --END-- [ RunTime:0.002301s ]
SQL: SHOW COLUMNS FROM `dd_config` [ RunTime:0.0104s ]
SQL: SELECT * FROM `dd_config`  [ RunTime:0.0004s ]
SQL: SHOW COLUMNS FROM `dd_selfmenu` [ RunTime:0.0075s ]
SQL: SELECT COUNT(*) AS tp_count FROM `dd_selfmenu` LIMIT 1   [ RunTime:0.0003s ]
SQL: SELECT * FROM `dd_selfmenu` ORDER BY sort desc LIMIT 0,25   [ RunTime:0.0004s ]
INFO: [ view_parse ] --START--
INFO: [ template_filter ] --START--
INFO: Run Behavior\ContentReplaceBehavior [ RunTime:0.000087s ]
INFO: [ template_filter ] --END-- [ RunTime:0.000214s ]
INFO: Run Behavior\ParseTemplateBehavior [ RunTime:0.069226s ]
INFO: [ view_parse ] --END-- [ RunTime:0.069370s ]
INFO: [ view_filter ] --START--
INFO: Run Behavior\WriteHtmlCacheBehavior [ RunTime:0.002557s ]
INFO: [ view_filter ] --END-- [ RunTime:0.002693s ]
INFO: [ app_end ] --START--
INFO: Run Behavior\ShowPageTraceBehavior [ RunTime:0.002429s ]
INFO: [ app_end ] --END-- [ RunTime:0.002620s ]

[ 2017-04-20T23:21:04+08:00 ] 127.0.0.1 /yuan.php?m=Admin&c=Product&a=buy
INFO: [ app_init ] --START--
INFO: Run Behavior\BuildLiteBehavior [ RunTime:0.000029s ]
INFO: [ app_init ] --END-- [ RunTime:0.000929s ]
INFO: [ app_begin ] --START--
INFO: Run Behavior\ReadHtmlCacheBehavior [ RunTime:0.002157s ]
INFO: [ app_begin ] --END-- [ RunTime:0.002324s ]
SQL: SHOW COLUMNS FROM `dd_config` [ RunTime:0.0108s ]
SQL: SELECT * FROM `dd_config`  [ RunTime:0.0004s ]
SQL: SHOW COLUMNS FROM `dd_buylog` [ RunTime:0.0081s ]
SQL: SELECT COUNT(*) AS tp_count FROM `dd_buylog` LIMIT 1   [ RunTime:0.0003s ]
SQL: SELECT * FROM `dd_buylog` ORDER BY id desc LIMIT 0,25   [ RunTime:0.0006s ]
INFO: [ view_parse ] --START--
INFO: [ template_filter ] --START--
INFO: Run Behavior\ContentReplaceBehavior [ RunTime:0.000090s ]
INFO: [ template_filter ] --END-- [ RunTime:0.000235s ]
INFO: Run Behavior\ParseTemplateBehavior [ RunTime:0.095323s ]
INFO: [ view_parse ] --END-- [ RunTime:0.095499s ]
INFO: [ view_filter ] --START--
INFO: Run Behavior\WriteHtmlCacheBehavior [ RunTime:0.002080s ]
INFO: [ view_filter ] --END-- [ RunTime:0.002206s ]
INFO: [ app_end ] --START--
INFO: Run Behavior\ShowPageTraceBehavior [ RunTime:0.002499s ]
INFO: [ app_end ] --END-- [ RunTime:0.002656s ]

[ 2017-04-20T23:22:30+08:00 ] 127.0.0.1 /yuan.php?m=Admin&c=User&a=index
INFO: [ app_init ] --START--
INFO: Run Behavior\BuildLiteBehavior [ RunTime:0.000029s ]
INFO: [ app_init ] --END-- [ RunTime:0.000912s ]
INFO: [ app_begin ] --START--
INFO: Run Behavior\ReadHtmlCacheBehavior [ RunTime:0.002732s ]
INFO: [ app_begin ] --END-- [ RunTime:0.002893s ]
SQL: SHOW COLUMNS FROM `dd_config` [ RunTime:0.0112s ]
SQL: SELECT * FROM `dd_config`  [ RunTime:0.0004s ]
SQL: SHOW COLUMNS FROM `dd_user` [ RunTime:0.0077s ]
SQL: SELECT COUNT(*) AS tp_count FROM `dd_user` LIMIT 1   [ RunTime:0.0003s ]
SQL: SELECT * FROM `dd_user` ORDER BY id desc LIMIT 0,25   [ RunTime:0.0005s ]
INFO: [ view_parse ] --START--
INFO: [ template_filter ] --START--
INFO: Run Behavior\ContentReplaceBehavior [ RunTime:0.000096s ]
INFO: [ template_filter ] --END-- [ RunTime:0.000227s ]
NOTIC: [8] Undefined index: mobile D:\UPUPW_NP5.5\vhosts\touzi.com\Application\Runtime\Cache\Admin\65e605872ed5d34210f5b33beb13f5a3.php 第 6 行.
NOTIC: [8] Undefined index: name D:\UPUPW_NP5.5\vhosts\touzi.com\Application\Runtime\Cache\Admin\65e605872ed5d34210f5b33beb13f5a3.php 第 6 行.
NOTIC: [8] Undefined index: id D:\UPUPW_NP5.5\vhosts\touzi.com\Application\Runtime\Cache\Admin\65e605872ed5d34210f5b33beb13f5a3.php 第 6 行.
INFO: Run Behavior\ParseTemplateBehavior [ RunTime:0.109569s ]
INFO: [ view_parse ] --END-- [ RunTime:0.109707s ]
INFO: [ view_filter ] --START--
INFO: Run Behavior\WriteHtmlCacheBehavior [ RunTime:0.002447s ]
INFO: [ view_filter ] --END-- [ RunTime:0.002616s ]
INFO: [ app_end ] --START--
INFO: Run Behavior\ShowPageTraceBehavior [ RunTime:0.002539s ]
INFO: [ app_end ] --END-- [ RunTime:0.002695s ]

[ 2017-04-20T23:29:49+08:00 ] 127.0.0.1 /yuan.php?m=Admin&c=Config&a=site
INFO: [ app_init ] --START--
INFO: Run Behavior\BuildLiteBehavior [ RunTime:0.000028s ]
INFO: [ app_init ] --END-- [ RunTime:0.000956s ]
INFO: [ app_begin ] --START--
INFO: Run Behavior\ReadHtmlCacheBehavior [ RunTime:0.002282s ]
INFO: [ app_begin ] --END-- [ RunTime:0.002418s ]
SQL: SHOW COLUMNS FROM `dd_config` [ RunTime:0.0121s ]
SQL: SELECT * FROM `dd_config`  [ RunTime:0.0003s ]
INFO: [ view_parse ] --START--
INFO: [ template_filter ] --START--
INFO: Run Behavior\ContentReplaceBehavior [ RunTime:0.000100s ]
INFO: [ template_filter ] --END-- [ RunTime:0.000229s ]
NOTIC: [8] Undefined index: kaijaing D:\UPUPW_NP5.5\vhosts\touzi.com\Application\Runtime\Cache\Admin\e089353d3177b37e965d353d9ef4f07c.php 第 79 行.
INFO: Run Behavior\ParseTemplateBehavior [ RunTime:0.088230s ]
INFO: [ view_parse ] --END-- [ RunTime:0.088373s ]
INFO: [ view_filter ] --START--
INFO: Run Behavior\WriteHtmlCacheBehavior [ RunTime:0.002292s ]
INFO: [ view_filter ] --END-- [ RunTime:0.002433s ]
INFO: [ app_end ] --START--
INFO: Run Behavior\ShowPageTraceBehavior [ RunTime:0.002924s ]
INFO: [ app_end ] --END-- [ RunTime:0.003093s ]

[ 2017-04-20T23:30:07+08:00 ] 127.0.0.1 /yuan.php?m=Admin&c=Config&a=site
INFO: [ app_init ] --START--
INFO: Run Behavior\BuildLiteBehavior [ RunTime:0.000047s ]
INFO: [ app_init ] --END-- [ RunTime:0.001088s ]
INFO: [ app_begin ] --START--
INFO: Run Behavior\ReadHtmlCacheBehavior [ RunTime:0.002094s ]
INFO: [ app_begin ] --END-- [ RunTime:0.002224s ]
SQL: SHOW COLUMNS FROM `dd_config` [ RunTime:0.0116s ]
SQL: SELECT * FROM `dd_config`  [ RunTime:0.0004s ]
SQL: UPDATE `dd_config` SET `value`='a:16:{s:4:\"name\";s:9:\"猜猜乐\";s:7:\"code_is\";s:1:\"1\";s:8:\"kaijiang\";s:1:\"2\";s:6:\"tixian\";s:1:\"1\";s:7:\"is_site\";s:1:\"1\";s:3:\"url\";s:16:\"http://touzi.com\";s:6:\"f2fpid\";s:10:\"2981240218\";s:6:\"f2fkey\";s:32:\"0662244ab60a19801ac692ec8f0ce229\";s:9:\"subscribe\";s:24:\"欢迎您关注猜猜乐\";s:10:\"land_price\";s:2:\"20\";s:7:\"expense\";s:6:\"8;3;2;\";s:3:\"tou\";s:1:\"2\";s:4:\"chou\";s:1:\"2\";s:11:\"chou_reward\";s:2:\"65\";s:12:\"chou_expense\";s:2:\"20\";s:9:\"chou_body\";s:184:\"<p>两元抽抽乐，支付2元、或2积分、余额、进行抽奖！每天晚上8点开奖一次！中奖者拿奖池65％奖金！20％推荐人，10％公司网站维护费！</p>\";}' WHERE `name` = 'site' [ RunTime:0.0005s ]
INFO: [ view_parse ] --START--
INFO: [ template_filter ] --START--
INFO: Run Behavior\ContentReplaceBehavior [ RunTime:0.000076s ]
INFO: [ template_filter ] --END-- [ RunTime:0.000202s ]
INFO: Run Behavior\ParseTemplateBehavior [ RunTime:0.013336s ]
INFO: [ view_parse ] --END-- [ RunTime:0.013486s ]
INFO: [ view_filter ] --START--
INFO: Run Behavior\WriteHtmlCacheBehavior [ RunTime:0.002640s ]
INFO: [ view_filter ] --END-- [ RunTime:0.002781s ]

[ 2017-04-20T23:30:09+08:00 ] 127.0.0.1 /yuan.php?m=Admin&c=Config&a=site
INFO: [ app_init ] --START--
INFO: Run Behavior\BuildLiteBehavior [ RunTime:0.000081s ]
INFO: [ app_init ] --END-- [ RunTime:0.003314s ]
INFO: [ app_begin ] --START--
INFO: Run Behavior\ReadHtmlCacheBehavior [ RunTime:0.007324s ]
INFO: [ app_begin ] --END-- [ RunTime:0.007667s ]
SQL: SHOW COLUMNS FROM `dd_config` [ RunTime:0.0216s ]
SQL: SELECT * FROM `dd_config`  [ RunTime:0.0007s ]
INFO: [ view_parse ] --START--
INFO: [ template_filter ] --START--
INFO: Run Behavior\ContentReplaceBehavior [ RunTime:0.000120s ]
INFO: [ template_filter ] --END-- [ RunTime:0.000297s ]
NOTIC: [8] Undefined index: kaijaing D:\UPUPW_NP5.5\vhosts\touzi.com\Application\Runtime\Cache\Admin\e089353d3177b37e965d353d9ef4f07c.php 第 79 行.
INFO: Run Behavior\ParseTemplateBehavior [ RunTime:0.104058s ]
INFO: [ view_parse ] --END-- [ RunTime:0.104273s ]
INFO: [ view_filter ] --START--
INFO: Run Behavior\WriteHtmlCacheBehavior [ RunTime:0.002165s ]
INFO: [ view_filter ] --END-- [ RunTime:0.002311s ]
INFO: [ app_end ] --START--
INFO: Run Behavior\ShowPageTraceBehavior [ RunTime:0.002721s ]
INFO: [ app_end ] --END-- [ RunTime:0.002902s ]

