[ 2017-04-21T09:51:17+08:00 ] 127.0.0.1 /yuan.php?m=Admin&c=Admin&a=welcome
INFO: [ app_init ] --START--
INFO: Run Behavior\BuildLiteBehavior [ RunTime:0.000044s ]
INFO: [ app_init ] --END-- [ RunTime:0.001595s ]
INFO: [ app_begin ] --START--
INFO: Run Behavior\ReadHtmlCacheBehavior [ RunTime:0.003062s ]
INFO: [ app_begin ] --END-- [ RunTime:0.003428s ]
INFO: [ view_parse ] --START--
INFO: [ template_filter ] --START--
INFO: Run Behavior\ContentReplaceBehavior [ RunTime:0.000065s ]
INFO: [ template_filter ] --END-- [ RunTime:0.000217s ]
INFO: Run Behavior\ParseTemplateBehavior [ RunTime:0.029789s ]
INFO: [ view_parse ] --END-- [ RunTime:0.029936s ]
INFO: [ view_filter ] --START--
INFO: Run Behavior\WriteHtmlCacheBehavior [ RunTime:0.002034s ]
INFO: [ view_filter ] --END-- [ RunTime:0.002147s ]

[ 2017-04-21T09:51:20+08:00 ] 127.0.0.1 /yuan.php?m=Admin&c=Index&a=login
INFO: [ app_init ] --START--
INFO: Run Behavior\BuildLiteBehavior [ RunTime:0.000026s ]
INFO: [ app_init ] --END-- [ RunTime:0.000898s ]
INFO: [ app_begin ] --START--
INFO: Run Behavior\ReadHtmlCacheBehavior [ RunTime:0.002019s ]
INFO: [ app_begin ] --END-- [ RunTime:0.002152s ]
SQL: SHOW COLUMNS FROM `dd_config` [ RunTime:0.0110s ]
SQL: SELECT * FROM `dd_config`  [ RunTime:0.0004s ]
INFO: [ view_parse ] --START--
INFO: [ template_filter ] --START--
INFO: Run Behavior\ContentReplaceBehavior [ RunTime:0.000074s ]
INFO: [ template_filter ] --END-- [ RunTime:0.000316s ]
INFO: Run Behavior\ParseTemplateBehavior [ RunTime:0.035690s ]
INFO: [ view_parse ] --END-- [ RunTime:0.035846s ]
INFO: [ view_filter ] --START--
INFO: Run Behavior\WriteHtmlCacheBehavior [ RunTime:0.001899s ]
INFO: [ view_filter ] --END-- [ RunTime:0.002012s ]
INFO: [ app_end ] --START--
INFO: Run Behavior\ShowPageTraceBehavior [ RunTime:0.002036s ]
INFO: [ app_end ] --END-- [ RunTime:0.002167s ]

[ 2017-04-21T10:39:11+08:00 ] 127.0.0.1 /yuan.php?m=Admin&c=Index&a=login
INFO: [ app_init ] --START--
INFO: Run Behavior\BuildLiteBehavior [ RunTime:0.000029s ]
INFO: [ app_init ] --END-- [ RunTime:0.011754s ]
INFO: [ app_begin ] --START--
INFO: Run Behavior\ReadHtmlCacheBehavior [ RunTime:0.017822s ]
INFO: [ app_begin ] --END-- [ RunTime:0.017979s ]
SQL: SHOW COLUMNS FROM `dd_config` [ RunTime:0.0158s ]
SQL: SELECT * FROM `dd_config`  [ RunTime:0.0004s ]
INFO: [ view_parse ] --START--
INFO: [ template_filter ] --START--
INFO: Run Behavior\ContentReplaceBehavior [ RunTime:0.000110s ]
INFO: [ template_filter ] --END-- [ RunTime:0.000238s ]
INFO: Run Behavior\ParseTemplateBehavior [ RunTime:0.130065s ]
INFO: [ view_parse ] --END-- [ RunTime:0.130211s ]
INFO: [ view_filter ] --START--
INFO: Run Behavior\WriteHtmlCacheBehavior [ RunTime:0.014129s ]
INFO: [ view_filter ] --END-- [ RunTime:0.014258s ]
INFO: [ app_end ] --START--
INFO: Run Behavior\ShowPageTraceBehavior [ RunTime:0.010464s ]
INFO: [ app_end ] --END-- [ RunTime:0.010597s ]

[ 2017-04-21T10:39:19+08:00 ] 127.0.0.1 /yuan.php?m=Admin&c=Index&a=login
INFO: [ app_init ] --START--
INFO: Run Behavior\BuildLiteBehavior [ RunTime:0.000027s ]
INFO: [ app_init ] --END-- [ RunTime:0.000967s ]
INFO: [ app_begin ] --START--
INFO: Run Behavior\ReadHtmlCacheBehavior [ RunTime:0.002397s ]
INFO: [ app_begin ] --END-- [ RunTime:0.002610s ]
SQL: SHOW COLUMNS FROM `dd_config` [ RunTime:0.0108s ]
SQL: SELECT * FROM `dd_config`  [ RunTime:0.0004s ]

[ 2017-04-21T10:39:19+08:00 ] 127.0.0.1 /yuan.php?m=Admin&c=Admin&a=welcome
INFO: [ app_init ] --START--
INFO: Run Behavior\BuildLiteBehavior [ RunTime:0.000026s ]
INFO: [ app_init ] --END-- [ RunTime:0.000957s ]
INFO: [ app_begin ] --START--
INFO: Run Behavior\ReadHtmlCacheBehavior [ RunTime:0.002030s ]
INFO: [ app_begin ] --END-- [ RunTime:0.002162s ]
SQL: SHOW COLUMNS FROM `dd_config` [ RunTime:0.0053s ]
SQL: SELECT * FROM `dd_config`  [ RunTime:0.0004s ]
NOTIC: [8] Undefined variable: info D:\UPUPW_NP5.5\vhosts\touzi.com\Application\Admin\Controller\AdminController.class.php 第 53 行.
INFO: [ view_parse ] --START--
INFO: [ template_filter ] --START--
INFO: Run Behavior\ContentReplaceBehavior [ RunTime:0.000098s ]
INFO: [ template_filter ] --END-- [ RunTime:0.000225s ]
INFO: Run Behavior\ParseTemplateBehavior [ RunTime:0.077856s ]
INFO: [ view_parse ] --END-- [ RunTime:0.078017s ]
INFO: [ view_filter ] --START--
INFO: Run Behavior\WriteHtmlCacheBehavior [ RunTime:0.002083s ]
INFO: [ view_filter ] --END-- [ RunTime:0.002199s ]
INFO: [ app_end ] --START--
INFO: Run Behavior\ShowPageTraceBehavior [ RunTime:0.002308s ]
INFO: [ app_end ] --END-- [ RunTime:0.002518s ]

[ 2017-04-21T10:39:22+08:00 ] 127.0.0.1 /yuan.php?m=Admin&c=User&a=index
INFO: [ app_init ] --START--
INFO: Run Behavior\BuildLiteBehavior [ RunTime:0.000026s ]
INFO: [ app_init ] --END-- [ RunTime:0.000979s ]
INFO: [ app_begin ] --START--
INFO: Run Behavior\ReadHtmlCacheBehavior [ RunTime:0.002802s ]
INFO: [ app_begin ] --END-- [ RunTime:0.002943s ]
SQL: SHOW COLUMNS FROM `dd_config` [ RunTime:0.0112s ]
SQL: SELECT * FROM `dd_config`  [ RunTime:0.0004s ]
SQL: SHOW COLUMNS FROM `dd_user` [ RunTime:0.0111s ]
SQL: SELECT COUNT(*) AS tp_count FROM `dd_user` LIMIT 1   [ RunTime:0.0004s ]
SQL: SELECT * FROM `dd_user` ORDER BY id desc LIMIT 0,25   [ RunTime:0.0009s ]
INFO: [ view_parse ] --START--
INFO: [ template_filter ] --START--
INFO: Run Behavior\ContentReplaceBehavior [ RunTime:0.000112s ]
INFO: [ template_filter ] --END-- [ RunTime:0.000267s ]
NOTIC: [8] Undefined index: mobile D:\UPUPW_NP5.5\vhosts\touzi.com\Application\Runtime\Cache\Admin\65e605872ed5d34210f5b33beb13f5a3.php 第 6 行.
NOTIC: [8] Undefined index: name D:\UPUPW_NP5.5\vhosts\touzi.com\Application\Runtime\Cache\Admin\65e605872ed5d34210f5b33beb13f5a3.php 第 6 行.
NOTIC: [8] Undefined index: id D:\UPUPW_NP5.5\vhosts\touzi.com\Application\Runtime\Cache\Admin\65e605872ed5d34210f5b33beb13f5a3.php 第 6 行.
INFO: Run Behavior\ParseTemplateBehavior [ RunTime:0.126510s ]
INFO: [ view_parse ] --END-- [ RunTime:0.126649s ]
INFO: [ view_filter ] --START--
INFO: Run Behavior\WriteHtmlCacheBehavior [ RunTime:0.002144s ]
INFO: [ view_filter ] --END-- [ RunTime:0.002260s ]
INFO: [ app_end ] --START--
INFO: Run Behavior\ShowPageTraceBehavior [ RunTime:0.002992s ]
INFO: [ app_end ] --END-- [ RunTime:0.003228s ]

[ 2017-04-21T10:39:24+08:00 ] 127.0.0.1 /yuan.php?m=Admin&c=User&a=edit&id=61
INFO: [ app_init ] --START--
INFO: Run Behavior\BuildLiteBehavior [ RunTime:0.000034s ]
INFO: [ app_init ] --END-- [ RunTime:0.001456s ]
INFO: [ app_begin ] --START--
INFO: Run Behavior\ReadHtmlCacheBehavior [ RunTime:0.002078s ]
INFO: [ app_begin ] --END-- [ RunTime:0.002229s ]
SQL: SHOW COLUMNS FROM `dd_config` [ RunTime:0.0107s ]
SQL: SELECT * FROM `dd_config`  [ RunTime:0.0004s ]
SQL: SHOW COLUMNS FROM `dd_user` [ RunTime:0.0085s ]
SQL: SELECT * FROM `dd_user` WHERE `id` = 61 LIMIT 1   [ RunTime:0.0005s ]
SQL: SELECT * FROM `dd_user` WHERE `id` = 61 LIMIT 1   [ RunTime:0.0003s ]
INFO: [ view_parse ] --START--
INFO: [ template_filter ] --START--
INFO: Run Behavior\ContentReplaceBehavior [ RunTime:0.000084s ]
INFO: [ template_filter ] --END-- [ RunTime:0.000263s ]
NOTIC: [8] Undefined index: name D:\UPUPW_NP5.5\vhosts\touzi.com\Application\Runtime\Cache\Admin\c5c8f88f4330c605468367c8bb60454a.php 第 31 行.
NOTIC: [8] Undefined index: addr D:\UPUPW_NP5.5\vhosts\touzi.com\Application\Runtime\Cache\Admin\c5c8f88f4330c605468367c8bb60454a.php 第 44 行.
NOTIC: [8] Undefined index: create_time D:\UPUPW_NP5.5\vhosts\touzi.com\Application\Runtime\Cache\Admin\c5c8f88f4330c605468367c8bb60454a.php 第 58 行.
INFO: Run Behavior\ParseTemplateBehavior [ RunTime:0.059359s ]
INFO: [ view_parse ] --END-- [ RunTime:0.059492s ]
INFO: [ view_filter ] --START--
INFO: Run Behavior\WriteHtmlCacheBehavior [ RunTime:0.002584s ]
INFO: [ view_filter ] --END-- [ RunTime:0.002719s ]
INFO: [ app_end ] --START--
INFO: Run Behavior\ShowPageTraceBehavior [ RunTime:0.002574s ]
INFO: [ app_end ] --END-- [ RunTime:0.002729s ]

[ 2017-04-21T10:39:35+08:00 ] 127.0.0.1 /yuan.php?m=Admin&c=User&a=edit&id=61
INFO: [ app_init ] --START--
INFO: Run Behavior\BuildLiteBehavior [ RunTime:0.000025s ]
INFO: [ app_init ] --END-- [ RunTime:0.000913s ]
INFO: [ app_begin ] --START--
INFO: Run Behavior\ReadHtmlCacheBehavior [ RunTime:0.002737s ]
INFO: [ app_begin ] --END-- [ RunTime:0.002888s ]
SQL: SHOW COLUMNS FROM `dd_config` [ RunTime:0.0113s ]
SQL: SELECT * FROM `dd_config`  [ RunTime:0.0004s ]
SQL: SHOW COLUMNS FROM `dd_user` [ RunTime:0.0084s ]
SQL: SELECT * FROM `dd_user` WHERE `id` = 61 LIMIT 1   [ RunTime:0.0004s ]
SQL: SELECT * FROM `dd_user` WHERE `id` = 61 LIMIT 1   [ RunTime:0.0003s ]
SQL: UPDATE `dd_user` SET `login_name`='18359602838',`parent1`='58' WHERE `id` = 61 [ RunTime:0.0007s ]
INFO: [ view_parse ] --START--
INFO: [ template_filter ] --START--
INFO: Run Behavior\ContentReplaceBehavior [ RunTime:0.000068s ]
INFO: [ template_filter ] --END-- [ RunTime:0.000196s ]
INFO: Run Behavior\ParseTemplateBehavior [ RunTime:0.040322s ]
INFO: [ view_parse ] --END-- [ RunTime:0.040476s ]
INFO: [ view_filter ] --START--
INFO: Run Behavior\WriteHtmlCacheBehavior [ RunTime:0.002003s ]
INFO: [ view_filter ] --END-- [ RunTime:0.002135s ]

[ 2017-04-21T10:39:37+08:00 ] 127.0.0.1 /yuan.php?m=Admin&c=User&a=index
INFO: [ app_init ] --START--
INFO: Run Behavior\BuildLiteBehavior [ RunTime:0.000025s ]
INFO: [ app_init ] --END-- [ RunTime:0.000910s ]
INFO: [ app_begin ] --START--
INFO: Run Behavior\ReadHtmlCacheBehavior [ RunTime:0.002109s ]
INFO: [ app_begin ] --END-- [ RunTime:0.002243s ]
SQL: SHOW COLUMNS FROM `dd_config` [ RunTime:0.0108s ]
SQL: SELECT * FROM `dd_config`  [ RunTime:0.0004s ]
SQL: SHOW COLUMNS FROM `dd_user` [ RunTime:0.0093s ]
SQL: SELECT COUNT(*) AS tp_count FROM `dd_user` LIMIT 1   [ RunTime:0.0003s ]
SQL: SELECT * FROM `dd_user` ORDER BY id desc LIMIT 0,25   [ RunTime:0.0005s ]
INFO: [ view_parse ] --START--
INFO: [ template_filter ] --START--
INFO: Run Behavior\ContentReplaceBehavior [ RunTime:0.000107s ]
INFO: [ template_filter ] --END-- [ RunTime:0.000232s ]
NOTIC: [8] Undefined index: mobile D:\UPUPW_NP5.5\vhosts\touzi.com\Application\Runtime\Cache\Admin\65e605872ed5d34210f5b33beb13f5a3.php 第 6 行.
NOTIC: [8] Undefined index: name D:\UPUPW_NP5.5\vhosts\touzi.com\Application\Runtime\Cache\Admin\65e605872ed5d34210f5b33beb13f5a3.php 第 6 行.
NOTIC: [8] Undefined index: id D:\UPUPW_NP5.5\vhosts\touzi.com\Application\Runtime\Cache\Admin\65e605872ed5d34210f5b33beb13f5a3.php 第 6 行.
INFO: Run Behavior\ParseTemplateBehavior [ RunTime:0.121470s ]
INFO: [ view_parse ] --END-- [ RunTime:0.121606s ]
INFO: [ view_filter ] --START--
INFO: Run Behavior\WriteHtmlCacheBehavior [ RunTime:0.002081s ]
INFO: [ view_filter ] --END-- [ RunTime:0.002234s ]
INFO: [ app_end ] --START--
INFO: Run Behavior\ShowPageTraceBehavior [ RunTime:0.002865s ]
INFO: [ app_end ] --END-- [ RunTime:0.003060s ]

[ 2017-04-21T14:13:59+08:00 ] 127.0.0.1 /yuan.php?m=Admin&c=Config&a=site
INFO: [ app_init ] --START--
INFO: Run Behavior\BuildLiteBehavior [ RunTime:0.000030s ]
INFO: [ app_init ] --END-- [ RunTime:0.001339s ]
INFO: [ app_begin ] --START--
INFO: Run Behavior\ReadHtmlCacheBehavior [ RunTime:0.003282s ]
INFO: [ app_begin ] --END-- [ RunTime:0.003511s ]
SQL: SHOW COLUMNS FROM `dd_config` [ RunTime:0.0120s ]
SQL: SELECT * FROM `dd_config`  [ RunTime:0.0004s ]
INFO: [ view_parse ] --START--
INFO: [ template_filter ] --START--
INFO: Run Behavior\ContentReplaceBehavior [ RunTime:0.000108s ]
INFO: [ template_filter ] --END-- [ RunTime:0.000241s ]
NOTIC: [8] Undefined index: kaijaing D:\UPUPW_NP5.5\vhosts\touzi.com\Application\Runtime\Cache\Admin\e089353d3177b37e965d353d9ef4f07c.php 第 79 行.
INFO: Run Behavior\ParseTemplateBehavior [ RunTime:0.145779s ]
INFO: [ view_parse ] --END-- [ RunTime:0.145935s ]
INFO: [ view_filter ] --START--
INFO: Run Behavior\WriteHtmlCacheBehavior [ RunTime:0.002333s ]
INFO: [ view_filter ] --END-- [ RunTime:0.002472s ]
INFO: [ app_end ] --START--
INFO: Run Behavior\ShowPageTraceBehavior [ RunTime:0.002665s ]
INFO: [ app_end ] --END-- [ RunTime:0.002880s ]

[ 2017-04-21T14:38:46+08:00 ] 127.0.0.1 /yuan.php?m=Admin&c=Config&a=site
INFO: [ app_init ] --START--
INFO: Run Behavior\BuildLiteBehavior [ RunTime:0.000114s ]
INFO: [ app_init ] --END-- [ RunTime:0.002057s ]
INFO: [ app_begin ] --START--
INFO: Run Behavior\ReadHtmlCacheBehavior [ RunTime:0.003576s ]
INFO: [ app_begin ] --END-- [ RunTime:0.003749s ]
SQL: SHOW COLUMNS FROM `dd_config` [ RunTime:0.0119s ]
SQL: SELECT * FROM `dd_config`  [ RunTime:0.0004s ]
INFO: [ view_parse ] --START--
INFO: [ template_filter ] --START--
INFO: Run Behavior\ContentReplaceBehavior [ RunTime:0.000150s ]
INFO: [ template_filter ] --END-- [ RunTime:0.000366s ]
NOTIC: [8] Undefined index: kaijaing D:\UPUPW_NP5.5\vhosts\touzi.com\Application\Runtime\Cache\Admin\e089353d3177b37e965d353d9ef4f07c.php 第 79 行.
NOTIC: [8] Undefined index: tgurl D:\UPUPW_NP5.5\vhosts\touzi.com\Application\Runtime\Cache\Admin\e089353d3177b37e965d353d9ef4f07c.php 第 140 行.
INFO: Run Behavior\ParseTemplateBehavior [ RunTime:0.117853s ]
INFO: [ view_parse ] --END-- [ RunTime:0.118085s ]
INFO: [ view_filter ] --START--
INFO: Run Behavior\WriteHtmlCacheBehavior [ RunTime:0.003010s ]
INFO: [ view_filter ] --END-- [ RunTime:0.003143s ]
INFO: [ app_end ] --START--
INFO: Run Behavior\ShowPageTraceBehavior [ RunTime:0.002590s ]
INFO: [ app_end ] --END-- [ RunTime:0.002788s ]

